Using pre-set license
Built from '2020.3/staging' branch; Version is '2020.3.18f1 (a7d1c678663c) revision 10998214'; Using compiler version '192528614'; Build Type 'Release'
OS: 'Windows 10 Home; OS build 19042.1165; Version 2009; 64bit' Language: 'ru' Physical Memory: 8034 MB
BatchMode: 1, IsHumanControllingUs: 0, StartBugReporterOnCrash: 0, Is64bit: 1, IsPro: 0

COMMAND LINE ARGUMENTS:
C:\Program Files\Unity\Hub\Editor\2020.3.18f1\Editor\Unity.exe
-adb2
-batchMode
-noUpm
-name
AssetImportWorker9
-projectPath
E:/IT/Games/UnityGames/AstromaMaze/AstromaMazeMobile
-logFile
Logs/AssetImportWorker9.log
-srvPort
61115
Successfully changed project path to: E:/IT/Games/UnityGames/AstromaMaze/AstromaMazeMobile
E:/IT/Games/UnityGames/AstromaMaze/AstromaMazeMobile
Using Asset Import Pipeline V2.
Refreshing native plugins compatible for Editor in 125.11 ms, found 2 plugins.
Preloading 0 native plugins for Editor in 0.00 ms.
Initialize engine version: 2020.3.18f1 (a7d1c678663c)
[Subsystems] Discovering subsystems at path C:/Program Files/Unity/Hub/Editor/2020.3.18f1/Editor/Data/Resources/UnitySubsystems
[Subsystems] Discovering subsystems at path E:/IT/Games/UnityGames/AstromaMaze/AstromaMazeMobile/Assets
GfxDevice: creating device client; threaded=0
Direct3D:
    Version:  Direct3D 11.0 [level 11.1]
    Renderer: NVIDIA GeForce GTX 1050 (ID=0x1c91)
    Vendor:   
    VRAM:     2996 MB
    Driver:   27.21.14.6677
Initialize mono
Mono path[0] = 'C:/Program Files/Unity/Hub/Editor/2020.3.18f1/Editor/Data/Managed'
Mono path[1] = 'C:/Program Files/Unity/Hub/Editor/2020.3.18f1/Editor/Data/MonoBleedingEdge/lib/mono/unityjit'
Mono config path = 'C:/Program Files/Unity/Hub/Editor/2020.3.18f1/Editor/Data/MonoBleedingEdge/etc'
Using monoOptions --debugger-agent=transport=dt_socket,embedding=1,server=y,suspend=n,address=127.0.0.1:56836
Begin MonoManager ReloadAssembly
Registering precompiled unity dll's ...
Register platform support module: C:/Program Files/Unity/Hub/Editor/2020.3.18f1/Editor/Data/PlaybackEngines/WindowsStandaloneSupport/UnityEditor.WindowsStandalone.Extensions.dll
Registered in 0.004170 seconds.
Native extension for WindowsStandalone target not found
Refreshing native plugins compatible for Editor in 117.56 ms, found 2 plugins.
Preloading 0 native plugins for Editor in 0.00 ms.
Mono: successfully reloaded assembly
- Completed reload, in  3.050 seconds
Domain Reload Profiling:
	ReloadAssembly (3051ms)
		BeginReloadAssembly (89ms)
			ExecutionOrderSort (0ms)
			DisableScriptedObjects (0ms)
			BackupInstance (0ms)
			ReleaseScriptingObjects (0ms)
			CreateAndSetChildDomain (1ms)
		EndReloadAssembly (779ms)
			LoadAssemblies (86ms)
			RebuildTransferFunctionScriptingTraits (0ms)
			SetupTypeCache (269ms)
			ReleaseScriptCaches (0ms)
			RebuildScriptCaches (55ms)
			SetupLoadedEditorAssemblies (332ms)
				LogAssemblyErrors (0ms)
				InitializePlatformSupportModulesInManaged (6ms)
				SetLoadedEditorAssemblies (0ms)
				RefreshPlugins (118ms)
				BeforeProcessingInitializeOnLoad (28ms)
				ProcessInitializeOnLoadAttributes (133ms)
				ProcessInitializeOnLoadMethodAttributes (46ms)
				AfterProcessingInitializeOnLoad (0ms)
				EditorAssembliesLoaded (0ms)
			ExecutionOrderSort2 (0ms)
			AwakeInstancesAfterBackupRestoration (0ms)
Platform modules already initialized, skipping
Registering precompiled user dll's ...
Registered in 0.006664 seconds.
Begin MonoManager ReloadAssembly
Native extension for WindowsStandalone target not found
Refreshing native plugins compatible for Editor in 108.30 ms, found 2 plugins.
Preloading 0 native plugins for Editor in 0.00 ms.
Mono: successfully reloaded assembly
- Completed reload, in  2.700 seconds
Domain Reload Profiling:
	ReloadAssembly (2701ms)
		BeginReloadAssembly (284ms)
			ExecutionOrderSort (0ms)
			DisableScriptedObjects (7ms)
			BackupInstance (0ms)
			ReleaseScriptingObjects (0ms)
			CreateAndSetChildDomain (32ms)
		EndReloadAssembly (2309ms)
			LoadAssemblies (168ms)
			RebuildTransferFunctionScriptingTraits (0ms)
			SetupTypeCache (662ms)
			ReleaseScriptCaches (1ms)
			RebuildScriptCaches (100ms)
			SetupLoadedEditorAssemblies (1173ms)
				LogAssemblyErrors (0ms)
				InitializePlatformSupportModulesInManaged (6ms)
				SetLoadedEditorAssemblies (0ms)
				RefreshPlugins (108ms)
				BeforeProcessingInitializeOnLoad (197ms)
				ProcessInitializeOnLoadAttributes (842ms)
				ProcessInitializeOnLoadMethodAttributes (8ms)
				AfterProcessingInitializeOnLoad (10ms)
				EditorAssembliesLoaded (0ms)
			ExecutionOrderSort2 (0ms)
			AwakeInstancesAfterBackupRestoration (11ms)
Platform modules already initialized, skipping
========================================================================
Worker process is ready to serve import requests
Launched and connected shader compiler UnityShaderCompiler.exe after 1.66 seconds
Refreshing native plugins compatible for Editor in 1.16 ms, found 2 plugins.
Preloading 0 native plugins for Editor in 0.00 ms.
Unloading 3926 Unused Serialized files (Serialized files now loaded: 0)
System memory in use before: 166.3 MB.
System memory in use after: 166.5 MB.

Unloading 21 unused Assets to reduce memory usage. Loaded Objects now: 4358.
Total: 6.201000 ms (FindLiveObjects: 0.503600 ms CreateObjectMapping: 0.283900 ms MarkObjects: 5.293900 ms  DeleteObjects: 0.118100 ms)

AssetImportParameters requested are different than current active one (requested -> active):
  custom:framework-win-MediaFoundation: 216162199b28c13a410421893ffa2e32 -> 
  custom:video-decoder-ogg-theora: a1e56fd34408186e4bbccfd4996cb3dc -> 
  custom:container-muxer-webm: aa71ff27fc2769a1b78a27578f13a17b -> 
  custom:container-demuxer-webm: 4f35f7cbe854078d1ac9338744f61a02 -> 
  custom:container-demuxer-ogg: 62fdf1f143b41e24485cea50d1cbac27 -> 
  custom:video-encoder-webm-vp8: eb34c28f22e8b96e1ab97ce403110664 -> 
  custom:video-decoder-webm-vp8: 9c59270c3fd7afecdb556c50c9e8de78 -> 
  custom:audio-decoder-ogg-vorbis: bf7c407c2cedff20999df2af8eb42d56 -> 
  custom:audio-encoder-webm-vorbis: bf7c407c2cedff20999df2af8eb42d56 -> 
========================================================================
Received Import Request.
  path: Assets/Models/EasyJoystick/Sprites/JOYSTICK1_W.png
  artifactKey: Guid(1b822dc3db331384c9a558fef510a92f) Importer(815301076,1909f56bfc062723c751e8b465ee728b)
Start importing Assets/Models/EasyJoystick/Sprites/JOYSTICK1_W.png using Guid(1b822dc3db331384c9a558fef510a92f) Importer(815301076,1909f56bfc062723c751e8b465ee728b)  -> (artifact id: 'c69e5dff06a5ef08b1bc7a14bf18eed4') in 0.648061 seconds 
  Import took 0.751792 seconds .

========================================================================
Received Import Request.
  Time since last request: 0.000467 seconds.
  path: Assets/Models/EasyJoystick/Sprites/JOYSTICK1_B.png
  artifactKey: Guid(0f0b6e2911a111e4cb67373065cc9041) Importer(815301076,1909f56bfc062723c751e8b465ee728b)
Start importing Assets/Models/EasyJoystick/Sprites/JOYSTICK1_B.png using Guid(0f0b6e2911a111e4cb67373065cc9041) Importer(815301076,1909f56bfc062723c751e8b465ee728b)  -> (artifact id: '6b0345ed492303787e403c6f9abceea2') in 0.145165 seconds 
  Import took 0.246501 seconds .

========================================================================
Received Import Request.
  Time since last request: 0.000398 seconds.
  path: Assets/Models/EasyJoystick/Sprites/JOYSTICK2_W.png
  artifactKey: Guid(cc15e1dcc29a977448874e914abdd66a) Importer(815301076,1909f56bfc062723c751e8b465ee728b)
Start importing Assets/Models/EasyJoystick/Sprites/JOYSTICK2_W.png using Guid(cc15e1dcc29a977448874e914abdd66a) Importer(815301076,1909f56bfc062723c751e8b465ee728b)  -> (artifact id: 'd677aabb2708ec763f9a5d6f0f383154') in 0.086965 seconds 
  Import took 0.158128 seconds .

========================================================================
Received Import Request.
  Time since last request: 0.000394 seconds.
  path: Assets/Models/EasyJoystick/Sprites/JOYSTICK3.png
  artifactKey: Guid(f77eea8d7c323034da88550c630d0d64) Importer(815301076,1909f56bfc062723c751e8b465ee728b)
Start importing Assets/Models/EasyJoystick/Sprites/JOYSTICK3.png using Guid(f77eea8d7c323034da88550c630d0d64) Importer(815301076,1909f56bfc062723c751e8b465ee728b)  -> (artifact id: '5ef25fba8a4f0243f28a87112e6d4b1b') in 0.039655 seconds 
  Import took 0.107854 seconds .

========================================================================
Received Import Request.
  Time since last request: 0.000454 seconds.
  path: Assets/Models/EasyJoystick/Sprites/JOYSTICK5.png
  artifactKey: Guid(8e2f993d2a2835c46b5b12ff742cd78b) Importer(815301076,1909f56bfc062723c751e8b465ee728b)
Start importing Assets/Models/EasyJoystick/Sprites/JOYSTICK5.png using Guid(8e2f993d2a2835c46b5b12ff742cd78b) Importer(815301076,1909f56bfc062723c751e8b465ee728b)  -> (artifact id: 'c65d2ace523e6b39435f57e47653e78b') in 0.185477 seconds 
  Import took 0.217317 seconds .

========================================================================
Received Import Request.
  Time since last request: 0.000404 seconds.
  path: Assets/Models/EasyJoystick/Sprites/JOYSTICK4.png
  artifactKey: Guid(1fe101dfc4cdbc245a2bcf5d356beaf8) Importer(815301076,1909f56bfc062723c751e8b465ee728b)
Start importing Assets/Models/EasyJoystick/Sprites/JOYSTICK4.png using Guid(1fe101dfc4cdbc245a2bcf5d356beaf8) Importer(815301076,1909f56bfc062723c751e8b465ee728b)  -> (artifact id: '2782a17c98102c2d4a2cf32bd4bbbb12') in 0.035978 seconds 
  Import took 0.093101 seconds .

========================================================================
Received Import Request.
  Time since last request: 0.000400 seconds.
  path: Assets/Models/EasyJoystick/Sprites/JOYSTICK2_B.png
  artifactKey: Guid(f6e1f3f797607574d9193c297eee9cbb) Importer(815301076,1909f56bfc062723c751e8b465ee728b)
Start importing Assets/Models/EasyJoystick/Sprites/JOYSTICK2_B.png using Guid(f6e1f3f797607574d9193c297eee9cbb) Importer(815301076,1909f56bfc062723c751e8b465ee728b)  -> (artifact id: '9fa398b9037020af4021b76cf2b2dac2') in 0.034712 seconds 
  Import took 0.085018 seconds .

========================================================================
Received Import Request.
  Time since last request: 0.000394 seconds.
  path: Assets/Prefabs/UI/Joystick.prefab
  artifactKey: Guid(5d6dc268426164049823dc3e85cb8e58) Importer(815301076,1909f56bfc062723c751e8b465ee728b)
Start importing Assets/Prefabs/UI/Joystick.prefab using Guid(5d6dc268426164049823dc3e85cb8e58) Importer(815301076,1909f56bfc062723c751e8b465ee728b)  -> (artifact id: 'fe7a38fffc1e1b7a7a31d3681d9199cd') in 0.065112 seconds 
  Import took 0.109340 seconds .

========================================================================
Received Import Request.
  Time since last request: 208.280124 seconds.
  path: Assets/Scenes/Level2.unity
  artifactKey: Guid(9b10356896b58c74bb596062fb19963e) Importer(815301076,1909f56bfc062723c751e8b465ee728b)
Start importing Assets/Scenes/Level2.unity using Guid(9b10356896b58c74bb596062fb19963e) Importer(815301076,1909f56bfc062723c751e8b465ee728b)  -> (artifact id: '5b68a00a9e5c8212a7e2a1b90b4fc8ac') in 0.011524 seconds 
  Import took 0.066041 seconds .

========================================================================
Received Import Request.
  Time since last request: 17.311026 seconds.
  path: Assets/Scenes/LevelSelection.unity
  artifactKey: Guid(9c01d4853fa6fc24c8e424dd8f071049) Importer(815301076,1909f56bfc062723c751e8b465ee728b)
Start importing Assets/Scenes/LevelSelection.unity using Guid(9c01d4853fa6fc24c8e424dd8f071049) Importer(815301076,1909f56bfc062723c751e8b465ee728b)  -> (artifact id: 'a4ff8a4ee91bf7d29126eed45b86de3b') in 0.011740 seconds 
  Import took 0.031549 seconds .

========================================================================
Received Prepare
Registering precompiled user dll's ...
Registered in 0.130697 seconds.
Begin MonoManager ReloadAssembly
Native extension for WindowsStandalone target not found
Refreshing native plugins compatible for Editor in 1.26 ms, found 2 plugins.
Preloading 0 native plugins for Editor in 0.00 ms.
Mono: successfully reloaded assembly
- Completed reload, in  2.510 seconds
Domain Reload Profiling:
	ReloadAssembly (2511ms)
		BeginReloadAssembly (216ms)
			ExecutionOrderSort (0ms)
			DisableScriptedObjects (8ms)
			BackupInstance (0ms)
			ReleaseScriptingObjects (0ms)
			CreateAndSetChildDomain (77ms)
		EndReloadAssembly (2180ms)
			LoadAssemblies (175ms)
			RebuildTransferFunctionScriptingTraits (0ms)
			SetupTypeCache (749ms)
			ReleaseScriptCaches (2ms)
			RebuildScriptCaches (87ms)
			SetupLoadedEditorAssemblies (695ms)
				LogAssemblyErrors (0ms)
				InitializePlatformSupportModulesInManaged (8ms)
				SetLoadedEditorAssemblies (1ms)
				RefreshPlugins (1ms)
				BeforeProcessingInitializeOnLoad (169ms)
				ProcessInitializeOnLoadAttributes (493ms)
				ProcessInitializeOnLoadMethodAttributes (12ms)
				AfterProcessingInitializeOnLoad (9ms)
				EditorAssembliesLoaded (0ms)
			ExecutionOrderSort2 (0ms)
			AwakeInstancesAfterBackupRestoration (63ms)
Platform modules already initialized, skipping
Switching build target platform(19) subTarget(0) extendedPlatform(0) -> platform(13) subTarget(537395200) extendedPlatform(0)
Refreshing native plugins compatible for Editor in 1.60 ms, found 2 plugins.
Preloading 0 native plugins for Editor in 0.00 ms.
Unloading 3739 Unused Serialized files (Serialized files now loaded: 0)
System memory in use before: 154.5 MB.
System memory in use after: 154.7 MB.

Unloading 16 unused Assets to reduce memory usage. Loaded Objects now: 4378.
Total: 10.582400 ms (FindLiveObjects: 1.518100 ms CreateObjectMapping: 0.686000 ms MarkObjects: 8.343300 ms  DeleteObjects: 0.032900 ms)

AssetImportParameters requested are different than current active one (requested -> active):
  custom:framework-win-MediaFoundation: 216162199b28c13a410421893ffa2e32 -> 
  custom:video-decoder-ogg-theora: a1e56fd34408186e4bbccfd4996cb3dc -> 
  custom:container-muxer-webm: aa71ff27fc2769a1b78a27578f13a17b -> 
  custom:container-demuxer-webm: 4f35f7cbe854078d1ac9338744f61a02 -> 
  custom:container-demuxer-ogg: 62fdf1f143b41e24485cea50d1cbac27 -> 
  custom:video-encoder-webm-vp8: eb34c28f22e8b96e1ab97ce403110664 -> 
  custom:video-decoder-webm-vp8: 9c59270c3fd7afecdb556c50c9e8de78 -> 
  custom:graphics/normal-map-encoding: 01000000000000000000000000000000 -> 02000000000000000000000000000000
  custom:audio-decoder-ogg-vorbis: bf7c407c2cedff20999df2af8eb42d56 -> 
  custom:audio-encoder-webm-vorbis: bf7c407c2cedff20999df2af8eb42d56 -> 
========================================================================
Received Import Request.
  Time since last request: 334.626172 seconds.
  path: Assets/Scenes/Level1.unity
  artifactKey: Guid(572862d6ebc622349b9731d365c0dd65) Importer(815301076,1909f56bfc062723c751e8b465ee728b)
Start importing Assets/Scenes/Level1.unity using Guid(572862d6ebc622349b9731d365c0dd65) Importer(815301076,1909f56bfc062723c751e8b465ee728b)  -> (artifact id: '763c1cae520198c21fe1f48a34e98bcd') in 0.085084 seconds 
  Import took 0.163525 seconds .

========================================================================
Received Prepare
Registering precompiled user dll's ...
Registered in 0.006714 seconds.
Begin MonoManager ReloadAssembly
Native extension for WindowsStandalone target not found
Refreshing native plugins compatible for Editor in 1.01 ms, found 2 plugins.
Preloading 0 native plugins for Editor in 0.00 ms.
Mono: successfully reloaded assembly
- Completed reload, in  2.400 seconds
Domain Reload Profiling:
	ReloadAssembly (2400ms)
		BeginReloadAssembly (216ms)
			ExecutionOrderSort (0ms)
			DisableScriptedObjects (12ms)
			BackupInstance (0ms)
			ReleaseScriptingObjects (0ms)
			CreateAndSetChildDomain (78ms)
		EndReloadAssembly (2078ms)
			LoadAssemblies (157ms)
			RebuildTransferFunctionScriptingTraits (0ms)
			SetupTypeCache (817ms)
			ReleaseScriptCaches (2ms)
			RebuildScriptCaches (85ms)
			SetupLoadedEditorAssemblies (711ms)
				LogAssemblyErrors (0ms)
				InitializePlatformSupportModulesInManaged (7ms)
				SetLoadedEditorAssemblies (1ms)
				RefreshPlugins (1ms)
				BeforeProcessingInitializeOnLoad (147ms)
				ProcessInitializeOnLoadAttributes (534ms)
				ProcessInitializeOnLoadMethodAttributes (10ms)
				AfterProcessingInitializeOnLoad (11ms)
				EditorAssembliesLoaded (0ms)
			ExecutionOrderSort2 (0ms)
			AwakeInstancesAfterBackupRestoration (54ms)
Platform modules already initialized, skipping
Switching build target platform(19) subTarget(0) extendedPlatform(0) -> platform(13) subTarget(537395200) extendedPlatform(0)
Refreshing native plugins compatible for Editor in 0.94 ms, found 2 plugins.
Preloading 0 native plugins for Editor in 0.00 ms.
Unloading 3739 Unused Serialized files (Serialized files now loaded: 0)
System memory in use before: 154.5 MB.
System memory in use after: 154.8 MB.

Unloading 16 unused Assets to reduce memory usage. Loaded Objects now: 4380.
Total: 6.134500 ms (FindLiveObjects: 0.517000 ms CreateObjectMapping: 0.310200 ms MarkObjects: 5.273500 ms  DeleteObjects: 0.031800 ms)

AssetImportParameters requested are different than current active one (requested -> active):
  custom:framework-win-MediaFoundation: 216162199b28c13a410421893ffa2e32 -> 
  custom:video-decoder-ogg-theora: a1e56fd34408186e4bbccfd4996cb3dc -> 
  custom:container-muxer-webm: aa71ff27fc2769a1b78a27578f13a17b -> 
  custom:container-demuxer-webm: 4f35f7cbe854078d1ac9338744f61a02 -> 
  custom:container-demuxer-ogg: 62fdf1f143b41e24485cea50d1cbac27 -> 
  custom:video-encoder-webm-vp8: eb34c28f22e8b96e1ab97ce403110664 -> 
  custom:video-decoder-webm-vp8: 9c59270c3fd7afecdb556c50c9e8de78 -> 
  custom:graphics/normal-map-encoding: 01000000000000000000000000000000 -> 02000000000000000000000000000000
  custom:audio-decoder-ogg-vorbis: bf7c407c2cedff20999df2af8eb42d56 -> 
  custom:audio-encoder-webm-vorbis: bf7c407c2cedff20999df2af8eb42d56 -> 
========================================================================
Received Import Request.
  Time since last request: 24.642412 seconds.
  path: Assets/Scenes/Level2.unity
  artifactKey: Guid(9b10356896b58c74bb596062fb19963e) Importer(815301076,1909f56bfc062723c751e8b465ee728b)
Start importing Assets/Scenes/Level2.unity using Guid(9b10356896b58c74bb596062fb19963e) Importer(815301076,1909f56bfc062723c751e8b465ee728b)  -> (artifact id: '702d62188e53217659c1f06770595b62') in 0.024267 seconds 
  Import took 0.066289 seconds .

========================================================================
Received Prepare
Registering precompiled user dll's ...
Registered in 0.007271 seconds.
Begin MonoManager ReloadAssembly
Native extension for WindowsStandalone target not found
Refreshing native plugins compatible for Editor in 0.95 ms, found 2 plugins.
Preloading 0 native plugins for Editor in 0.00 ms.
Mono: successfully reloaded assembly
- Completed reload, in  1.980 seconds
Domain Reload Profiling:
	ReloadAssembly (1981ms)
		BeginReloadAssembly (174ms)
			ExecutionOrderSort (0ms)
			DisableScriptedObjects (7ms)
			BackupInstance (0ms)
			ReleaseScriptingObjects (0ms)
			CreateAndSetChildDomain (63ms)
		EndReloadAssembly (1706ms)
			LoadAssemblies (154ms)
			RebuildTransferFunctionScriptingTraits (0ms)
			SetupTypeCache (612ms)
			ReleaseScriptCaches (2ms)
			RebuildScriptCaches (81ms)
			SetupLoadedEditorAssemblies (536ms)
				LogAssemblyErrors (0ms)
				InitializePlatformSupportModulesInManaged (7ms)
				SetLoadedEditorAssemblies (1ms)
				RefreshPlugins (1ms)
				BeforeProcessingInitializeOnLoad (145ms)
				ProcessInitializeOnLoadAttributes (362ms)
				ProcessInitializeOnLoadMethodAttributes (11ms)
				AfterProcessingInitializeOnLoad (9ms)
				EditorAssembliesLoaded (0ms)
			ExecutionOrderSort2 (0ms)
			AwakeInstancesAfterBackupRestoration (59ms)
Platform modules already initialized, skipping
Switching build target platform(19) subTarget(0) extendedPlatform(0) -> platform(13) subTarget(537395200) extendedPlatform(0)
Refreshing native plugins compatible for Editor in 1.08 ms, found 2 plugins.
Preloading 0 native plugins for Editor in 0.00 ms.
Unloading 3739 Unused Serialized files (Serialized files now loaded: 0)
System memory in use before: 154.6 MB.
System memory in use after: 154.8 MB.

Unloading 16 unused Assets to reduce memory usage. Loaded Objects now: 4382.
Total: 7.894600 ms (FindLiveObjects: 0.819400 ms CreateObjectMapping: 0.385900 ms MarkObjects: 6.621800 ms  DeleteObjects: 0.065300 ms)

AssetImportParameters requested are different than current active one (requested -> active):
  custom:framework-win-MediaFoundation: 216162199b28c13a410421893ffa2e32 -> 
  custom:video-decoder-ogg-theora: a1e56fd34408186e4bbccfd4996cb3dc -> 
  custom:container-muxer-webm: aa71ff27fc2769a1b78a27578f13a17b -> 
  custom:container-demuxer-webm: 4f35f7cbe854078d1ac9338744f61a02 -> 
  custom:container-demuxer-ogg: 62fdf1f143b41e24485cea50d1cbac27 -> 
  custom:video-encoder-webm-vp8: eb34c28f22e8b96e1ab97ce403110664 -> 
  custom:video-decoder-webm-vp8: 9c59270c3fd7afecdb556c50c9e8de78 -> 
  custom:graphics/normal-map-encoding: 01000000000000000000000000000000 -> 02000000000000000000000000000000
  custom:audio-decoder-ogg-vorbis: bf7c407c2cedff20999df2af8eb42d56 -> 
  custom:audio-encoder-webm-vorbis: bf7c407c2cedff20999df2af8eb42d56 -> 
========================================================================
Received Import Request.
  Time since last request: 258.675275 seconds.
  path: Assets/Models
  artifactKey: Guid(e850e33fdda5e574e95c984499def5b6) Importer(815301076,1909f56bfc062723c751e8b465ee728b)
Start importing Assets/Models using Guid(e850e33fdda5e574e95c984499def5b6) Importer(815301076,1909f56bfc062723c751e8b465ee728b)  -> (artifact id: 'e910199246e69b4e64ae01539350dd87') in 0.052079 seconds 
  Import took 0.089493 seconds .

========================================================================
Received Import Request.
  Time since last request: 4.663287 seconds.
  path: Assets/Scenes/Level1.unity
  artifactKey: Guid(572862d6ebc622349b9731d365c0dd65) Importer(815301076,1909f56bfc062723c751e8b465ee728b)
Start importing Assets/Scenes/Level1.unity using Guid(572862d6ebc622349b9731d365c0dd65) Importer(815301076,1909f56bfc062723c751e8b465ee728b)  -> (artifact id: '71f9bba243b24f309fae82ad66de22f6') in 0.015905 seconds 
  Import took 0.197653 seconds .

========================================================================
Received Import Request.
  Time since last request: 0.950025 seconds.
  path: Assets/Scenes/Level2.unity
  artifactKey: Guid(9b10356896b58c74bb596062fb19963e) Importer(815301076,1909f56bfc062723c751e8b465ee728b)
Start importing Assets/Scenes/Level2.unity using Guid(9b10356896b58c74bb596062fb19963e) Importer(815301076,1909f56bfc062723c751e8b465ee728b)  -> (artifact id: 'd592308f5435a3577ca74433ca8338aa') in 0.003845 seconds 
  Import took 0.042109 seconds .

========================================================================
Received Import Request.
  Time since last request: 1.718666 seconds.
  path: Assets/Scenes/Level4.unity
  artifactKey: Guid(d49c8ca34cd92964e92184bd89454093) Importer(815301076,1909f56bfc062723c751e8b465ee728b)
Start importing Assets/Scenes/Level4.unity using Guid(d49c8ca34cd92964e92184bd89454093) Importer(815301076,1909f56bfc062723c751e8b465ee728b)  -> (artifact id: '89ea499a8546e1718c2a11161348c16f') in 0.009759 seconds 
  Import took 0.039645 seconds .

========================================================================
Received Import Request.
  Time since last request: 34.675667 seconds.
  path: Assets/Scenes/Level2.unity
  artifactKey: Guid(9b10356896b58c74bb596062fb19963e) Importer(815301076,1909f56bfc062723c751e8b465ee728b)
Start importing Assets/Scenes/Level2.unity using Guid(9b10356896b58c74bb596062fb19963e) Importer(815301076,1909f56bfc062723c751e8b465ee728b)  -> (artifact id: 'e9bc86a14d0cac18701cf51ba00e0a4d') in 0.003836 seconds 
  Import took 0.044684 seconds .

========================================================================
Received Import Request.
  Time since last request: 70.066934 seconds.
  path: Assets/Scenes/BossLevel1.unity
  artifactKey: Guid(715d4f2c907138e40afa155f5b81dae8) Importer(815301076,1909f56bfc062723c751e8b465ee728b)
Start importing Assets/Scenes/BossLevel1.unity using Guid(715d4f2c907138e40afa155f5b81dae8) Importer(815301076,1909f56bfc062723c751e8b465ee728b)  -> (artifact id: '3c3386b1daef74a5280c15d9f8495296') in 0.010328 seconds 
  Import took 0.074440 seconds .

========================================================================
Received Import Request.
  Time since last request: 28.001600 seconds.
  path: Assets/Scenes/BossLevel1.unity
  artifactKey: Guid(715d4f2c907138e40afa155f5b81dae8) Importer(815301076,1909f56bfc062723c751e8b465ee728b)
Start importing Assets/Scenes/BossLevel1.unity using Guid(715d4f2c907138e40afa155f5b81dae8) Importer(815301076,1909f56bfc062723c751e8b465ee728b)  -> (artifact id: '7990dccce43bdd8407b9772a6e5ac64d') in 0.004147 seconds 
  Import took 0.220420 seconds .

