Using pre-set license
Built from '2020.3/staging' branch; Version is '2020.3.18f1 (a7d1c678663c) revision 10998214'; Using compiler version '192528614'; Build Type 'Release'
OS: 'Windows 10 Home; OS build 19042.1165; Version 2009; 64bit' Language: 'ru' Physical Memory: 8034 MB
BatchMode: 1, IsHumanControllingUs: 0, StartBugReporterOnCrash: 0, Is64bit: 1, IsPro: 0

COMMAND LINE ARGUMENTS:
C:\Program Files\Unity\Hub\Editor\2020.3.18f1\Editor\Unity.exe
-adb2
-batchMode
-noUpm
-name
AssetImportWorker9
-projectPath
E:/IT/Games/UnityGames/AstromaMaze/AstromaMazeMobile
-logFile
Logs/AssetImportWorker9.log
-srvPort
61115
Successfully changed project path to: E:/IT/Games/UnityGames/AstromaMaze/AstromaMazeMobile
E:/IT/Games/UnityGames/AstromaMaze/AstromaMazeMobile
Using Asset Import Pipeline V2.
Refreshing native plugins compatible for Editor in 125.11 ms, found 2 plugins.
Preloading 0 native plugins for Editor in 0.00 ms.
Initialize engine version: 2020.3.18f1 (a7d1c678663c)
[Subsystems] Discovering subsystems at path C:/Program Files/Unity/Hub/Editor/2020.3.18f1/Editor/Data/Resources/UnitySubsystems
[Subsystems] Discovering subsystems at path E:/IT/Games/UnityGames/AstromaMaze/AstromaMazeMobile/Assets
GfxDevice: creating device client; threaded=0
Direct3D:
    Version:  Direct3D 11.0 [level 11.1]
    Renderer: NVIDIA GeForce GTX 1050 (ID=0x1c91)
    Vendor:   
    VRAM:     2996 MB
    Driver:   27.21.14.6677
Initialize mono
Mono path[0] = 'C:/Program Files/Unity/Hub/Editor/2020.3.18f1/Editor/Data/Managed'
Mono path[1] = 'C:/Program Files/Unity/Hub/Editor/2020.3.18f1/Editor/Data/MonoBleedingEdge/lib/mono/unityjit'
Mono config path = 'C:/Program Files/Unity/Hub/Editor/2020.3.18f1/Editor/Data/MonoBleedingEdge/etc'
Using monoOptions --debugger-agent=transport=dt_socket,embedding=1,server=y,suspend=n,address=127.0.0.1:56836
Begin MonoManager ReloadAssembly
Registering precompiled unity dll's ...
Register platform support module: C:/Program Files/Unity/Hub/Editor/2020.3.18f1/Editor/Data/PlaybackEngines/WindowsStandaloneSupport/UnityEditor.WindowsStandalone.Extensions.dll
Registered in 0.004170 seconds.
Native extension for WindowsStandalone target not found
Refreshing native plugins compatible for Editor in 117.56 ms, found 2 plugins.
Preloading 0 native plugins for Editor in 0.00 ms.
Mono: successfully reloaded assembly
- Completed reload, in  3.050 seconds
Domain Reload Profiling:
	ReloadAssembly (3051ms)
		BeginReloadAssembly (89ms)
			ExecutionOrderSort (0ms)
			DisableScriptedObjects (0ms)
			BackupInstance (0ms)
			ReleaseScriptingObjects (0ms)
			CreateAndSetChildDomain (1ms)
		EndReloadAssembly (779ms)
			LoadAssemblies (86ms)
			RebuildTransferFunctionScriptingTraits (0ms)
			SetupTypeCache (269ms)
			ReleaseScriptCaches (0ms)
			RebuildScriptCaches (55ms)
			SetupLoadedEditorAssemblies (332ms)
				LogAssemblyErrors (0ms)
				InitializePlatformSupportModulesInManaged (6ms)
				SetLoadedEditorAssemblies (0ms)
				RefreshPlugins (118ms)
				BeforeProcessingInitializeOnLoad (28ms)
				ProcessInitializeOnLoadAttributes (133ms)
				ProcessInitializeOnLoadMethodAttributes (46ms)
				AfterProcessingInitializeOnLoad (0ms)
				EditorAssembliesLoaded (0ms)
			ExecutionOrderSort2 (0ms)
			AwakeInstancesAfterBackupRestoration (0ms)
Platform modules already initialized, skipping
Registering precompiled user dll's ...
Registered in 0.006664 seconds.
Begin MonoManager ReloadAssembly
Native extension for WindowsStandalone target not found
Refreshing native plugins compatible for Editor in 108.30 ms, found 2 plugins.
Preloading 0 native plugins for Editor in 0.00 ms.
Mono: successfully reloaded assembly
- Completed reload, in  2.700 seconds
Domain Reload Profiling:
	ReloadAssembly (2701ms)
		BeginReloadAssembly (284ms)
			ExecutionOrderSort (0ms)
			DisableScriptedObjects (7ms)
			BackupInstance (0ms)
			ReleaseScriptingObjects (0ms)
			CreateAndSetChildDomain (32ms)
		EndReloadAssembly (2309ms)
			LoadAssemblies (168ms)
			RebuildTransferFunctionScriptingTraits (0ms)
			SetupTypeCache (662ms)
			ReleaseScriptCaches (1ms)
			RebuildScriptCaches (100ms)
			SetupLoadedEditorAssemblies (1173ms)
				LogAssemblyErrors (0ms)
				InitializePlatformSupportModulesInManaged (6ms)
				SetLoadedEditorAssemblies (0ms)
				RefreshPlugins (108ms)
				BeforeProcessingInitializeOnLoad (197ms)
				ProcessInitializeOnLoadAttributes (842ms)
				ProcessInitializeOnLoadMethodAttributes (8ms)
				AfterProcessingInitializeOnLoad (10ms)
				EditorAssembliesLoaded (0ms)
			ExecutionOrderSort2 (0ms)
			AwakeInstancesAfterBackupRestoration (11ms)
Platform modules already initialized, skipping
========================================================================
Worker process is ready to serve import requests
Launched and connected shader compiler UnityShaderCompiler.exe after 1.66 seconds
Refreshing native plugins compatible for Editor in 1.16 ms, found 2 plugins.
Preloading 0 native plugins for Editor in 0.00 ms.
Unloading 3926 Unused Serialized files (Serialized files now loaded: 0)
System memory in use before: 166.3 MB.
System memory in use after: 166.5 MB.

Unloading 21 unused Assets to reduce memory usage. Loaded Objects now: 4358.
Total: 6.201000 ms (FindLiveObjects: 0.503600 ms CreateObjectMapping: 0.283900 ms MarkObjects: 5.293900 ms  DeleteObjects: 0.118100 ms)

AssetImportParameters requested are different than current active one (requested -> active):
  custom:framework-win-MediaFoundation: 216162199b28c13a410421893ffa2e32 -> 
  custom:video-decoder-ogg-theora: a1e56fd34408186e4bbccfd4996cb3dc -> 
  custom:container-muxer-webm: aa71ff27fc2769a1b78a27578f13a17b -> 
  custom:container-demuxer-webm: 4f35f7cbe854078d1ac9338744f61a02 -> 
  custom:container-demuxer-ogg: 62fdf1f143b41e24485cea50d1cbac27 -> 
  custom:video-encoder-webm-vp8: eb34c28f22e8b96e1ab97ce403110664 -> 
  custom:video-decoder-webm-vp8: 9c59270c3fd7afecdb556c50c9e8de78 -> 
  custom:audio-decoder-ogg-vorbis: bf7c407c2cedff20999df2af8eb42d56 -> 
  custom:audio-encoder-webm-vorbis: bf7c407c2cedff20999df2af8eb42d56 -> 
========================================================================
Received Import Request.
  path: Assets/Models/EasyJoystick/Sprites/JOYSTICK1_W.png
  artifactKey: Guid(1b822dc3db331384c9a558fef510a92f) Importer(815301076,1909f56bfc062723c751e8b465ee728b)
Start importing Assets/Models/EasyJoystick/Sprites/JOYSTICK1_W.png using Guid(1b822dc3db331384c9a558fef510a92f) Importer(815301076,1909f56bfc062723c751e8b465ee728b)  -> (artifact id: 'c69e5dff06a5ef08b1bc7a14bf18eed4') in 0.648061 seconds 
  Import took 0.751792 seconds .

========================================================================
Received Import Request.
  Time since last request: 0.000467 seconds.
  path: Assets/Models/EasyJoystick/Sprites/JOYSTICK1_B.png
  artifactKey: Guid(0f0b6e2911a111e4cb67373065cc9041) Importer(815301076,1909f56bfc062723c751e8b465ee728b)
Start importing Assets/Models/EasyJoystick/Sprites/JOYSTICK1_B.png using Guid(0f0b6e2911a111e4cb67373065cc9041) Importer(815301076,1909f56bfc062723c751e8b465ee728b)  -> (artifact id: '6b0345ed492303787e403c6f9abceea2') in 0.145165 seconds 
  Import took 0.246501 seconds .

========================================================================
Received Import Request.
  Time since last request: 0.000398 seconds.
  path: Assets/Models/EasyJoystick/Sprites/JOYSTICK2_W.png
  artifactKey: Guid(cc15e1dcc29a977448874e914abdd66a) Importer(815301076,1909f56bfc062723c751e8b465ee728b)
Start importing Assets/Models/EasyJoystick/Sprites/JOYSTICK2_W.png using Guid(cc15e1dcc29a977448874e914abdd66a) Importer(815301076,1909f56bfc062723c751e8b465ee728b)  -> (artifact id: 'd677aabb2708ec763f9a5d6f0f383154') in 0.086965 seconds 
  Import took 0.158128 seconds .

========================================================================
Received Import Request.
  Time since last request: 0.000394 seconds.
  path: Assets/Models/EasyJoystick/Sprites/JOYSTICK3.png
  artifactKey: Guid(f77eea8d7c323034da88550c630d0d64) Importer(815301076,1909f56bfc062723c751e8b465ee728b)
Start importing Assets/Models/EasyJoystick/Sprites/JOYSTICK3.png using Guid(f77eea8d7c323034da88550c630d0d64) Importer(815301076,1909f56bfc062723c751e8b465ee728b)  -> (artifact id: '5ef25fba8a4f0243f28a87112e6d4b1b') in 0.039655 seconds 
  Import took 0.107854 seconds .

========================================================================
Received Import Request.
  Time since last request: 0.000454 seconds.
  path: Assets/Models/EasyJoystick/Sprites/JOYSTICK5.png
  artifactKey: Guid(8e2f993d2a2835c46b5b12ff742cd78b) Importer(815301076,1909f56bfc062723c751e8b465ee728b)
Start importing Assets/Models/EasyJoystick/Sprites/JOYSTICK5.png using Guid(8e2f993d2a2835c46b5b12ff742cd78b) Importer(815301076,1909f56bfc062723c751e8b465ee728b)  -> (artifact id: 'c65d2ace523e6b39435f57e47653e78b') in 0.185477 seconds 
  Import took 0.217317 seconds .

========================================================================
Received Import Request.
  Time since last request: 0.000404 seconds.
  path: Assets/Models/EasyJoystick/Sprites/JOYSTICK4.png
  artifactKey: Guid(1fe101dfc4cdbc245a2bcf5d356beaf8) Importer(815301076,1909f56bfc062723c751e8b465ee728b)
Start importing Assets/Models/EasyJoystick/Sprites/JOYSTICK4.png using Guid(1fe101dfc4cdbc245a2bcf5d356beaf8) Importer(815301076,1909f56bfc062723c751e8b465ee728b)  -> (artifact id: '2782a17c98102c2d4a2cf32bd4bbbb12') in 0.035978 seconds 
  Import took 0.093101 seconds .

========================================================================
Received Import Request.
  Time since last request: 0.000400 seconds.
  path: Assets/Models/EasyJoystick/Sprites/JOYSTICK2_B.png
  artifactKey: Guid(f6e1f3f797607574d9193c297eee9cbb) Importer(815301076,1909f56bfc062723c751e8b465ee728b)
Start importing Assets/Models/EasyJoystick/Sprites/JOYSTICK2_B.png using Guid(f6e1f3f797607574d9193c297eee9cbb) Importer(815301076,1909f56bfc062723c751e8b465ee728b)  -> (artifact id: '9fa398b9037020af4021b76cf2b2dac2') in 0.034712 seconds 
  Import took 0.085018 seconds .

========================================================================
Received Import Request.
  Time since last request: 0.000394 seconds.
  path: Assets/Prefabs/UI/Joystick.prefab
  artifactKey: Guid(5d6dc268426164049823dc3e85cb8e58) Importer(815301076,1909f56bfc062723c751e8b465ee728b)
Start importing Assets/Prefabs/UI/Joystick.prefab using Guid(5d6dc268426164049823dc3e85cb8e58) Importer(815301076,1909f56bfc062723c751e8b465ee728b)  -> (artifact id: 'fe7a38fffc1e1b7a7a31d3681d9199cd') in 0.065112 seconds 
  Import took 0.109340 seconds .

========================================================================
Received Import Request.
  Time since last request: 208.280124 seconds.
  path: Assets/Scenes/Level2.unity
  artifactKey: Guid(9b10356896b58c74bb596062fb19963e) Importer(815301076,1909f56bfc062723c751e8b465ee728b)
Start importing Assets/Scenes/Level2.unity using Guid(9b10356896b58c74bb596062fb19963e) Importer(815301076,1909f56bfc062723c751e8b465ee728b)  -> (artifact id: '5b68a00a9e5c8212a7e2a1b90b4fc8ac') in 0.011524 seconds 
  Import took 0.066041 seconds .

========================================================================
Received Import Request.
  Time since last request: 17.311026 seconds.
  path: Assets/Scenes/LevelSelection.unity
  artifactKey: Guid(9c01d4853fa6fc24c8e424dd8f071049) Importer(815301076,1909f56bfc062723c751e8b465ee728b)
Start importing Assets/Scenes/LevelSelection.unity using Guid(9c01d4853fa6fc24c8e424dd8f071049) Importer(815301076,1909f56bfc062723c751e8b465ee728b)  -> (artifact id: 'a4ff8a4ee91bf7d29126eed45b86de3b') in 0.011740 seconds 
  Import took 0.031549 seconds .

========================================================================
Received Prepare
Registering precompiled user dll's ...
Registered in 0.130697 seconds.
Begin MonoManager ReloadAssembly
Native extension for WindowsStandalone target not found
Refreshing native plugins compatible for Editor in 1.26 ms, found 2 plugins.
Preloading 0 native plugins for Editor in 0.00 ms.
Mono: successfully reloaded assembly
- Completed reload, in  2.510 seconds
Domain Reload Profiling:
	ReloadAssembly (2511ms)
		BeginReloadAssembly (216ms)
			ExecutionOrderSort (0ms)
			DisableScriptedObjects (8ms)
			BackupInstance (0ms)
			ReleaseScriptingObjects (0ms)
			CreateAndSetChildDomain (77ms)
		EndReloadAssembly (2180ms)
			LoadAssemblies (175ms)
			RebuildTransferFunctionScriptingTraits (0ms)
			SetupTypeCache (749ms)
			ReleaseScriptCaches (2ms)
			RebuildScriptCaches (87ms)
			SetupLoadedEditorAssemblies (695ms)
				LogAssemblyErrors (0ms)
				InitializePlatformSupportModulesInManaged (8ms)
				SetLoadedEditorAssemblies (1ms)
				RefreshPlugins (1ms)
				BeforeProcessingInitializeOnLoad (169ms)
				ProcessInitializeOnLoadAttributes (493ms)
				ProcessInitializeOnLoadMethodAttributes (12ms)
				AfterProcessingInitializeOnLoad (9ms)
				EditorAssembliesLoaded (0ms)
			ExecutionOrderSort2 (0ms)
			AwakeInstancesAfterBackupRestoration (63ms)
Platform modules already initialized, skipping
Switching build target platform(19) subTarget(0) extendedPlatform(0) -> platform(13) subTarget(537395200) extendedPlatform(0)
Refreshing native plugins compatible for Editor in 1.60 ms, found 2 plugins.
Preloading 0 native plugins for Editor in 0.00 ms.
Unloading 3739 Unused Serialized files (Serialized files now loaded: 0)
System memory in use before: 154.5 MB.
System memory in use after: 154.7 MB.

Unloading 16 unused Assets to reduce memory usage. Loaded Objects now: 4378.
Total: 10.582400 ms (FindLiveObjects: 1.518100 ms CreateObjectMapping: 0.686000 ms MarkObjects: 8.343300 ms  DeleteObjects: 0.032900 ms)

AssetImportParameters requested are different than current active one (requested -> active):
  custom:framework-win-MediaFoundation: 216162199b28c13a410421893ffa2e32 -> 
  custom:video-decoder-ogg-theora: a1e56fd34408186e4bbccfd4996cb3dc -> 
  custom:container-muxer-webm: aa71ff27fc2769a1b78a27578f13a17b -> 
  custom:container-demuxer-webm: 4f35f7cbe854078d1ac9338744f61a02 -> 
  custom:container-demuxer-ogg: 62fdf1f143b41e24485cea50d1cbac27 -> 
  custom:video-encoder-webm-vp8: eb34c28f22e8b96e1ab97ce403110664 -> 
  custom:video-decoder-webm-vp8: 9c59270c3fd7afecdb556c50c9e8de78 -> 
  custom:graphics/normal-map-encoding: 01000000000000000000000000000000 -> 02000000000000000000000000000000
  custom:audio-decoder-ogg-vorbis: bf7c407c2cedff20999df2af8eb42d56 -> 
  custom:audio-encoder-webm-vorbis: bf7c407c2cedff20999df2af8eb42d56 -> 
========================================================================
Received Import Request.
  Time since last request: 334.626172 seconds.
  path: Assets/Scenes/Level1.unity
  artifactKey: Guid(572862d6ebc622349b9731d365c0dd65) Importer(815301076,1909f56bfc062723c751e8b465ee728b)
Start importing Assets/Scenes/Level1.unity using Guid(572862d6ebc622349b9731d365c0dd65) Importer(815301076,1909f56bfc062723c751e8b465ee728b)  -> (artifact id: '763c1cae520198c21fe1f48a34e98bcd') in 0.085084 seconds 
  Import took 0.163525 seconds .

========================================================================
Received Prepare
Registering precompiled user dll's ...
Registered in 0.006714 seconds.
Begin MonoManager ReloadAssembly
Native extension for WindowsStandalone target not found
Refreshing native plugins compatible for Editor in 1.01 ms, found 2 plugins.
Preloading 0 native plugins for Editor in 0.00 ms.
Mono: successfully reloaded assembly
- Completed reload, in  2.400 seconds
Domain Reload Profiling:
	ReloadAssembly (2400ms)
		BeginReloadAssembly (216ms)
			ExecutionOrderSort (0ms)
			DisableScriptedObjects (12ms)
			BackupInstance (0ms)
			ReleaseScriptingObjects (0ms)
			CreateAndSetChildDomain (78ms)
		EndReloadAssembly (2078ms)
			LoadAssemblies (157ms)
			RebuildTransferFunctionScriptingTraits (0ms)
			SetupTypeCache (817ms)
			ReleaseScriptCaches (2ms)
			RebuildScriptCaches (85ms)
			SetupLoadedEditorAssemblies (711ms)
				LogAssemblyErrors (0ms)
				InitializePlatformSupportModulesInManaged (7ms)
				SetLoadedEditorAssemblies (1ms)
				RefreshPlugins (1ms)
				BeforeProcessingInitializeOnLoad (147ms)
				ProcessInitializeOnLoadAttributes (534ms)
				ProcessInitializeOnLoadMethodAttributes (10ms)
				AfterProcessingInitializeOnLoad (11ms)
				EditorAssembliesLoaded (0ms)
			ExecutionOrderSort2 (0ms)
			AwakeInstancesAfterBackupRestoration (54ms)
Platform modules already initialized, skipping
Switching build target platform(19) subTarget(0) extendedPlatform(0) -> platform(13) subTarget(537395200) extendedPlatform(0)
Refreshing native plugins compatible for Editor in 0.94 ms, found 2 plugins.
Preloading 0 native plugins for Editor in 0.00 ms.
Unloading 3739 Unused Serialized files (Serialized files now loaded: 0)
System memory in use before: 154.5 MB.
System memory in use after: 154.8 MB.

Unloading 16 unused Assets to reduce memory usage. Loaded Objects now: 4380.
Total: 6.134500 ms (FindLiveObjects: 0.517000 ms CreateObjectMapping: 0.310200 ms MarkObjects: 5.273500 ms  DeleteObjects: 0.031800 ms)

AssetImportParameters requested are different than current active one (requested -> active):
  custom:framework-win-MediaFoundation: 216162199b28c13a410421893ffa2e32 -> 
  custom:video-decoder-ogg-theora: a1e56fd34408186e4bbccfd4996cb3dc -> 
  custom:container-muxer-webm: aa71ff27fc2769a1b78a27578f13a17b -> 
  custom:container-demuxer-webm: 4f35f7cbe854078d1ac9338744f61a02 -> 
  custom:container-demuxer-ogg: 62fdf1f143b41e24485cea50d1cbac27 -> 
  custom:video-encoder-webm-vp8: eb34c28f22e8b96e1ab97ce403110664 -> 
  custom:video-decoder-webm-vp8: 9c59270c3fd7afecdb556c50c9e8de78 -> 
  custom:graphics/normal-map-encoding: 01000000000000000000000000000000 -> 02000000000000000000000000000000
  custom:audio-decoder-ogg-vorbis: bf7c407c2cedff20999df2af8eb42d56 -> 
  custom:audio-encoder-webm-vorbis: bf7c407c2cedff20999df2af8eb42d56 -> 
========================================================================
Received Import Request.
  Time since last request: 24.642412 seconds.
  path: Assets/Scenes/Level2.unity
  artifactKey: Guid(9b10356896b58c74bb596062fb19963e) Importer(815301076,1909f56bfc062723c751e8b465ee728b)
Start importing Assets/Scenes/Level2.unity using Guid(9b10356896b58c74bb596062fb19963e) Importer(815301076,1909f56bfc062723c751e8b465ee728b)  -> (artifact id: '702d62188e53217659c1f06770595b62') in 0.024267 seconds 
  Import took 0.066289 seconds .

========================================================================
Received Prepare
Registering precompiled user dll's ...
Registered in 0.007271 seconds.
Begin MonoManager ReloadAssembly
Native extension for WindowsStandalone target not found
Refreshing native plugins compatible for Editor in 0.95 ms, found 2 plugins.
Preloading 0 native plugins for Editor in 0.00 ms.
Mono: successfully reloaded assembly
- Completed reload, in  1.980 seconds
Domain Reload Profiling:
	ReloadAssembly (1981ms)
		BeginReloadAssembly (174ms)
			ExecutionOrderSort (0ms)
			DisableScriptedObjects (7ms)
			BackupInstance (0ms)
			ReleaseScriptingObjects (0ms)
			CreateAndSetChildDomain (63ms)
		EndReloadAssembly (1706ms)
			LoadAssemblies (154ms)
			RebuildTransferFunctionScriptingTraits (0ms)
			SetupTypeCache (612ms)
			ReleaseScriptCaches (2ms)
			RebuildScriptCaches (81ms)
			SetupLoadedEditorAssemblies (536ms)
				LogAssemblyErrors (0ms)
				InitializePlatformSupportModulesInManaged (7ms)
				SetLoadedEditorAssemblies (1ms)
				RefreshPlugins (1ms)
				BeforeProcessingInitializeOnLoad (145ms)
				ProcessInitializeOnLoadAttributes (362ms)
				ProcessInitializeOnLoadMethodAttributes (11ms)
				AfterProcessingInitializeOnLoad (9ms)
				EditorAssembliesLoaded (0ms)
			ExecutionOrderSort2 (0ms)
			AwakeInstancesAfterBackupRestoration (59ms)
Platform modules already initialized, skipping
Switching build target platform(19) subTarget(0) extendedPlatform(0) -> platform(13) subTarget(537395200) extendedPlatform(0)
Refreshing native plugins compatible for Editor in 1.08 ms, found 2 plugins.
Preloading 0 native plugins for Editor in 0.00 ms.
Unloading 3739 Unused Serialized files (Serialized files now loaded: 0)
System memory in use before: 154.6 MB.
System memory in use after: 154.8 MB.

Unloading 16 unused Assets to reduce memory usage. Loaded Objects now: 4382.
Total: 7.894600 ms (FindLiveObjects: 0.819400 ms CreateObjectMapping: 0.385900 ms MarkObjects: 6.621800 ms  DeleteObjects: 0.065300 ms)

AssetImportParameters requested are different than current active one (requested -> active):
  custom:framework-win-MediaFoundation: 216162199b28c13a410421893ffa2e32 -> 
  custom:video-decoder-ogg-theora: a1e56fd34408186e4bbccfd4996cb3dc -> 
  custom:container-muxer-webm: aa71ff27fc2769a1b78a27578f13a17b -> 
  custom:container-demuxer-webm: 4f35f7cbe854078d1ac9338744f61a02 -> 
  custom:container-demuxer-ogg: 62fdf1f143b41e24485cea50d1cbac27 -> 
  custom:video-encoder-webm-vp8: eb34c28f22e8b96e1ab97ce403110664 -> 
  custom:video-decoder-webm-vp8: 9c59270c3fd7afecdb556c50c9e8de78 -> 
  custom:graphics/normal-map-encoding: 01000000000000000000000000000000 -> 02000000000000000000000000000000
  custom:audio-decoder-ogg-vorbis: bf7c407c2cedff20999df2af8eb42d56 -> 
  custom:audio-encoder-webm-vorbis: bf7c407c2cedff20999df2af8eb42d56 -> 
========================================================================
Received Import Request.
  Time since last request: 258.675275 seconds.
  path: Assets/Models
  artifactKey: Guid(e850e33fdda5e574e95c984499def5b6) Importer(815301076,1909f56bfc062723c751e8b465ee728b)
Start importing Assets/Models using Guid(e850e33fdda5e574e95c984499def5b6) Importer(815301076,1909f56bfc062723c751e8b465ee728b)  -> (artifact id: 'e910199246e69b4e64ae01539350dd87') in 0.052079 seconds 
  Import took 0.089493 seconds .

========================================================================
Received Import Request.
  Time since last request: 4.663287 seconds.
  path: Assets/Scenes/Level1.unity
  artifactKey: Guid(572862d6ebc622349b9731d365c0dd65) Importer(815301076,1909f56bfc062723c751e8b465ee728b)
Start importing Assets/Scenes/Level1.unity using Guid(572862d6ebc622349b9731d365c0dd65) Importer(815301076,1909f56bfc062723c751e8b465ee728b)  -> (artifact id: '71f9bba243b24f309fae82ad66de22f6') in 0.015905 seconds 
  Import took 0.197653 seconds .

========================================================================
Received Import Request.
  Time since last request: 0.950025 seconds.
  path: Assets/Scenes/Level2.unity
  artifactKey: Guid(9b10356896b58c74bb596062fb19963e) Importer(815301076,1909f56bfc062723c751e8b465ee728b)
Start importing Assets/Scenes/Level2.unity using Guid(9b10356896b58c74bb596062fb19963e) Importer(815301076,1909f56bfc062723c751e8b465ee728b)  -> (artifact id: 'd592308f5435a3577ca74433ca8338aa') in 0.003845 seconds 
  Import took 0.042109 seconds .

========================================================================
Received Import Request.
  Time since last request: 1.718666 seconds.
  path: Assets/Scenes/Level4.unity
  artifactKey: Guid(d49c8ca34cd92964e92184bd89454093) Importer(815301076,1909f56bfc062723c751e8b465ee728b)
Start importing Assets/Scenes/Level4.unity using Guid(d49c8ca34cd92964e92184bd89454093) Importer(815301076,1909f56bfc062723c751e8b465ee728b)  -> (artifact id: '89ea499a8546e1718c2a11161348c16f') in 0.009759 seconds 
  Import took 0.039645 seconds .

========================================================================
Received Import Request.
  Time since last request: 34.675667 seconds.
  path: Assets/Scenes/Level2.unity
  artifactKey: Guid(9b10356896b58c74bb596062fb19963e) Importer(815301076,1909f56bfc062723c751e8b465ee728b)
Start importing Assets/Scenes/Level2.unity using Guid(9b10356896b58c74bb596062fb19963e) Importer(815301076,1909f56bfc062723c751e8b465ee728b)  -> (artifact id: 'e9bc86a14d0cac18701cf51ba00e0a4d') in 0.003836 seconds 
  Import took 0.044684 seconds .

========================================================================
Received Import Request.
  Time since last request: 70.066934 seconds.
  path: Assets/Scenes/BossLevel1.unity
  artifactKey: Guid(715d4f2c907138e40afa155f5b81dae8) Importer(815301076,1909f56bfc062723c751e8b465ee728b)
Start importing Assets/Scenes/BossLevel1.unity using Guid(715d4f2c907138e40afa155f5b81dae8) Importer(815301076,1909f56bfc062723c751e8b465ee728b)  -> (artifact id: '3c3386b1daef74a5280c15d9f8495296') in 0.010328 seconds 
  Import took 0.074440 seconds .

========================================================================
Received Import Request.
  Time since last request: 28.001600 seconds.
  path: Assets/Scenes/BossLevel1.unity
  artifactKey: Guid(715d4f2c907138e40afa155f5b81dae8) Importer(815301076,1909f56bfc062723c751e8b465ee728b)
Start importing Assets/Scenes/BossLevel1.unity using Guid(715d4f2c907138e40afa155f5b81dae8) Importer(815301076,1909f56bfc062723c751e8b465ee728b)  -> (artifact id: '7990dccce43bdd8407b9772a6e5ac64d') in 0.004147 seconds 
  Import took 0.220420 seconds .

========================================================================
Received Import Request.
  Time since last request: 817.207511 seconds.
  path: Assets/Scenes/Level1.unity
  artifactKey: Guid(572862d6ebc622349b9731d365c0dd65) Importer(815301076,1909f56bfc062723c751e8b465ee728b)
Start importing Assets/Scenes/Level1.unity using Guid(572862d6ebc622349b9731d365c0dd65) Importer(815301076,1909f56bfc062723c751e8b465ee728b)  -> (artifact id: 'd189a8e0692ad2e27f62a373e3ba7258') in 0.012178 seconds 
  Import took 0.085526 seconds .

========================================================================
Received Import Request.
  Time since last request: 392.235935 seconds.
  path: Assets/Models/Sprites/CoolDown-modified.png
  artifactKey: Guid(eece06d8afa56ec49a3832106334e762) Importer(815301076,1909f56bfc062723c751e8b465ee728b)
Start importing Assets/Models/Sprites/CoolDown-modified.png using Guid(eece06d8afa56ec49a3832106334e762) Importer(815301076,1909f56bfc062723c751e8b465ee728b)  -> (artifact id: 'c606589d357a219e8b35e24c2d9e30ff') in 0.072912 seconds 
  Import took 0.086029 seconds .

========================================================================
Received Import Request.
  Time since last request: 0.004967 seconds.
  path: Assets/Models/Sprites/CoolDown-modified.png
  artifactKey: Guid(eece06d8afa56ec49a3832106334e762) Importer(815301076,1909f56bfc062723c751e8b465ee728b)
Start importing Assets/Models/Sprites/CoolDown-modified.png using Guid(eece06d8afa56ec49a3832106334e762) Importer(815301076,1909f56bfc062723c751e8b465ee728b)  -> (artifact id: 'c606589d357a219e8b35e24c2d9e30ff') in 0.036895 seconds 
  Import took 0.055104 seconds .

========================================================================
Received Import Request.
  Time since last request: 12.914081 seconds.
  path: Assets/Models/Sprites/CoolDown-modified.png
  artifactKey: Guid(eece06d8afa56ec49a3832106334e762) Importer(815301076,1909f56bfc062723c751e8b465ee728b)
Start importing Assets/Models/Sprites/CoolDown-modified.png using Guid(eece06d8afa56ec49a3832106334e762) Importer(815301076,1909f56bfc062723c751e8b465ee728b)  -> (artifact id: 'd259a27f7500a779da281db20823877b') in 0.055016 seconds 
  Import took 0.152077 seconds .

========================================================================
Received Import Request.
  Time since last request: 206.276059 seconds.
  path: Assets/Models/Sprites/eyeSkillIcon-modified.png
  artifactKey: Guid(7f93ab7c0cc4b8c4992d0ab2c2ca9c01) Importer(815301076,1909f56bfc062723c751e8b465ee728b)
Start importing Assets/Models/Sprites/eyeSkillIcon-modified.png using Guid(7f93ab7c0cc4b8c4992d0ab2c2ca9c01) Importer(815301076,1909f56bfc062723c751e8b465ee728b)  -> (artifact id: '2b22f77c59a34358653ea3343aed946f') in 0.078429 seconds 
  Import took 0.113929 seconds .

========================================================================
Received Import Request.
  Time since last request: 11.460314 seconds.
  path: Assets/Models/Sprites/eyeSkillIcon-modified.png
  artifactKey: Guid(7f93ab7c0cc4b8c4992d0ab2c2ca9c01) Importer(815301076,1909f56bfc062723c751e8b465ee728b)
Start importing Assets/Models/Sprites/eyeSkillIcon-modified.png using Guid(7f93ab7c0cc4b8c4992d0ab2c2ca9c01) Importer(815301076,1909f56bfc062723c751e8b465ee728b)  -> (artifact id: 'f20a7801430460fcc2016a2a93b2bab9') in 0.028987 seconds 
  Import took 0.067774 seconds .

========================================================================
Received Import Request.
  Time since last request: 170.208578 seconds.
  path: Assets/Scripts/UI/SpellCooldown.cs
  artifactKey: Guid(ff1d19649e95f8046947cbf3e7b5281c) Importer(815301076,1909f56bfc062723c751e8b465ee728b)
Start importing Assets/Scripts/UI/SpellCooldown.cs using Guid(ff1d19649e95f8046947cbf3e7b5281c) Importer(815301076,1909f56bfc062723c751e8b465ee728b)  -> (artifact id: 'b117740e6db2ac5a3cae4a681e3a6516') in 0.032399 seconds 
  Import took 0.065437 seconds .

========================================================================
Received Import Request.
  Time since last request: 578.608090 seconds.
  path: Assets/Scripts/Mechanics/BirdsEyeView.cs
  artifactKey: Guid(183a44dbac02788459aca7dd5c9073fe) Importer(815301076,1909f56bfc062723c751e8b465ee728b)
Start importing Assets/Scripts/Mechanics/BirdsEyeView.cs using Guid(183a44dbac02788459aca7dd5c9073fe) Importer(815301076,1909f56bfc062723c751e8b465ee728b)  -> (artifact id: 'ebf05d3667623e210a337a21bde0a7c5') in 0.011591 seconds 
  Import took 0.082540 seconds .

========================================================================
Received Import Request.
  Time since last request: 4.183217 seconds.
  path: Assets/Scripts/Mechanics/SwitchCamera.cs
  artifactKey: Guid(97e5064cfd3553f4da86560fcec80bea) Importer(815301076,1909f56bfc062723c751e8b465ee728b)
Start importing Assets/Scripts/Mechanics/SwitchCamera.cs using Guid(97e5064cfd3553f4da86560fcec80bea) Importer(815301076,1909f56bfc062723c751e8b465ee728b)  -> (artifact id: 'feee18042fab3d24df9f1deadd789929') in 0.011843 seconds 
  Import took 0.094439 seconds .

========================================================================
Received Import Request.
  Time since last request: 81.285467 seconds.
  path: Assets/Scripts/Mechanics/SwitchCamera.cs
  artifactKey: Guid(97e5064cfd3553f4da86560fcec80bea) Importer(815301076,1909f56bfc062723c751e8b465ee728b)
Start importing Assets/Scripts/Mechanics/SwitchCamera.cs using Guid(97e5064cfd3553f4da86560fcec80bea) Importer(815301076,1909f56bfc062723c751e8b465ee728b)  -> (artifact id: '85809c22ce4e3c43ac7612e39f679c9e') in 0.008487 seconds 
  Import took 0.376338 seconds .

========================================================================
Received Import Request.
  Time since last request: 42.918017 seconds.
  path: Assets/Scripts/Mechanics/SwitchCamera.cs
  artifactKey: Guid(97e5064cfd3553f4da86560fcec80bea) Importer(815301076,1909f56bfc062723c751e8b465ee728b)
Start importing Assets/Scripts/Mechanics/SwitchCamera.cs using Guid(97e5064cfd3553f4da86560fcec80bea) Importer(815301076,1909f56bfc062723c751e8b465ee728b)  -> (artifact id: 'caebb753e59a51f69c92b7c46b12ea4f') in 0.006169 seconds 
  Import took 0.137352 seconds .

========================================================================
Received Import Request.
  Time since last request: 0.004642 seconds.
  path: Assets/Scripts/Mechanics/SwitchCamera.cs
  artifactKey: Guid(97e5064cfd3553f4da86560fcec80bea) Importer(815301076,1909f56bfc062723c751e8b465ee728b)
Start importing Assets/Scripts/Mechanics/SwitchCamera.cs using Guid(97e5064cfd3553f4da86560fcec80bea) Importer(815301076,1909f56bfc062723c751e8b465ee728b)  -> (artifact id: 'caebb753e59a51f69c92b7c46b12ea4f') in 0.007546 seconds 
  Import took 0.030679 seconds .

========================================================================
Received Import Request.
  Time since last request: 4.364771 seconds.
  path: Assets/Scripts/Mechanics/SwitchCamera.cs
  artifactKey: Guid(97e5064cfd3553f4da86560fcec80bea) Importer(815301076,1909f56bfc062723c751e8b465ee728b)
Start importing Assets/Scripts/Mechanics/SwitchCamera.cs using Guid(97e5064cfd3553f4da86560fcec80bea) Importer(815301076,1909f56bfc062723c751e8b465ee728b)  -> (artifact id: 'e07d65a764db233add9753c201d2fcbd') in 0.004816 seconds 
  Import took 0.268466 seconds .

========================================================================
Received Prepare
Registering precompiled user dll's ...
Registered in 0.008314 seconds.
Begin MonoManager ReloadAssembly
Native extension for WindowsStandalone target not found
Refreshing native plugins compatible for Editor in 1.36 ms, found 2 plugins.
Preloading 0 native plugins for Editor in 0.00 ms.
Mono: successfully reloaded assembly
- Completed reload, in  3.342 seconds
Domain Reload Profiling:
	ReloadAssembly (3343ms)
		BeginReloadAssembly (279ms)
			ExecutionOrderSort (0ms)
			DisableScriptedObjects (9ms)
			BackupInstance (0ms)
			ReleaseScriptingObjects (0ms)
			CreateAndSetChildDomain (99ms)
		EndReloadAssembly (2906ms)
			LoadAssemblies (267ms)
			RebuildTransferFunctionScriptingTraits (0ms)
			SetupTypeCache (1049ms)
			ReleaseScriptCaches (3ms)
			RebuildScriptCaches (130ms)
			SetupLoadedEditorAssemblies (907ms)
				LogAssemblyErrors (0ms)
				InitializePlatformSupportModulesInManaged (11ms)
				SetLoadedEditorAssemblies (1ms)
				RefreshPlugins (2ms)
				BeforeProcessingInitializeOnLoad (241ms)
				ProcessInitializeOnLoadAttributes (622ms)
				ProcessInitializeOnLoadMethodAttributes (15ms)
				AfterProcessingInitializeOnLoad (15ms)
				EditorAssembliesLoaded (1ms)
			ExecutionOrderSort2 (0ms)
			AwakeInstancesAfterBackupRestoration (92ms)
Platform modules already initialized, skipping
Switching build target platform(19) subTarget(0) extendedPlatform(0) -> platform(13) subTarget(537395200) extendedPlatform(0)
Refreshing native plugins compatible for Editor in 1.29 ms, found 2 plugins.
Preloading 0 native plugins for Editor in 0.00 ms.
Unloading 3739 Unused Serialized files (Serialized files now loaded: 0)
System memory in use before: 155.0 MB.
System memory in use after: 155.3 MB.

Unloading 16 unused Assets to reduce memory usage. Loaded Objects now: 4385.
Total: 10.134400 ms (FindLiveObjects: 1.548500 ms CreateObjectMapping: 0.584700 ms MarkObjects: 7.934200 ms  DeleteObjects: 0.064500 ms)

AssetImportParameters requested are different than current active one (requested -> active):
  custom:framework-win-MediaFoundation: 216162199b28c13a410421893ffa2e32 -> 
  custom:video-decoder-ogg-theora: a1e56fd34408186e4bbccfd4996cb3dc -> 
  custom:container-muxer-webm: aa71ff27fc2769a1b78a27578f13a17b -> 
  custom:container-demuxer-webm: 4f35f7cbe854078d1ac9338744f61a02 -> 
  custom:container-demuxer-ogg: 62fdf1f143b41e24485cea50d1cbac27 -> 
  custom:video-encoder-webm-vp8: eb34c28f22e8b96e1ab97ce403110664 -> 
  custom:video-decoder-webm-vp8: 9c59270c3fd7afecdb556c50c9e8de78 -> 
  custom:graphics/normal-map-encoding: 01000000000000000000000000000000 -> 02000000000000000000000000000000
  custom:audio-decoder-ogg-vorbis: bf7c407c2cedff20999df2af8eb42d56 -> 
  custom:audio-encoder-webm-vorbis: bf7c407c2cedff20999df2af8eb42d56 -> 
========================================================================
Received Prepare
Registering precompiled user dll's ...
Registered in 0.009403 seconds.
Begin MonoManager ReloadAssembly
Native extension for WindowsStandalone target not found
Refreshing native plugins compatible for Editor in 1.39 ms, found 2 plugins.
Preloading 0 native plugins for Editor in 0.00 ms.
Mono: successfully reloaded assembly
- Completed reload, in  3.293 seconds
Domain Reload Profiling:
	ReloadAssembly (3294ms)
		BeginReloadAssembly (294ms)
			ExecutionOrderSort (0ms)
			DisableScriptedObjects (8ms)
			BackupInstance (0ms)
			ReleaseScriptingObjects (0ms)
			CreateAndSetChildDomain (99ms)
		EndReloadAssembly (2794ms)
			LoadAssemblies (280ms)
			RebuildTransferFunctionScriptingTraits (0ms)
			SetupTypeCache (957ms)
			ReleaseScriptCaches (3ms)
			RebuildScriptCaches (134ms)
			SetupLoadedEditorAssemblies (906ms)
				LogAssemblyErrors (0ms)
				InitializePlatformSupportModulesInManaged (10ms)
				SetLoadedEditorAssemblies (1ms)
				RefreshPlugins (2ms)
				BeforeProcessingInitializeOnLoad (252ms)
				ProcessInitializeOnLoadAttributes (608ms)
				ProcessInitializeOnLoadMethodAttributes (17ms)
				AfterProcessingInitializeOnLoad (15ms)
				EditorAssembliesLoaded (1ms)
			ExecutionOrderSort2 (0ms)
			AwakeInstancesAfterBackupRestoration (94ms)
Platform modules already initialized, skipping
Switching build target platform(19) subTarget(0) extendedPlatform(0) -> platform(13) subTarget(537395200) extendedPlatform(0)
Refreshing native plugins compatible for Editor in 1.02 ms, found 2 plugins.
Preloading 0 native plugins for Editor in 0.00 ms.
Unloading 3739 Unused Serialized files (Serialized files now loaded: 0)
System memory in use before: 155.1 MB.
System memory in use after: 155.3 MB.

Unloading 16 unused Assets to reduce memory usage. Loaded Objects now: 4387.
Total: 8.932200 ms (FindLiveObjects: 0.622900 ms CreateObjectMapping: 0.383400 ms MarkObjects: 7.876900 ms  DeleteObjects: 0.046200 ms)

AssetImportParameters requested are different than current active one (requested -> active):
  custom:framework-win-MediaFoundation: 216162199b28c13a410421893ffa2e32 -> 
  custom:video-decoder-ogg-theora: a1e56fd34408186e4bbccfd4996cb3dc -> 
  custom:container-muxer-webm: aa71ff27fc2769a1b78a27578f13a17b -> 
  custom:container-demuxer-webm: 4f35f7cbe854078d1ac9338744f61a02 -> 
  custom:container-demuxer-ogg: 62fdf1f143b41e24485cea50d1cbac27 -> 
  custom:video-encoder-webm-vp8: eb34c28f22e8b96e1ab97ce403110664 -> 
  custom:video-decoder-webm-vp8: 9c59270c3fd7afecdb556c50c9e8de78 -> 
  custom:graphics/normal-map-encoding: 01000000000000000000000000000000 -> 02000000000000000000000000000000
  custom:audio-decoder-ogg-vorbis: bf7c407c2cedff20999df2af8eb42d56 -> 
  custom:audio-encoder-webm-vorbis: bf7c407c2cedff20999df2af8eb42d56 -> 
========================================================================
Received Import Request.
  Time since last request: 189.250820 seconds.
  path: Assets/Scenes/Level2.unity
  artifactKey: Guid(9b10356896b58c74bb596062fb19963e) Importer(815301076,1909f56bfc062723c751e8b465ee728b)
Start importing Assets/Scenes/Level2.unity using Guid(9b10356896b58c74bb596062fb19963e) Importer(815301076,1909f56bfc062723c751e8b465ee728b)  -> (artifact id: '6b8ae771ee5579f7f40e564139f242a8') in 0.041976 seconds 
  Import took 0.079663 seconds .

========================================================================
Received Import Request.
  Time since last request: 0.134371 seconds.
  path: Assets/Scenes/Level2.unity
  artifactKey: Guid(9b10356896b58c74bb596062fb19963e) Importer(815301076,1909f56bfc062723c751e8b465ee728b)
Start importing Assets/Scenes/Level2.unity using Guid(9b10356896b58c74bb596062fb19963e) Importer(815301076,1909f56bfc062723c751e8b465ee728b)  -> (artifact id: '6b8ae771ee5579f7f40e564139f242a8') in 0.005268 seconds 
  Import took 0.021884 seconds .

========================================================================
Received Import Request.
  Time since last request: 9.356623 seconds.
  path: Assets/Scenes/Level1.unity
  artifactKey: Guid(572862d6ebc622349b9731d365c0dd65) Importer(815301076,1909f56bfc062723c751e8b465ee728b)
Start importing Assets/Scenes/Level1.unity using Guid(572862d6ebc622349b9731d365c0dd65) Importer(815301076,1909f56bfc062723c751e8b465ee728b)  -> (artifact id: 'c86eaeebf7a336a95ce871b6088e9a11') in 0.004625 seconds 
  Import took 0.017753 seconds .

========================================================================
Received Prepare
Registering precompiled user dll's ...
Registered in 0.012606 seconds.
Begin MonoManager ReloadAssembly
Native extension for WindowsStandalone target not found
Refreshing native plugins compatible for Editor in 1.28 ms, found 2 plugins.
Preloading 0 native plugins for Editor in 0.00 ms.
Mono: successfully reloaded assembly
- Completed reload, in  3.360 seconds
Domain Reload Profiling:
	ReloadAssembly (3361ms)
		BeginReloadAssembly (259ms)
			ExecutionOrderSort (0ms)
			DisableScriptedObjects (16ms)
			BackupInstance (0ms)
			ReleaseScriptingObjects (0ms)
			CreateAndSetChildDomain (90ms)
		EndReloadAssembly (2959ms)
			LoadAssemblies (269ms)
			RebuildTransferFunctionScriptingTraits (0ms)
			SetupTypeCache (1113ms)
			ReleaseScriptCaches (3ms)
			RebuildScriptCaches (142ms)
			SetupLoadedEditorAssemblies (882ms)
				LogAssemblyErrors (0ms)
				InitializePlatformSupportModulesInManaged (10ms)
				SetLoadedEditorAssemblies (1ms)
				RefreshPlugins (1ms)
				BeforeProcessingInitializeOnLoad (233ms)
				ProcessInitializeOnLoadAttributes (605ms)
				ProcessInitializeOnLoadMethodAttributes (17ms)
				AfterProcessingInitializeOnLoad (14ms)
				EditorAssembliesLoaded (1ms)
			ExecutionOrderSort2 (0ms)
			AwakeInstancesAfterBackupRestoration (82ms)
Platform modules already initialized, skipping
Switching build target platform(19) subTarget(0) extendedPlatform(0) -> platform(13) subTarget(537395200) extendedPlatform(0)
Refreshing native plugins compatible for Editor in 1.43 ms, found 2 plugins.
Preloading 0 native plugins for Editor in 0.00 ms.
Unloading 3739 Unused Serialized files (Serialized files now loaded: 0)
System memory in use before: 155.1 MB.
System memory in use after: 155.3 MB.

Unloading 16 unused Assets to reduce memory usage. Loaded Objects now: 4389.
Total: 10.343900 ms (FindLiveObjects: 0.727100 ms CreateObjectMapping: 0.478600 ms MarkObjects: 9.063100 ms  DeleteObjects: 0.072100 ms)

AssetImportParameters requested are different than current active one (requested -> active):
  custom:framework-win-MediaFoundation: 216162199b28c13a410421893ffa2e32 -> 
  custom:video-decoder-ogg-theora: a1e56fd34408186e4bbccfd4996cb3dc -> 
  custom:container-muxer-webm: aa71ff27fc2769a1b78a27578f13a17b -> 
  custom:container-demuxer-webm: 4f35f7cbe854078d1ac9338744f61a02 -> 
  custom:container-demuxer-ogg: 62fdf1f143b41e24485cea50d1cbac27 -> 
  custom:video-encoder-webm-vp8: eb34c28f22e8b96e1ab97ce403110664 -> 
  custom:video-decoder-webm-vp8: 9c59270c3fd7afecdb556c50c9e8de78 -> 
  custom:graphics/normal-map-encoding: 01000000000000000000000000000000 -> 02000000000000000000000000000000
  custom:audio-decoder-ogg-vorbis: bf7c407c2cedff20999df2af8eb42d56 -> 
  custom:audio-encoder-webm-vorbis: bf7c407c2cedff20999df2af8eb42d56 -> 
========================================================================
Received Import Request.
  Time since last request: 561.367925 seconds.
  path: Assets/Scripts/Mechanics/Compass.cs
  artifactKey: Guid(37bbd9c9762aa8346bc18f069ddeb2d8) Importer(815301076,1909f56bfc062723c751e8b465ee728b)
Start importing Assets/Scripts/Mechanics/Compass.cs using Guid(37bbd9c9762aa8346bc18f069ddeb2d8) Importer(815301076,1909f56bfc062723c751e8b465ee728b)  -> (artifact id: '781605dddc9547db8d0fd5e66fa8ce8e') in 0.024705 seconds 
  Import took 0.074446 seconds .

========================================================================
Received Import Request.
  Time since last request: 44.145215 seconds.
  path: Assets/Scripts/Mechanics/Compass.cs
  artifactKey: Guid(37bbd9c9762aa8346bc18f069ddeb2d8) Importer(815301076,1909f56bfc062723c751e8b465ee728b)
Start importing Assets/Scripts/Mechanics/Compass.cs using Guid(37bbd9c9762aa8346bc18f069ddeb2d8) Importer(815301076,1909f56bfc062723c751e8b465ee728b)  -> (artifact id: '76066dcda3060ddda1b7db45d1bdb5c5') in 0.005642 seconds 
  Import took 0.053515 seconds .

========================================================================
Received Prepare
Registering precompiled user dll's ...
Registered in 0.007776 seconds.
Begin MonoManager ReloadAssembly
Native extension for WindowsStandalone target not found
Refreshing native plugins compatible for Editor in 1.61 ms, found 2 plugins.
Preloading 0 native plugins for Editor in 0.00 ms.
Mono: successfully reloaded assembly
- Completed reload, in  3.257 seconds
Domain Reload Profiling:
	ReloadAssembly (3258ms)
		BeginReloadAssembly (240ms)
			ExecutionOrderSort (0ms)
			DisableScriptedObjects (10ms)
			BackupInstance (0ms)
			ReleaseScriptingObjects (0ms)
			CreateAndSetChildDomain (69ms)
		EndReloadAssembly (2837ms)
			LoadAssemblies (237ms)
			RebuildTransferFunctionScriptingTraits (0ms)
			SetupTypeCache (988ms)
			ReleaseScriptCaches (3ms)
			RebuildScriptCaches (133ms)
			SetupLoadedEditorAssemblies (907ms)
				LogAssemblyErrors (0ms)
				InitializePlatformSupportModulesInManaged (10ms)
				SetLoadedEditorAssemblies (1ms)
				RefreshPlugins (2ms)
				BeforeProcessingInitializeOnLoad (254ms)
				ProcessInitializeOnLoadAttributes (609ms)
				ProcessInitializeOnLoadMethodAttributes (15ms)
				AfterProcessingInitializeOnLoad (16ms)
				EditorAssembliesLoaded (1ms)
			ExecutionOrderSort2 (0ms)
			AwakeInstancesAfterBackupRestoration (81ms)
Platform modules already initialized, skipping
Switching build target platform(19) subTarget(0) extendedPlatform(0) -> platform(13) subTarget(537395200) extendedPlatform(0)
Refreshing native plugins compatible for Editor in 1.25 ms, found 2 plugins.
Preloading 0 native plugins for Editor in 0.00 ms.
Unloading 3739 Unused Serialized files (Serialized files now loaded: 0)
System memory in use before: 155.1 MB.
System memory in use after: 155.3 MB.

Unloading 16 unused Assets to reduce memory usage. Loaded Objects now: 4391.
Total: 10.137000 ms (FindLiveObjects: 0.884500 ms CreateObjectMapping: 0.673400 ms MarkObjects: 8.527700 ms  DeleteObjects: 0.049100 ms)

AssetImportParameters requested are different than current active one (requested -> active):
  custom:framework-win-MediaFoundation: 216162199b28c13a410421893ffa2e32 -> 
  custom:video-decoder-ogg-theora: a1e56fd34408186e4bbccfd4996cb3dc -> 
  custom:container-muxer-webm: aa71ff27fc2769a1b78a27578f13a17b -> 
  custom:container-demuxer-webm: 4f35f7cbe854078d1ac9338744f61a02 -> 
  custom:container-demuxer-ogg: 62fdf1f143b41e24485cea50d1cbac27 -> 
  custom:video-encoder-webm-vp8: eb34c28f22e8b96e1ab97ce403110664 -> 
  custom:video-decoder-webm-vp8: 9c59270c3fd7afecdb556c50c9e8de78 -> 
  custom:graphics/normal-map-encoding: 01000000000000000000000000000000 -> 02000000000000000000000000000000
  custom:audio-decoder-ogg-vorbis: bf7c407c2cedff20999df2af8eb42d56 -> 
  custom:audio-encoder-webm-vorbis: bf7c407c2cedff20999df2af8eb42d56 -> 
========================================================================
Received Prepare
Registering precompiled user dll's ...
Registered in 0.010683 seconds.
Begin MonoManager ReloadAssembly
Native extension for WindowsStandalone target not found
Refreshing native plugins compatible for Editor in 1.63 ms, found 2 plugins.
Preloading 0 native plugins for Editor in 0.00 ms.
Mono: successfully reloaded assembly
- Completed reload, in  3.822 seconds
Domain Reload Profiling:
	ReloadAssembly (3823ms)
		BeginReloadAssembly (303ms)
			ExecutionOrderSort (0ms)
			DisableScriptedObjects (14ms)
			BackupInstance (0ms)
			ReleaseScriptingObjects (0ms)
			CreateAndSetChildDomain (98ms)
		EndReloadAssembly (3329ms)
			LoadAssemblies (272ms)
			RebuildTransferFunctionScriptingTraits (0ms)
			SetupTypeCache (1048ms)
			ReleaseScriptCaches (5ms)
			RebuildScriptCaches (187ms)
			SetupLoadedEditorAssemblies (1100ms)
				LogAssemblyErrors (0ms)
				InitializePlatformSupportModulesInManaged (15ms)
				SetLoadedEditorAssemblies (1ms)
				RefreshPlugins (2ms)
				BeforeProcessingInitializeOnLoad (338ms)
				ProcessInitializeOnLoadAttributes (720ms)
				ProcessInitializeOnLoadMethodAttributes (11ms)
				AfterProcessingInitializeOnLoad (12ms)
				EditorAssembliesLoaded (1ms)
			ExecutionOrderSort2 (0ms)
			AwakeInstancesAfterBackupRestoration (81ms)
Platform modules already initialized, skipping
Switching build target platform(19) subTarget(0) extendedPlatform(0) -> platform(13) subTarget(537395200) extendedPlatform(0)
Refreshing native plugins compatible for Editor in 1.64 ms, found 2 plugins.
Preloading 0 native plugins for Editor in 0.00 ms.
Unloading 3739 Unused Serialized files (Serialized files now loaded: 0)
System memory in use before: 155.1 MB.
System memory in use after: 155.4 MB.

Unloading 16 unused Assets to reduce memory usage. Loaded Objects now: 4393.
Total: 9.083600 ms (FindLiveObjects: 0.659100 ms CreateObjectMapping: 0.374400 ms MarkObjects: 7.901400 ms  DeleteObjects: 0.146400 ms)

AssetImportParameters requested are different than current active one (requested -> active):
  custom:framework-win-MediaFoundation: 216162199b28c13a410421893ffa2e32 -> 
  custom:video-decoder-ogg-theora: a1e56fd34408186e4bbccfd4996cb3dc -> 
  custom:container-muxer-webm: aa71ff27fc2769a1b78a27578f13a17b -> 
  custom:container-demuxer-webm: 4f35f7cbe854078d1ac9338744f61a02 -> 
  custom:container-demuxer-ogg: 62fdf1f143b41e24485cea50d1cbac27 -> 
  custom:video-encoder-webm-vp8: eb34c28f22e8b96e1ab97ce403110664 -> 
  custom:video-decoder-webm-vp8: 9c59270c3fd7afecdb556c50c9e8de78 -> 
  custom:graphics/normal-map-encoding: 01000000000000000000000000000000 -> 02000000000000000000000000000000
  custom:audio-decoder-ogg-vorbis: bf7c407c2cedff20999df2af8eb42d56 -> 
  custom:audio-encoder-webm-vorbis: bf7c407c2cedff20999df2af8eb42d56 -> 
========================================================================
Received Prepare
Registering precompiled user dll's ...
Registered in 0.008096 seconds.
Begin MonoManager ReloadAssembly
Native extension for WindowsStandalone target not found
Refreshing native plugins compatible for Editor in 1.35 ms, found 2 plugins.
Preloading 0 native plugins for Editor in 0.00 ms.
Mono: successfully reloaded assembly
- Completed reload, in  3.436 seconds
Domain Reload Profiling:
	ReloadAssembly (3437ms)
		BeginReloadAssembly (214ms)
			ExecutionOrderSort (0ms)
			DisableScriptedObjects (11ms)
			BackupInstance (0ms)
			ReleaseScriptingObjects (0ms)
			CreateAndSetChildDomain (72ms)
		EndReloadAssembly (3089ms)
			LoadAssemblies (204ms)
			RebuildTransferFunctionScriptingTraits (0ms)
			SetupTypeCache (1038ms)
			ReleaseScriptCaches (3ms)
			RebuildScriptCaches (146ms)
			SetupLoadedEditorAssemblies (952ms)
				LogAssemblyErrors (0ms)
				InitializePlatformSupportModulesInManaged (13ms)
				SetLoadedEditorAssemblies (1ms)
				RefreshPlugins (1ms)
				BeforeProcessingInitializeOnLoad (248ms)
				ProcessInitializeOnLoadAttributes (645ms)
				ProcessInitializeOnLoadMethodAttributes (22ms)
				AfterProcessingInitializeOnLoad (19ms)
				EditorAssembliesLoaded (1ms)
			ExecutionOrderSort2 (0ms)
			AwakeInstancesAfterBackupRestoration (116ms)
Platform modules already initialized, skipping
Switching build target platform(19) subTarget(0) extendedPlatform(0) -> platform(13) subTarget(537395200) extendedPlatform(0)
Refreshing native plugins compatible for Editor in 1.69 ms, found 2 plugins.
Preloading 0 native plugins for Editor in 0.00 ms.
Unloading 3739 Unused Serialized files (Serialized files now loaded: 0)
System memory in use before: 155.1 MB.
System memory in use after: 155.4 MB.

Unloading 16 unused Assets to reduce memory usage. Loaded Objects now: 4395.
Total: 12.169100 ms (FindLiveObjects: 0.855500 ms CreateObjectMapping: 0.544900 ms MarkObjects: 10.681500 ms  DeleteObjects: 0.083400 ms)

AssetImportParameters requested are different than current active one (requested -> active):
  custom:framework-win-MediaFoundation: 216162199b28c13a410421893ffa2e32 -> 
  custom:video-decoder-ogg-theora: a1e56fd34408186e4bbccfd4996cb3dc -> 
  custom:container-muxer-webm: aa71ff27fc2769a1b78a27578f13a17b -> 
  custom:container-demuxer-webm: 4f35f7cbe854078d1ac9338744f61a02 -> 
  custom:container-demuxer-ogg: 62fdf1f143b41e24485cea50d1cbac27 -> 
  custom:video-encoder-webm-vp8: eb34c28f22e8b96e1ab97ce403110664 -> 
  custom:video-decoder-webm-vp8: 9c59270c3fd7afecdb556c50c9e8de78 -> 
  custom:graphics/normal-map-encoding: 01000000000000000000000000000000 -> 02000000000000000000000000000000
  custom:audio-decoder-ogg-vorbis: bf7c407c2cedff20999df2af8eb42d56 -> 
  custom:audio-encoder-webm-vorbis: bf7c407c2cedff20999df2af8eb42d56 -> 
========================================================================
Received Prepare
Registering precompiled user dll's ...
Registered in 0.010578 seconds.
Begin MonoManager ReloadAssembly
Native extension for WindowsStandalone target not found
Refreshing native plugins compatible for Editor in 1.62 ms, found 2 plugins.
Preloading 0 native plugins for Editor in 0.00 ms.
Mono: successfully reloaded assembly
- Completed reload, in  4.449 seconds
Domain Reload Profiling:
	ReloadAssembly (4451ms)
		BeginReloadAssembly (291ms)
			ExecutionOrderSort (0ms)
			DisableScriptedObjects (11ms)
			BackupInstance (0ms)
			ReleaseScriptingObjects (0ms)
			CreateAndSetChildDomain (107ms)
		EndReloadAssembly (3986ms)
			LoadAssemblies (258ms)
			RebuildTransferFunctionScriptingTraits (0ms)
			SetupTypeCache (1398ms)
			ReleaseScriptCaches (6ms)
			RebuildScriptCaches (175ms)
			SetupLoadedEditorAssemblies (1238ms)
				LogAssemblyErrors (0ms)
				InitializePlatformSupportModulesInManaged (14ms)
				SetLoadedEditorAssemblies (1ms)
				RefreshPlugins (2ms)
				BeforeProcessingInitializeOnLoad (321ms)
				ProcessInitializeOnLoadAttributes (855ms)
				ProcessInitializeOnLoadMethodAttributes (21ms)
				AfterProcessingInitializeOnLoad (23ms)
				EditorAssembliesLoaded (1ms)
			ExecutionOrderSort2 (0ms)
			AwakeInstancesAfterBackupRestoration (128ms)
Platform modules already initialized, skipping
Switching build target platform(19) subTarget(0) extendedPlatform(0) -> platform(13) subTarget(537395200) extendedPlatform(0)
Refreshing native plugins compatible for Editor in 2.03 ms, found 2 plugins.
Preloading 0 native plugins for Editor in 0.00 ms.
Unloading 3739 Unused Serialized files (Serialized files now loaded: 0)
System memory in use before: 155.1 MB.
System memory in use after: 155.4 MB.

Unloading 16 unused Assets to reduce memory usage. Loaded Objects now: 4397.
Total: 7.566000 ms (FindLiveObjects: 0.586100 ms CreateObjectMapping: 0.408200 ms MarkObjects: 6.531500 ms  DeleteObjects: 0.038200 ms)

AssetImportParameters requested are different than current active one (requested -> active):
  custom:framework-win-MediaFoundation: 216162199b28c13a410421893ffa2e32 -> 
  custom:video-decoder-ogg-theora: a1e56fd34408186e4bbccfd4996cb3dc -> 
  custom:container-muxer-webm: aa71ff27fc2769a1b78a27578f13a17b -> 
  custom:container-demuxer-webm: 4f35f7cbe854078d1ac9338744f61a02 -> 
  custom:container-demuxer-ogg: 62fdf1f143b41e24485cea50d1cbac27 -> 
  custom:video-encoder-webm-vp8: eb34c28f22e8b96e1ab97ce403110664 -> 
  custom:video-decoder-webm-vp8: 9c59270c3fd7afecdb556c50c9e8de78 -> 
  custom:graphics/normal-map-encoding: 01000000000000000000000000000000 -> 02000000000000000000000000000000
  custom:audio-decoder-ogg-vorbis: bf7c407c2cedff20999df2af8eb42d56 -> 
  custom:audio-encoder-webm-vorbis: bf7c407c2cedff20999df2af8eb42d56 -> 
========================================================================
Received Import Request.
  Time since last request: 563.936607 seconds.
  path: Assets/Scenes/Level1.unity
  artifactKey: Guid(572862d6ebc622349b9731d365c0dd65) Importer(815301076,1909f56bfc062723c751e8b465ee728b)
Start importing Assets/Scenes/Level1.unity using Guid(572862d6ebc622349b9731d365c0dd65) Importer(815301076,1909f56bfc062723c751e8b465ee728b)  -> (artifact id: '368e870403332d88202f533c71c76032') in 0.028904 seconds 
  Import took 0.099494 seconds .

========================================================================
Received Prepare
Registering precompiled user dll's ...
Registered in 0.012988 seconds.
Begin MonoManager ReloadAssembly
Native extension for WindowsStandalone target not found
Refreshing native plugins compatible for Editor in 1.33 ms, found 2 plugins.
Preloading 0 native plugins for Editor in 0.00 ms.
Mono: successfully reloaded assembly
- Completed reload, in  3.776 seconds
Domain Reload Profiling:
	ReloadAssembly (3777ms)
		BeginReloadAssembly (312ms)
			ExecutionOrderSort (0ms)
			DisableScriptedObjects (14ms)
			BackupInstance (0ms)
			ReleaseScriptingObjects (0ms)
			CreateAndSetChildDomain (103ms)
		EndReloadAssembly (3261ms)
			LoadAssemblies (300ms)
			RebuildTransferFunctionScriptingTraits (0ms)
			SetupTypeCache (1086ms)
			ReleaseScriptCaches (3ms)
			RebuildScriptCaches (127ms)
			SetupLoadedEditorAssemblies (1137ms)
				LogAssemblyErrors (0ms)
				InitializePlatformSupportModulesInManaged (11ms)
				SetLoadedEditorAssemblies (1ms)
				RefreshPlugins (1ms)
				BeforeProcessingInitializeOnLoad (275ms)
				ProcessInitializeOnLoadAttributes (791ms)
				ProcessInitializeOnLoadMethodAttributes (35ms)
				AfterProcessingInitializeOnLoad (22ms)
				EditorAssembliesLoaded (1ms)
			ExecutionOrderSort2 (0ms)
			AwakeInstancesAfterBackupRestoration (98ms)
Platform modules already initialized, skipping
Switching build target platform(19) subTarget(0) extendedPlatform(0) -> platform(13) subTarget(537395200) extendedPlatform(0)
Refreshing native plugins compatible for Editor in 1.34 ms, found 2 plugins.
Preloading 0 native plugins for Editor in 0.00 ms.
Unloading 3739 Unused Serialized files (Serialized files now loaded: 0)
System memory in use before: 155.1 MB.
System memory in use after: 155.4 MB.

Unloading 16 unused Assets to reduce memory usage. Loaded Objects now: 4399.
Total: 8.711900 ms (FindLiveObjects: 0.657500 ms CreateObjectMapping: 0.420700 ms MarkObjects: 7.582500 ms  DeleteObjects: 0.048900 ms)

AssetImportParameters requested are different than current active one (requested -> active):
  custom:framework-win-MediaFoundation: 216162199b28c13a410421893ffa2e32 -> 
  custom:video-decoder-ogg-theora: a1e56fd34408186e4bbccfd4996cb3dc -> 
  custom:container-muxer-webm: aa71ff27fc2769a1b78a27578f13a17b -> 
  custom:container-demuxer-webm: 4f35f7cbe854078d1ac9338744f61a02 -> 
  custom:container-demuxer-ogg: 62fdf1f143b41e24485cea50d1cbac27 -> 
  custom:video-encoder-webm-vp8: eb34c28f22e8b96e1ab97ce403110664 -> 
  custom:video-decoder-webm-vp8: 9c59270c3fd7afecdb556c50c9e8de78 -> 
  custom:graphics/normal-map-encoding: 01000000000000000000000000000000 -> 02000000000000000000000000000000
  custom:audio-decoder-ogg-vorbis: bf7c407c2cedff20999df2af8eb42d56 -> 
  custom:audio-encoder-webm-vorbis: bf7c407c2cedff20999df2af8eb42d56 -> 
========================================================================
Received Import Request.
  Time since last request: 125.455217 seconds.
  path: Assets/Scripts/Mechanics/Paint.cs
  artifactKey: Guid(2907fd2c9c3db934989efc2bcb9108ac) Importer(815301076,1909f56bfc062723c751e8b465ee728b)
Start importing Assets/Scripts/Mechanics/Paint.cs using Guid(2907fd2c9c3db934989efc2bcb9108ac) Importer(815301076,1909f56bfc062723c751e8b465ee728b)  -> (artifact id: 'fbbfd56d20d40107313d020f3aeb2b43') in 0.019589 seconds 
  Import took 0.058177 seconds .

========================================================================
Received Import Request.
  Time since last request: 36.563596 seconds.
  path: Assets/Scripts/Mechanics/Paint.cs
  artifactKey: Guid(2907fd2c9c3db934989efc2bcb9108ac) Importer(815301076,1909f56bfc062723c751e8b465ee728b)
Start importing Assets/Scripts/Mechanics/Paint.cs using Guid(2907fd2c9c3db934989efc2bcb9108ac) Importer(815301076,1909f56bfc062723c751e8b465ee728b)  -> (artifact id: '00000000000000000000000000000000') in 0.000727 seconds  code(4) message(Build asset version error: assets/scripts/mechanics/paint.cs in SourceAssetDB has modification time of '2021-09-15T16:51:16.3440706Z' while content on disk has modification time of '2021-09-15T16:51:17.5263096Z')
  ERROR: Build asset version error: assets/scripts/mechanics/paint.cs in SourceAssetDB has modification time of '2021-09-15T16:51:16.3440706Z' while content on disk has modification time of '2021-09-15T16:51:17.5263096Z'
  Import took 0.013215 seconds .

========================================================================
Received Import Request.
  Time since last request: 0.143227 seconds.
  path: Assets/Scripts/Mechanics/Paint.cs
  artifactKey: Guid(2907fd2c9c3db934989efc2bcb9108ac) Importer(815301076,1909f56bfc062723c751e8b465ee728b)
Start importing Assets/Scripts/Mechanics/Paint.cs using Guid(2907fd2c9c3db934989efc2bcb9108ac) Importer(815301076,1909f56bfc062723c751e8b465ee728b)  -> (artifact id: '00000000000000000000000000000000') in 0.000781 seconds  code(4) message(Build asset version error: assets/scripts/mechanics/paint.cs in SourceAssetDB has modification time of '2021-09-15T16:51:16.3440706Z' while content on disk has modification time of '2021-09-15T16:51:17.5263096Z')
  ERROR: Build asset version error: assets/scripts/mechanics/paint.cs in SourceAssetDB has modification time of '2021-09-15T16:51:16.3440706Z' while content on disk has modification time of '2021-09-15T16:51:17.5263096Z'
  Import took 0.017163 seconds .

========================================================================
Received Import Request.
  Time since last request: 0.098358 seconds.
  path: Assets/Scripts/Mechanics/Paint.cs
  artifactKey: Guid(2907fd2c9c3db934989efc2bcb9108ac) Importer(815301076,1909f56bfc062723c751e8b465ee728b)
Start importing Assets/Scripts/Mechanics/Paint.cs using Guid(2907fd2c9c3db934989efc2bcb9108ac) Importer(815301076,1909f56bfc062723c751e8b465ee728b)  -> (artifact id: 'b274027145021050325cca4d84acc33b') in 0.006992 seconds 
  Import took 0.125652 seconds .

========================================================================
Received Prepare
Registering precompiled user dll's ...
Registered in 0.009795 seconds.
Begin MonoManager ReloadAssembly
Native extension for WindowsStandalone target not found
Refreshing native plugins compatible for Editor in 1.42 ms, found 2 plugins.
Preloading 0 native plugins for Editor in 0.00 ms.
Mono: successfully reloaded assembly
- Completed reload, in  3.316 seconds
Domain Reload Profiling:
	ReloadAssembly (3317ms)
		BeginReloadAssembly (271ms)
			ExecutionOrderSort (0ms)
			DisableScriptedObjects (12ms)
			BackupInstance (0ms)
			ReleaseScriptingObjects (0ms)
			CreateAndSetChildDomain (79ms)
		EndReloadAssembly (2896ms)
			LoadAssemblies (252ms)
			RebuildTransferFunctionScriptingTraits (0ms)
			SetupTypeCache (1002ms)
			ReleaseScriptCaches (5ms)
			RebuildScriptCaches (126ms)
			SetupLoadedEditorAssemblies (836ms)
				LogAssemblyErrors (0ms)
				InitializePlatformSupportModulesInManaged (10ms)
				SetLoadedEditorAssemblies (1ms)
				RefreshPlugins (2ms)
				BeforeProcessingInitializeOnLoad (238ms)
				ProcessInitializeOnLoadAttributes (553ms)
				ProcessInitializeOnLoadMethodAttributes (18ms)
				AfterProcessingInitializeOnLoad (14ms)
				EditorAssembliesLoaded (1ms)
			ExecutionOrderSort2 (0ms)
			AwakeInstancesAfterBackupRestoration (85ms)
Platform modules already initialized, skipping
Switching build target platform(19) subTarget(0) extendedPlatform(0) -> platform(13) subTarget(537395200) extendedPlatform(0)
Refreshing native plugins compatible for Editor in 2.42 ms, found 2 plugins.
Preloading 0 native plugins for Editor in 0.00 ms.
Unloading 3739 Unused Serialized files (Serialized files now loaded: 0)
System memory in use before: 155.1 MB.
System memory in use after: 155.4 MB.

Unloading 16 unused Assets to reduce memory usage. Loaded Objects now: 4401.
Total: 10.745000 ms (FindLiveObjects: 0.709900 ms CreateObjectMapping: 0.458700 ms MarkObjects: 9.520300 ms  DeleteObjects: 0.053500 ms)

AssetImportParameters requested are different than current active one (requested -> active):
  custom:framework-win-MediaFoundation: 216162199b28c13a410421893ffa2e32 -> 
  custom:video-decoder-ogg-theora: a1e56fd34408186e4bbccfd4996cb3dc -> 
  custom:container-muxer-webm: aa71ff27fc2769a1b78a27578f13a17b -> 
  custom:container-demuxer-webm: 4f35f7cbe854078d1ac9338744f61a02 -> 
  custom:container-demuxer-ogg: 62fdf1f143b41e24485cea50d1cbac27 -> 
  custom:video-encoder-webm-vp8: eb34c28f22e8b96e1ab97ce403110664 -> 
  custom:video-decoder-webm-vp8: 9c59270c3fd7afecdb556c50c9e8de78 -> 
  custom:graphics/normal-map-encoding: 01000000000000000000000000000000 -> 02000000000000000000000000000000
  custom:audio-decoder-ogg-vorbis: bf7c407c2cedff20999df2af8eb42d56 -> 
  custom:audio-encoder-webm-vorbis: bf7c407c2cedff20999df2af8eb42d56 -> 
========================================================================
Received Import Request.
  Time since last request: 22.310930 seconds.
  path: Assets/Scenes/Level1.unity
  artifactKey: Guid(572862d6ebc622349b9731d365c0dd65) Importer(815301076,1909f56bfc062723c751e8b465ee728b)
Start importing Assets/Scenes/Level1.unity using Guid(572862d6ebc622349b9731d365c0dd65) Importer(815301076,1909f56bfc062723c751e8b465ee728b)  -> (artifact id: '23eaa1954c10d5fbcd4b0d3245eac95f') in 0.032504 seconds 
  Import took 0.047790 seconds .

========================================================================
Received Import Request.
  Time since last request: 0.225304 seconds.
  path: Assets/Scenes/Level1.unity
  artifactKey: Guid(572862d6ebc622349b9731d365c0dd65) Importer(815301076,1909f56bfc062723c751e8b465ee728b)
Start importing Assets/Scenes/Level1.unity using Guid(572862d6ebc622349b9731d365c0dd65) Importer(815301076,1909f56bfc062723c751e8b465ee728b)  -> (artifact id: '23eaa1954c10d5fbcd4b0d3245eac95f') in 0.005370 seconds 
  Import took 0.017957 seconds .

========================================================================
Received Prepare
Registering precompiled user dll's ...
Registered in 0.009709 seconds.
Begin MonoManager ReloadAssembly
Native extension for WindowsStandalone target not found
Refreshing native plugins compatible for Editor in 2.61 ms, found 2 plugins.
Preloading 0 native plugins for Editor in 0.00 ms.
Mono: successfully reloaded assembly
- Completed reload, in  4.765 seconds
Domain Reload Profiling:
	ReloadAssembly (4766ms)
		BeginReloadAssembly (260ms)
			ExecutionOrderSort (0ms)
			DisableScriptedObjects (13ms)
			BackupInstance (0ms)
			ReleaseScriptingObjects (0ms)
			CreateAndSetChildDomain (88ms)
		EndReloadAssembly (4383ms)
			LoadAssemblies (267ms)
			RebuildTransferFunctionScriptingTraits (0ms)
			SetupTypeCache (1821ms)
			ReleaseScriptCaches (3ms)
			RebuildScriptCaches (220ms)
			SetupLoadedEditorAssemblies (1036ms)
				LogAssemblyErrors (0ms)
				InitializePlatformSupportModulesInManaged (13ms)
				SetLoadedEditorAssemblies (2ms)
				RefreshPlugins (3ms)
				BeforeProcessingInitializeOnLoad (295ms)
				ProcessInitializeOnLoadAttributes (683ms)
				ProcessInitializeOnLoadMethodAttributes (23ms)
				AfterProcessingInitializeOnLoad (17ms)
				EditorAssembliesLoaded (1ms)
			ExecutionOrderSort2 (0ms)
			AwakeInstancesAfterBackupRestoration (154ms)
Platform modules already initialized, skipping
Switching build target platform(19) subTarget(0) extendedPlatform(0) -> platform(13) subTarget(537395200) extendedPlatform(0)
Refreshing native plugins compatible for Editor in 2.12 ms, found 2 plugins.
Preloading 0 native plugins for Editor in 0.00 ms.
Unloading 3739 Unused Serialized files (Serialized files now loaded: 0)
System memory in use before: 155.2 MB.
System memory in use after: 155.4 MB.

Unloading 16 unused Assets to reduce memory usage. Loaded Objects now: 4403.
Total: 12.614400 ms (FindLiveObjects: 0.769000 ms CreateObjectMapping: 0.559800 ms MarkObjects: 11.213900 ms  DeleteObjects: 0.069200 ms)

AssetImportParameters requested are different than current active one (requested -> active):
  custom:framework-win-MediaFoundation: 216162199b28c13a410421893ffa2e32 -> 
  custom:video-decoder-ogg-theora: a1e56fd34408186e4bbccfd4996cb3dc -> 
  custom:container-muxer-webm: aa71ff27fc2769a1b78a27578f13a17b -> 
  custom:container-demuxer-webm: 4f35f7cbe854078d1ac9338744f61a02 -> 
  custom:container-demuxer-ogg: 62fdf1f143b41e24485cea50d1cbac27 -> 
  custom:video-encoder-webm-vp8: eb34c28f22e8b96e1ab97ce403110664 -> 
  custom:video-decoder-webm-vp8: 9c59270c3fd7afecdb556c50c9e8de78 -> 
  custom:graphics/normal-map-encoding: 01000000000000000000000000000000 -> 02000000000000000000000000000000
  custom:audio-decoder-ogg-vorbis: bf7c407c2cedff20999df2af8eb42d56 -> 
  custom:audio-encoder-webm-vorbis: bf7c407c2cedff20999df2af8eb42d56 -> 
========================================================================
Received Prepare
Registering precompiled user dll's ...
Registered in 0.010328 seconds.
Begin MonoManager ReloadAssembly
Native extension for WindowsStandalone target not found
Refreshing native plugins compatible for Editor in 1.64 ms, found 2 plugins.
Preloading 0 native plugins for Editor in 0.00 ms.
Mono: successfully reloaded assembly
- Completed reload, in  3.728 seconds
Domain Reload Profiling:
	ReloadAssembly (3729ms)
		BeginReloadAssembly (253ms)
			ExecutionOrderSort (0ms)
			DisableScriptedObjects (15ms)
			BackupInstance (0ms)
			ReleaseScriptingObjects (0ms)
			CreateAndSetChildDomain (71ms)
		EndReloadAssembly (3289ms)
			LoadAssemblies (242ms)
			RebuildTransferFunctionScriptingTraits (0ms)
			SetupTypeCache (1026ms)
			ReleaseScriptCaches (3ms)
			RebuildScriptCaches (101ms)
			SetupLoadedEditorAssemblies (1119ms)
				LogAssemblyErrors (0ms)
				InitializePlatformSupportModulesInManaged (14ms)
				SetLoadedEditorAssemblies (1ms)
				RefreshPlugins (2ms)
				BeforeProcessingInitializeOnLoad (289ms)
				ProcessInitializeOnLoadAttributes (775ms)
				ProcessInitializeOnLoadMethodAttributes (16ms)
				AfterProcessingInitializeOnLoad (21ms)
				EditorAssembliesLoaded (1ms)
			ExecutionOrderSort2 (0ms)
			AwakeInstancesAfterBackupRestoration (85ms)
Platform modules already initialized, skipping
Switching build target platform(19) subTarget(0) extendedPlatform(0) -> platform(13) subTarget(537395200) extendedPlatform(0)
Refreshing native plugins compatible for Editor in 2.01 ms, found 2 plugins.
Preloading 0 native plugins for Editor in 0.00 ms.
Unloading 3739 Unused Serialized files (Serialized files now loaded: 0)
System memory in use before: 155.2 MB.
System memory in use after: 155.4 MB.

Unloading 16 unused Assets to reduce memory usage. Loaded Objects now: 4405.
Total: 12.531400 ms (FindLiveObjects: 0.677000 ms CreateObjectMapping: 0.416200 ms MarkObjects: 11.352100 ms  DeleteObjects: 0.083200 ms)

AssetImportParameters requested are different than current active one (requested -> active):
  custom:framework-win-MediaFoundation: 216162199b28c13a410421893ffa2e32 -> 
  custom:video-decoder-ogg-theora: a1e56fd34408186e4bbccfd4996cb3dc -> 
  custom:container-muxer-webm: aa71ff27fc2769a1b78a27578f13a17b -> 
  custom:container-demuxer-webm: 4f35f7cbe854078d1ac9338744f61a02 -> 
  custom:container-demuxer-ogg: 62fdf1f143b41e24485cea50d1cbac27 -> 
  custom:video-encoder-webm-vp8: eb34c28f22e8b96e1ab97ce403110664 -> 
  custom:video-decoder-webm-vp8: 9c59270c3fd7afecdb556c50c9e8de78 -> 
  custom:graphics/normal-map-encoding: 01000000000000000000000000000000 -> 02000000000000000000000000000000
  custom:audio-decoder-ogg-vorbis: bf7c407c2cedff20999df2af8eb42d56 -> 
  custom:audio-encoder-webm-vorbis: bf7c407c2cedff20999df2af8eb42d56 -> 
========================================================================
Received Prepare
Registering precompiled user dll's ...
Registered in 0.012164 seconds.
Begin MonoManager ReloadAssembly
Native extension for WindowsStandalone target not found
Refreshing native plugins compatible for Editor in 1.27 ms, found 2 plugins.
Preloading 0 native plugins for Editor in 0.00 ms.
Mono: successfully reloaded assembly
- Completed reload, in  3.893 seconds
Domain Reload Profiling:
	ReloadAssembly (3894ms)
		BeginReloadAssembly (281ms)
			ExecutionOrderSort (0ms)
			DisableScriptedObjects (11ms)
			BackupInstance (0ms)
			ReleaseScriptingObjects (0ms)
			CreateAndSetChildDomain (91ms)
		EndReloadAssembly (3379ms)
			LoadAssemblies (289ms)
			RebuildTransferFunctionScriptingTraits (0ms)
			SetupTypeCache (1102ms)
			ReleaseScriptCaches (3ms)
			RebuildScriptCaches (111ms)
			SetupLoadedEditorAssemblies (1136ms)
				LogAssemblyErrors (0ms)
				InitializePlatformSupportModulesInManaged (10ms)
				SetLoadedEditorAssemblies (1ms)
				RefreshPlugins (1ms)
				BeforeProcessingInitializeOnLoad (240ms)
				ProcessInitializeOnLoadAttributes (848ms)
				ProcessInitializeOnLoadMethodAttributes (18ms)
				AfterProcessingInitializeOnLoad (18ms)
				EditorAssembliesLoaded (1ms)
			ExecutionOrderSort2 (0ms)
			AwakeInstancesAfterBackupRestoration (96ms)
Platform modules already initialized, skipping
Switching build target platform(19) subTarget(0) extendedPlatform(0) -> platform(13) subTarget(537395200) extendedPlatform(0)
Refreshing native plugins compatible for Editor in 1.75 ms, found 2 plugins.
Preloading 0 native plugins for Editor in 0.00 ms.
Unloading 3739 Unused Serialized files (Serialized files now loaded: 0)
System memory in use before: 155.2 MB.
System memory in use after: 155.4 MB.

Unloading 16 unused Assets to reduce memory usage. Loaded Objects now: 4407.
Total: 11.435000 ms (FindLiveObjects: 0.863800 ms CreateObjectMapping: 0.543800 ms MarkObjects: 9.957000 ms  DeleteObjects: 0.066300 ms)

AssetImportParameters requested are different than current active one (requested -> active):
  custom:framework-win-MediaFoundation: 216162199b28c13a410421893ffa2e32 -> 
  custom:video-decoder-ogg-theora: a1e56fd34408186e4bbccfd4996cb3dc -> 
  custom:container-muxer-webm: aa71ff27fc2769a1b78a27578f13a17b -> 
  custom:container-demuxer-webm: 4f35f7cbe854078d1ac9338744f61a02 -> 
  custom:container-demuxer-ogg: 62fdf1f143b41e24485cea50d1cbac27 -> 
  custom:video-encoder-webm-vp8: eb34c28f22e8b96e1ab97ce403110664 -> 
  custom:video-decoder-webm-vp8: 9c59270c3fd7afecdb556c50c9e8de78 -> 
  custom:graphics/normal-map-encoding: 01000000000000000000000000000000 -> 02000000000000000000000000000000
  custom:audio-decoder-ogg-vorbis: bf7c407c2cedff20999df2af8eb42d56 -> 
  custom:audio-encoder-webm-vorbis: bf7c407c2cedff20999df2af8eb42d56 -> 
========================================================================
Received Import Request.
  Time since last request: 354.897156 seconds.
  path: Assets/Models/EasyJoystick/Sprites/JOYSTICK3-modified.png
  artifactKey: Guid(66605c7204665114186dc53ece7d5ee7) Importer(815301076,1909f56bfc062723c751e8b465ee728b)
Start importing Assets/Models/EasyJoystick/Sprites/JOYSTICK3-modified.png using Guid(66605c7204665114186dc53ece7d5ee7) Importer(815301076,1909f56bfc062723c751e8b465ee728b)  -> (artifact id: '27289c837ad9a9c397b64445dc8af340') in 0.130390 seconds 
  Import took 0.165434 seconds .

========================================================================
Received Import Request.
  Time since last request: 6.983792 seconds.
  path: Assets/Models/EasyJoystick/Sprites/JOYSTICK3-modified.png
  artifactKey: Guid(66605c7204665114186dc53ece7d5ee7) Importer(815301076,1909f56bfc062723c751e8b465ee728b)
Start importing Assets/Models/EasyJoystick/Sprites/JOYSTICK3-modified.png using Guid(66605c7204665114186dc53ece7d5ee7) Importer(815301076,1909f56bfc062723c751e8b465ee728b)  -> (artifact id: '835accb34d3ad1eaec39a3bb0c7cbe63') in 0.090737 seconds 
  Import took 0.124893 seconds .

========================================================================
Received Import Request.
  Time since last request: 10.232578 seconds.
  path: Assets/Models/EasyJoystick/Sprites/JOYSTICK3-modified.png
  artifactKey: Guid(66605c7204665114186dc53ece7d5ee7) Importer(815301076,1909f56bfc062723c751e8b465ee728b)
Start importing Assets/Models/EasyJoystick/Sprites/JOYSTICK3-modified.png using Guid(66605c7204665114186dc53ece7d5ee7) Importer(815301076,1909f56bfc062723c751e8b465ee728b)  -> (artifact id: '6a84b06db22c83e797be2cf993528947') in 0.025229 seconds 
  Import took 0.038549 seconds .

========================================================================
Received Prepare
Registering precompiled user dll's ...
Registered in 0.011670 seconds.
Begin MonoManager ReloadAssembly
Native extension for WindowsStandalone target not found
Refreshing native plugins compatible for Editor in 2.59 ms, found 2 plugins.
Preloading 0 native plugins for Editor in 0.00 ms.
Mono: successfully reloaded assembly
- Completed reload, in  4.395 seconds
Domain Reload Profiling:
	ReloadAssembly (4396ms)
		BeginReloadAssembly (397ms)
			ExecutionOrderSort (0ms)
			DisableScriptedObjects (15ms)
			BackupInstance (0ms)
			ReleaseScriptingObjects (0ms)
			CreateAndSetChildDomain (142ms)
		EndReloadAssembly (3843ms)
			LoadAssemblies (293ms)
			RebuildTransferFunctionScriptingTraits (0ms)
			SetupTypeCache (1522ms)
			ReleaseScriptCaches (3ms)
			RebuildScriptCaches (151ms)
			SetupLoadedEditorAssemblies (1035ms)
				LogAssemblyErrors (0ms)
				InitializePlatformSupportModulesInManaged (13ms)
				SetLoadedEditorAssemblies (1ms)
				RefreshPlugins (3ms)
				BeforeProcessingInitializeOnLoad (317ms)
				ProcessInitializeOnLoadAttributes (662ms)
				ProcessInitializeOnLoadMethodAttributes (21ms)
				AfterProcessingInitializeOnLoad (16ms)
				EditorAssembliesLoaded (1ms)
			ExecutionOrderSort2 (0ms)
			AwakeInstancesAfterBackupRestoration (80ms)
Platform modules already initialized, skipping
Switching build target platform(19) subTarget(0) extendedPlatform(0) -> platform(13) subTarget(537395200) extendedPlatform(0)
Refreshing native plugins compatible for Editor in 1.40 ms, found 2 plugins.
Preloading 0 native plugins for Editor in 0.00 ms.
Unloading 3739 Unused Serialized files (Serialized files now loaded: 0)
System memory in use before: 155.2 MB.
System memory in use after: 155.4 MB.

Unloading 16 unused Assets to reduce memory usage. Loaded Objects now: 4410.
Total: 8.636900 ms (FindLiveObjects: 0.646100 ms CreateObjectMapping: 0.442400 ms MarkObjects: 7.498200 ms  DeleteObjects: 0.048200 ms)

AssetImportParameters requested are different than current active one (requested -> active):
  custom:framework-win-MediaFoundation: 216162199b28c13a410421893ffa2e32 -> 
  custom:video-decoder-ogg-theora: a1e56fd34408186e4bbccfd4996cb3dc -> 
  custom:container-muxer-webm: aa71ff27fc2769a1b78a27578f13a17b -> 
  custom:container-demuxer-webm: 4f35f7cbe854078d1ac9338744f61a02 -> 
  custom:container-demuxer-ogg: 62fdf1f143b41e24485cea50d1cbac27 -> 
  custom:video-encoder-webm-vp8: eb34c28f22e8b96e1ab97ce403110664 -> 
  custom:video-decoder-webm-vp8: 9c59270c3fd7afecdb556c50c9e8de78 -> 
  custom:graphics/normal-map-encoding: 01000000000000000000000000000000 -> 02000000000000000000000000000000
  custom:audio-decoder-ogg-vorbis: bf7c407c2cedff20999df2af8eb42d56 -> 
  custom:audio-encoder-webm-vorbis: bf7c407c2cedff20999df2af8eb42d56 -> 
AssetImportWorkerClient::OnTransportError - code=2 error=End of file
