Using pre-set license
Built from '2020.3/staging' branch; Version is '2020.3.11f1 (99c7afb366b3) revision 10078127'; Using compiler version '192528614'; Build Type 'Release'
OS: 'Windows 10 Home; OS build 19042.1165; Version 2009; 64bit' Language: 'ru' Physical Memory: 8034 MB
BatchMode: 1, IsHumanControllingUs: 0, StartBugReporterOnCrash: 0, Is64bit: 1, IsPro: 0

 COMMAND LINE ARGUMENTS:
C:\Program Files\Unity\Hub\Editor\2020.3.11f1\Editor\Unity.exe
-adb2
-batchMode
-noUpm
-name
AssetImportWorker1
-projectPath
E:/IT/Games/UnityGames/AmazingMaze3D/Amazing Maze 3D
-logFile
Logs/AssetImportWorker1.log
-srvPort
55352
Successfully changed project path to: E:/IT/Games/UnityGames/AmazingMaze3D/Amazing Maze 3D
E:/IT/Games/UnityGames/AmazingMaze3D/Amazing Maze 3D
Using Asset Import Pipeline V2.
Refreshing native plugins compatible for Editor in 171.81 ms, found 2 plugins.
Preloading 0 native plugins for Editor in 0.00 ms.
Initialize engine version: 2020.3.11f1 (99c7afb366b3)
[Subsystems] Discovering subsystems at path C:/Program Files/Unity/Hub/Editor/2020.3.11f1/Editor/Data/Resources/UnitySubsystems
[Subsystems] Discovering subsystems at path E:/IT/Games/UnityGames/AmazingMaze3D/Amazing Maze 3D/Assets
GfxDevice: creating device client; threaded=0
Direct3D:
    Version:  Direct3D 11.0 [level 11.1]
    Renderer: NVIDIA GeForce GTX 1050 (ID=0x1c91)
    Vendor:   
    VRAM:     2996 MB
    Driver:   27.21.14.6677
Shader 'Universal Render Pipeline/Particles/Lit': fallback shader 'Universal Render Pipeline/Particles/SimpleLit' not found
Initialize mono
Mono path[0] = 'C:/Program Files/Unity/Hub/Editor/2020.3.11f1/Editor/Data/Managed'
Mono path[1] = 'C:/Program Files/Unity/Hub/Editor/2020.3.11f1/Editor/Data/MonoBleedingEdge/lib/mono/unityjit'
Mono config path = 'C:/Program Files/Unity/Hub/Editor/2020.3.11f1/Editor/Data/MonoBleedingEdge/etc'
Using monoOptions --debugger-agent=transport=dt_socket,embedding=1,server=y,suspend=n,address=127.0.0.1:56416
Begin MonoManager ReloadAssembly
Registering precompiled unity dll's ...
Register platform support module: C:/Program Files/Unity/Hub/Editor/2020.3.11f1/Editor/Data/PlaybackEngines/WindowsStandaloneSupport/UnityEditor.WindowsStandalone.Extensions.dll
Registered in 0.004953 seconds.
Native extension for WindowsStandalone target not found
Refreshing native plugins compatible for Editor in 138.22 ms, found 2 plugins.
Preloading 0 native plugins for Editor in 0.00 ms.
Mono: successfully reloaded assembly
- Completed reload, in  2.128 seconds
Platform modules already initialized, skipping
Registering precompiled user dll's ...
Registered in 0.009455 seconds.
Begin MonoManager ReloadAssembly
Native extension for WindowsStandalone target not found
Refreshing native plugins compatible for Editor in 136.85 ms, found 2 plugins.
Preloading 0 native plugins for Editor in 0.00 ms.
Mono: successfully reloaded assembly
- Completed reload, in  2.674 seconds
Platform modules already initialized, skipping
========================================================================
Worker process is ready to serve import requests
Shader 'Universal Render Pipeline/Particles/Lit': fallback shader 'Universal Render Pipeline/Particles/SimpleLit' not found
Launched and connected shader compiler UnityShaderCompiler.exe after 0.18 seconds
Refreshing native plugins compatible for Editor in 1.28 ms, found 2 plugins.
Preloading 0 native plugins for Editor in 0.00 ms.
Unloading 3586 Unused Serialized files (Serialized files now loaded: 0)
System memory in use before: 188.4 MB.
System memory in use after: 188.6 MB.

Unloading 24 unused Assets to reduce memory usage. Loaded Objects now: 4071.
Total: 5.384500 ms (FindLiveObjects: 0.596700 ms CreateObjectMapping: 0.292100 ms MarkObjects: 4.310200 ms  DeleteObjects: 0.183800 ms)

========================================================================
Received Import Request.
  path: Assets/Models/ASTRONAUtToUnity2.fbx
  artifactKey: Guid(2886c80d76b00e6438279c80d737198d) Importer(815301076,1909f56bfc062723c751e8b465ee728b)
Start importing Assets/Models/ASTRONAUtToUnity2.fbx using Guid(2886c80d76b00e6438279c80d737198d) Importer(815301076,1909f56bfc062723c751e8b465ee728b)  -> (artifact id: '461c5c9cff4814d8df77cb9cc8de6d21') in 1.303089 seconds
  Import took 1.375320 seconds .

AssetImportWorkerClient::OnTransportError - code=2 error=End of file
