Using pre-set license
Built from '2020.3/staging' branch; Version is '2020.3.11f1 (99c7afb366b3) revision 10078127'; Using compiler version '192528614'; Build Type 'Release'
OS: 'Windows 10 Home; OS build 19042.1110; Version 2009; 64bit' Language: 'ru' Physical Memory: 8034 MB
BatchMode: 1, IsHumanControllingUs: 0, StartBugReporterOnCrash: 0, Is64bit: 1, IsPro: 0

 COMMAND LINE ARGUMENTS:
C:\Program Files\Unity\Hub\Editor\2020.3.11f1\Editor\Unity.exe
-adb2
-batchMode
-noUpm
-name
AssetImportWorker2
-projectPath
E:/IT/Games/UnityGames/AmazingMaze3D/Amazing Maze 3D
-logFile
Logs/AssetImportWorker2.log
-srvPort
50980
Successfully changed project path to: E:/IT/Games/UnityGames/AmazingMaze3D/Amazing Maze 3D
E:/IT/Games/UnityGames/AmazingMaze3D/Amazing Maze 3D
Using Asset Import Pipeline V2.
Refreshing native plugins compatible for Editor in 204.30 ms, found 2 plugins.
Preloading 0 native plugins for Editor in 0.00 ms.
Initialize engine version: 2020.3.11f1 (99c7afb366b3)
[Subsystems] Discovering subsystems at path C:/Program Files/Unity/Hub/Editor/2020.3.11f1/Editor/Data/Resources/UnitySubsystems
[Subsystems] Discovering subsystems at path E:/IT/Games/UnityGames/AmazingMaze3D/Amazing Maze 3D/Assets
GfxDevice: creating device client; threaded=0
Direct3D:
    Version:  Direct3D 11.0 [level 11.1]
    Renderer: NVIDIA GeForce GTX 1050 (ID=0x1c91)
    Vendor:   
    VRAM:     2996 MB
    Driver:   27.21.14.6677
Shader 'Universal Render Pipeline/Particles/Lit': fallback shader 'Universal Render Pipeline/Particles/SimpleLit' not found
Initialize mono
Mono path[0] = 'C:/Program Files/Unity/Hub/Editor/2020.3.11f1/Editor/Data/Managed'
Mono path[1] = 'C:/Program Files/Unity/Hub/Editor/2020.3.11f1/Editor/Data/MonoBleedingEdge/lib/mono/unityjit'
Mono config path = 'C:/Program Files/Unity/Hub/Editor/2020.3.11f1/Editor/Data/MonoBleedingEdge/etc'
Using monoOptions --debugger-agent=transport=dt_socket,embedding=1,server=y,suspend=n,address=127.0.0.1:56684
Begin MonoManager ReloadAssembly
Registering precompiled unity dll's ...
Register platform support module: C:/Program Files/Unity/Hub/Editor/2020.3.11f1/Editor/Data/PlaybackEngines/WindowsStandaloneSupport/UnityEditor.WindowsStandalone.Extensions.dll
Registered in 0.004646 seconds.
Native extension for WindowsStandalone target not found
Refreshing native plugins compatible for Editor in 173.97 ms, found 2 plugins.
Preloading 0 native plugins for Editor in 0.00 ms.
Mono: successfully reloaded assembly
- Completed reload, in  2.841 seconds
Platform modules already initialized, skipping
Registering precompiled user dll's ...
Registered in 0.012963 seconds.
Begin MonoManager ReloadAssembly
Native extension for WindowsStandalone target not found
Refreshing native plugins compatible for Editor in 233.72 ms, found 2 plugins.
Preloading 0 native plugins for Editor in 0.00 ms.
Mono: successfully reloaded assembly
- Completed reload, in  3.766 seconds
Platform modules already initialized, skipping
========================================================================
Worker process is ready to serve import requests
Shader 'Universal Render Pipeline/Particles/Lit': fallback shader 'Universal Render Pipeline/Particles/SimpleLit' not found
Launched and connected shader compiler UnityShaderCompiler.exe after 0.16 seconds
Refreshing native plugins compatible for Editor in 2.21 ms, found 2 plugins.
Preloading 0 native plugins for Editor in 0.00 ms.
Unloading 3583 Unused Serialized files (Serialized files now loaded: 0)
System memory in use before: 183.0 MB.
System memory in use after: 183.1 MB.

Unloading 25 unused Assets to reduce memory usage. Loaded Objects now: 4053.
Total: 8.875600 ms (FindLiveObjects: 0.942700 ms CreateObjectMapping: 0.595600 ms MarkObjects: 6.961200 ms  DeleteObjects: 0.372300 ms)

========================================================================
Received Import Request.
  path: Assets/Scenes/LevelSelection.unity
  artifactKey: Guid(9c01d4853fa6fc24c8e424dd8f071049) Importer(815301076,1909f56bfc062723c751e8b465ee728b)
Start importing Assets/Scenes/LevelSelection.unity using Guid(9c01d4853fa6fc24c8e424dd8f071049) Importer(815301076,1909f56bfc062723c751e8b465ee728b)  -> (artifact id: 'e9667ce5df79f9f45f66f7f6c0d7f1aa') in 0.075202 seconds
  Import took 0.122090 seconds .

========================================================================
Received Prepare
Registering precompiled user dll's ...
Registered in 0.009512 seconds.
Begin MonoManager ReloadAssembly
Native extension for WindowsStandalone target not found
Refreshing native plugins compatible for Editor in 1.32 ms, found 2 plugins.
Preloading 0 native plugins for Editor in 0.00 ms.
Mono: successfully reloaded assembly
- Completed reload, in  2.854 seconds
Platform modules already initialized, skipping
Shader 'Universal Render Pipeline/Particles/Lit': fallback shader 'Universal Render Pipeline/Particles/SimpleLit' not found
Refreshing native plugins compatible for Editor in 1.92 ms, found 2 plugins.
Preloading 0 native plugins for Editor in 0.00 ms.
Unloading 3422 Unused Serialized files (Serialized files now loaded: 0)
System memory in use before: 173.7 MB.
System memory in use after: 173.9 MB.

Unloading 20 unused Assets to reduce memory usage. Loaded Objects now: 4056.
Total: 5.139700 ms (FindLiveObjects: 0.556200 ms CreateObjectMapping: 0.320100 ms MarkObjects: 4.017100 ms  DeleteObjects: 0.243900 ms)

========================================================================
Received Prepare
Registering precompiled user dll's ...
Registered in 0.013973 seconds.
Begin MonoManager ReloadAssembly
Native extension for WindowsStandalone target not found
Refreshing native plugins compatible for Editor in 1.54 ms, found 2 plugins.
Preloading 0 native plugins for Editor in 0.00 ms.
Mono: successfully reloaded assembly
- Completed reload, in  3.080 seconds
Platform modules already initialized, skipping
Shader 'Universal Render Pipeline/Particles/Lit': fallback shader 'Universal Render Pipeline/Particles/SimpleLit' not found
Refreshing native plugins compatible for Editor in 1.43 ms, found 2 plugins.
Preloading 0 native plugins for Editor in 0.00 ms.
Unloading 3422 Unused Serialized files (Serialized files now loaded: 0)
System memory in use before: 173.7 MB.
System memory in use after: 173.9 MB.

Unloading 20 unused Assets to reduce memory usage. Loaded Objects now: 4059.
Total: 16.674600 ms (FindLiveObjects: 1.047500 ms CreateObjectMapping: 0.551100 ms MarkObjects: 14.852000 ms  DeleteObjects: 0.221400 ms)

========================================================================
Received Prepare
Registering precompiled user dll's ...
Registered in 0.009578 seconds.
Begin MonoManager ReloadAssembly
Native extension for WindowsStandalone target not found
Refreshing native plugins compatible for Editor in 1.79 ms, found 2 plugins.
Preloading 0 native plugins for Editor in 0.00 ms.
Mono: successfully reloaded assembly
- Completed reload, in  2.798 seconds
Platform modules already initialized, skipping
Shader 'Universal Render Pipeline/Particles/Lit': fallback shader 'Universal Render Pipeline/Particles/SimpleLit' not found
Refreshing native plugins compatible for Editor in 1.54 ms, found 2 plugins.
Preloading 0 native plugins for Editor in 0.00 ms.
Unloading 3422 Unused Serialized files (Serialized files now loaded: 0)
System memory in use before: 173.8 MB.
System memory in use after: 174.0 MB.

Unloading 20 unused Assets to reduce memory usage. Loaded Objects now: 4062.
Total: 6.755200 ms (FindLiveObjects: 0.618400 ms CreateObjectMapping: 0.353400 ms MarkObjects: 5.480700 ms  DeleteObjects: 0.298800 ms)

========================================================================
Received Prepare
Registering precompiled user dll's ...
Registered in 0.013331 seconds.
Begin MonoManager ReloadAssembly
Native extension for WindowsStandalone target not found
Refreshing native plugins compatible for Editor in 1.78 ms, found 2 plugins.
Preloading 0 native plugins for Editor in 0.00 ms.
Mono: successfully reloaded assembly
- Completed reload, in  2.896 seconds
Platform modules already initialized, skipping
Shader 'Universal Render Pipeline/Particles/Lit': fallback shader 'Universal Render Pipeline/Particles/SimpleLit' not found
Refreshing native plugins compatible for Editor in 1.68 ms, found 2 plugins.
Preloading 0 native plugins for Editor in 0.00 ms.
Unloading 3422 Unused Serialized files (Serialized files now loaded: 0)
System memory in use before: 173.8 MB.
System memory in use after: 174.0 MB.

Unloading 20 unused Assets to reduce memory usage. Loaded Objects now: 4065.
Total: 12.357100 ms (FindLiveObjects: 1.192300 ms CreateObjectMapping: 0.641900 ms MarkObjects: 10.208800 ms  DeleteObjects: 0.311200 ms)

========================================================================
Received Prepare
Registering precompiled user dll's ...
Registered in 0.013570 seconds.
Begin MonoManager ReloadAssembly
Native extension for WindowsStandalone target not found
Refreshing native plugins compatible for Editor in 1.37 ms, found 2 plugins.
Preloading 0 native plugins for Editor in 0.00 ms.
Mono: successfully reloaded assembly
- Completed reload, in  2.839 seconds
Platform modules already initialized, skipping
Shader 'Universal Render Pipeline/Particles/Lit': fallback shader 'Universal Render Pipeline/Particles/SimpleLit' not found
Refreshing native plugins compatible for Editor in 1.37 ms, found 2 plugins.
Preloading 0 native plugins for Editor in 0.00 ms.
Unloading 3422 Unused Serialized files (Serialized files now loaded: 0)
System memory in use before: 173.8 MB.
System memory in use after: 174.0 MB.

Unloading 20 unused Assets to reduce memory usage. Loaded Objects now: 4068.
Total: 6.882600 ms (FindLiveObjects: 0.643600 ms CreateObjectMapping: 0.370000 ms MarkObjects: 5.682100 ms  DeleteObjects: 0.183900 ms)

========================================================================
Received Prepare
Registering precompiled user dll's ...
Registered in 0.020856 seconds.
Begin MonoManager ReloadAssembly
Native extension for WindowsStandalone target not found
Refreshing native plugins compatible for Editor in 1.30 ms, found 2 plugins.
Preloading 0 native plugins for Editor in 0.00 ms.
Mono: successfully reloaded assembly
- Completed reload, in  3.641 seconds
Platform modules already initialized, skipping
Shader 'Universal Render Pipeline/Particles/Lit': fallback shader 'Universal Render Pipeline/Particles/SimpleLit' not found
Refreshing native plugins compatible for Editor in 1.67 ms, found 2 plugins.
Preloading 0 native plugins for Editor in 0.00 ms.
Unloading 3422 Unused Serialized files (Serialized files now loaded: 0)
System memory in use before: 173.8 MB.
System memory in use after: 174.0 MB.

Unloading 20 unused Assets to reduce memory usage. Loaded Objects now: 4071.
Total: 7.747000 ms (FindLiveObjects: 0.733500 ms CreateObjectMapping: 0.468400 ms MarkObjects: 6.328400 ms  DeleteObjects: 0.211900 ms)

========================================================================
Received Import Request.
  Time since last request: 1054.551490 seconds.
  path: Assets/Scenes/LevelSelection.unity
  artifactKey: Guid(9c01d4853fa6fc24c8e424dd8f071049) Importer(815301076,1909f56bfc062723c751e8b465ee728b)
Start importing Assets/Scenes/LevelSelection.unity using Guid(9c01d4853fa6fc24c8e424dd8f071049) Importer(815301076,1909f56bfc062723c751e8b465ee728b)  -> (artifact id: 'a0daadcf635f48de90aa90c97035f571') in 0.030143 seconds
  Import took 0.079230 seconds .

========================================================================
Received Prepare
Registering precompiled user dll's ...
Registered in 0.026400 seconds.
Begin MonoManager ReloadAssembly
Native extension for WindowsStandalone target not found
Refreshing native plugins compatible for Editor in 1.08 ms, found 2 plugins.
Preloading 0 native plugins for Editor in 0.00 ms.
Mono: successfully reloaded assembly
- Completed reload, in  2.818 seconds
Platform modules already initialized, skipping
Shader 'Universal Render Pipeline/Particles/Lit': fallback shader 'Universal Render Pipeline/Particles/SimpleLit' not found
Refreshing native plugins compatible for Editor in 1.36 ms, found 2 plugins.
Preloading 0 native plugins for Editor in 0.00 ms.
Unloading 3422 Unused Serialized files (Serialized files now loaded: 0)
System memory in use before: 173.8 MB.
System memory in use after: 174.0 MB.

Unloading 20 unused Assets to reduce memory usage. Loaded Objects now: 4074.
Total: 6.061000 ms (FindLiveObjects: 0.601900 ms CreateObjectMapping: 0.404900 ms MarkObjects: 4.863400 ms  DeleteObjects: 0.188400 ms)

========================================================================
Received Prepare
Registering precompiled user dll's ...
Registered in 0.014154 seconds.
Begin MonoManager ReloadAssembly
Native extension for WindowsStandalone target not found
Refreshing native plugins compatible for Editor in 1.41 ms, found 2 plugins.
Preloading 0 native plugins for Editor in 0.00 ms.
Mono: successfully reloaded assembly
- Completed reload, in  2.894 seconds
Platform modules already initialized, skipping
Shader 'Universal Render Pipeline/Particles/Lit': fallback shader 'Universal Render Pipeline/Particles/SimpleLit' not found
Refreshing native plugins compatible for Editor in 2.08 ms, found 2 plugins.
Preloading 0 native plugins for Editor in 0.00 ms.
Unloading 3422 Unused Serialized files (Serialized files now loaded: 0)
System memory in use before: 173.8 MB.
System memory in use after: 174.0 MB.

Unloading 20 unused Assets to reduce memory usage. Loaded Objects now: 4077.
Total: 12.539100 ms (FindLiveObjects: 0.894600 ms CreateObjectMapping: 0.677400 ms MarkObjects: 10.657400 ms  DeleteObjects: 0.306500 ms)

========================================================================
Received Prepare
Registering precompiled user dll's ...
Registered in 0.012864 seconds.
Begin MonoManager ReloadAssembly
Native extension for WindowsStandalone target not found
Refreshing native plugins compatible for Editor in 1.44 ms, found 2 plugins.
Preloading 0 native plugins for Editor in 0.00 ms.
Mono: successfully reloaded assembly
- Completed reload, in  3.023 seconds
Platform modules already initialized, skipping
Shader 'Universal Render Pipeline/Particles/Lit': fallback shader 'Universal Render Pipeline/Particles/SimpleLit' not found
Refreshing native plugins compatible for Editor in 1.90 ms, found 2 plugins.
Preloading 0 native plugins for Editor in 0.00 ms.
Unloading 3422 Unused Serialized files (Serialized files now loaded: 0)
System memory in use before: 173.8 MB.
System memory in use after: 174.0 MB.

Unloading 20 unused Assets to reduce memory usage. Loaded Objects now: 4080.
Total: 6.145200 ms (FindLiveObjects: 0.564100 ms CreateObjectMapping: 0.413200 ms MarkObjects: 4.973500 ms  DeleteObjects: 0.192200 ms)

========================================================================
Received Prepare
Registering precompiled user dll's ...
Registered in 0.013169 seconds.
Begin MonoManager ReloadAssembly
Native extension for WindowsStandalone target not found
Refreshing native plugins compatible for Editor in 1.50 ms, found 2 plugins.
Preloading 0 native plugins for Editor in 0.00 ms.
Mono: successfully reloaded assembly
- Completed reload, in  3.130 seconds
Platform modules already initialized, skipping
Shader 'Universal Render Pipeline/Particles/Lit': fallback shader 'Universal Render Pipeline/Particles/SimpleLit' not found
Refreshing native plugins compatible for Editor in 1.39 ms, found 2 plugins.
Preloading 0 native plugins for Editor in 0.00 ms.
Unloading 3422 Unused Serialized files (Serialized files now loaded: 0)
System memory in use before: 173.8 MB.
System memory in use after: 174.1 MB.

Unloading 20 unused Assets to reduce memory usage. Loaded Objects now: 4083.
Total: 8.799700 ms (FindLiveObjects: 0.970100 ms CreateObjectMapping: 0.529000 ms MarkObjects: 7.010000 ms  DeleteObjects: 0.286000 ms)

========================================================================
Received Prepare
Registering precompiled user dll's ...
Registered in 0.012119 seconds.
Begin MonoManager ReloadAssembly
Native extension for WindowsStandalone target not found
Refreshing native plugins compatible for Editor in 1.41 ms, found 2 plugins.
Preloading 0 native plugins for Editor in 0.00 ms.
Mono: successfully reloaded assembly
- Completed reload, in  2.950 seconds
Platform modules already initialized, skipping
Shader 'Universal Render Pipeline/Particles/Lit': fallback shader 'Universal Render Pipeline/Particles/SimpleLit' not found
Refreshing native plugins compatible for Editor in 1.47 ms, found 2 plugins.
Preloading 0 native plugins for Editor in 0.00 ms.
Unloading 3422 Unused Serialized files (Serialized files now loaded: 0)
System memory in use before: 173.9 MB.
System memory in use after: 174.1 MB.

Unloading 20 unused Assets to reduce memory usage. Loaded Objects now: 4086.
Total: 7.043700 ms (FindLiveObjects: 0.633500 ms CreateObjectMapping: 0.356100 ms MarkObjects: 5.864000 ms  DeleteObjects: 0.188100 ms)

========================================================================
Received Prepare
Registering precompiled user dll's ...
Registered in 0.013808 seconds.
Begin MonoManager ReloadAssembly
Native extension for WindowsStandalone target not found
Refreshing native plugins compatible for Editor in 1.37 ms, found 2 plugins.
Preloading 0 native plugins for Editor in 0.00 ms.
Mono: successfully reloaded assembly
- Completed reload, in  2.926 seconds
Platform modules already initialized, skipping
Shader 'Universal Render Pipeline/Particles/Lit': fallback shader 'Universal Render Pipeline/Particles/SimpleLit' not found
Refreshing native plugins compatible for Editor in 1.77 ms, found 2 plugins.
Preloading 0 native plugins for Editor in 0.00 ms.
Unloading 3422 Unused Serialized files (Serialized files now loaded: 0)
System memory in use before: 173.9 MB.
System memory in use after: 174.1 MB.

Unloading 20 unused Assets to reduce memory usage. Loaded Objects now: 4089.
Total: 12.069500 ms (FindLiveObjects: 1.139300 ms CreateObjectMapping: 0.636100 ms MarkObjects: 9.979400 ms  DeleteObjects: 0.310100 ms)

========================================================================
Received Import Request.
  Time since last request: 1421.705112 seconds.
  path: Assets/Scenes/LevelSelection.unity
  artifactKey: Guid(9c01d4853fa6fc24c8e424dd8f071049) Importer(815301076,1909f56bfc062723c751e8b465ee728b)
Start importing Assets/Scenes/LevelSelection.unity using Guid(9c01d4853fa6fc24c8e424dd8f071049) Importer(815301076,1909f56bfc062723c751e8b465ee728b)  -> (artifact id: '10124c60b0d6a115486577a09a37c216') in 0.207617 seconds
  Import took 0.260831 seconds .

========================================================================
Received Import Request.
  Time since last request: 85.246962 seconds.
  path: Packages/com.unity.render-pipelines.core/Editor/LookDev/Icons/Add.png
  artifactKey: Guid(cbaeed03e5416aa4bae23110b63a0c7d) Importer(815301076,1909f56bfc062723c751e8b465ee728b)
Start importing Packages/com.unity.render-pipelines.core/Editor/LookDev/Icons/Add.png using Guid(cbaeed03e5416aa4bae23110b63a0c7d) Importer(815301076,1909f56bfc062723c751e8b465ee728b)  -> (artifact id: 'd71da7011e2eda2897d76ded1c876a8d') in 0.835544 seconds
  Import took 0.881195 seconds .

========================================================================
Received Import Request.
  Time since last request: 0.000634 seconds.
  path: Packages/com.unity.render-pipelines.core/Editor/LookDev/Icons/Add@2x.png
  artifactKey: Guid(79aba0b290c471c4ba3d3f818d4e9b15) Importer(815301076,1909f56bfc062723c751e8b465ee728b)
Start importing Packages/com.unity.render-pipelines.core/Editor/LookDev/Icons/Add@2x.png using Guid(79aba0b290c471c4ba3d3f818d4e9b15) Importer(815301076,1909f56bfc062723c751e8b465ee728b)  -> (artifact id: '71be8fc6138e0d4acc365a20002ef2e7') in 0.101177 seconds
  Import took 0.149885 seconds .

========================================================================
Received Import Request.
  Time since last request: 0.000526 seconds.
  path: Packages/com.unity.collab-proxy/Editor/Collaborate/Assets/Icons/added-file-dark.png
  artifactKey: Guid(1a4f52b613391cd449af3ad2e44affeb) Importer(815301076,1909f56bfc062723c751e8b465ee728b)
Start importing Packages/com.unity.collab-proxy/Editor/Collaborate/Assets/Icons/added-file-dark.png using Guid(1a4f52b613391cd449af3ad2e44affeb) Importer(815301076,1909f56bfc062723c751e8b465ee728b)  -> (artifact id: 'bf41cfc133eb8e250fe4e29fe985ef79') in 0.115180 seconds
  Import took 0.144305 seconds .

========================================================================
Received Import Request.
  Time since last request: 0.000551 seconds.
  path: Packages/com.unity.collab-proxy/Editor/Collaborate/Assets/Icons/added-file-dark@2x.png
  artifactKey: Guid(c223e0c507e2c6549a2cb97441b62cbe) Importer(815301076,1909f56bfc062723c751e8b465ee728b)
Start importing Packages/com.unity.collab-proxy/Editor/Collaborate/Assets/Icons/added-file-dark@2x.png using Guid(c223e0c507e2c6549a2cb97441b62cbe) Importer(815301076,1909f56bfc062723c751e8b465ee728b)  -> (artifact id: '56710b499733d9259cf96d3393382de7') in 0.051279 seconds
  Import took 0.088761 seconds .

========================================================================
Received Import Request.
  Time since last request: 0.000559 seconds.
  path: Packages/com.unity.collab-proxy/Editor/Collaborate/Assets/Icons/added-file-light@2x.png
  artifactKey: Guid(ec2e3aa6d0ab8ce4eac29b56d65d61d5) Importer(815301076,1909f56bfc062723c751e8b465ee728b)
Start importing Packages/com.unity.collab-proxy/Editor/Collaborate/Assets/Icons/added-file-light@2x.png using Guid(ec2e3aa6d0ab8ce4eac29b56d65d61d5) Importer(815301076,1909f56bfc062723c751e8b465ee728b)  -> (artifact id: 'e5980dcf1b64f41f638888ca800d9ef1') in 0.055433 seconds
  Import took 0.116388 seconds .

========================================================================
Received Import Request.
  Time since last request: 0.000511 seconds.
  path: Packages/com.unity.collab-proxy/Editor/Collaborate/Assets/Icons/added-file-light.png
  artifactKey: Guid(397fff6c3885f8343bb65714f0064b5d) Importer(815301076,1909f56bfc062723c751e8b465ee728b)
Start importing Packages/com.unity.collab-proxy/Editor/Collaborate/Assets/Icons/added-file-light.png using Guid(397fff6c3885f8343bb65714f0064b5d) Importer(815301076,1909f56bfc062723c751e8b465ee728b)  -> (artifact id: 'c9f6a7c36a0ca7ee9b0d0097df1157ec') in 0.062214 seconds
  Import took 0.090437 seconds .

========================================================================
Received Import Request.
  Time since last request: 3.574225 seconds.
  path: Packages/com.unity.addressables/Editor/Icons/AddressableAssetsIconY1756Basic.png
  artifactKey: Guid(c33b04c403c19614395e83e691d3170a) Importer(815301076,1909f56bfc062723c751e8b465ee728b)
Start importing Packages/com.unity.addressables/Editor/Icons/AddressableAssetsIconY1756Basic.png using Guid(c33b04c403c19614395e83e691d3170a) Importer(815301076,1909f56bfc062723c751e8b465ee728b)  -> (artifact id: '053d62be8ad407779428e6bd78089d03') in 0.128223 seconds
  Import took 0.171155 seconds .

========================================================================
Received Import Request.
  Time since last request: 0.000558 seconds.
  path: Assets/Models/Devion Games/Flat GUI/Icons/Arrow Down.png
  artifactKey: Guid(51b3d2b89c40acc48b35981e140c69fa) Importer(815301076,1909f56bfc062723c751e8b465ee728b)
Start importing Assets/Models/Devion Games/Flat GUI/Icons/Arrow Down.png using Guid(51b3d2b89c40acc48b35981e140c69fa) Importer(815301076,1909f56bfc062723c751e8b465ee728b)  -> (artifact id: 'eb41a8ce5480693fe5c9f7f3f456cb34') in 0.026884 seconds
  Import took 0.076369 seconds .

========================================================================
Received Import Request.
  Time since last request: 0.000388 seconds.
  path: Packages/com.unity.render-pipelines.core/Editor/Resources/Advanced_UnPressed_mini.png
  artifactKey: Guid(ad4dcac393f63f3468f6d9ff1652732e) Importer(815301076,1909f56bfc062723c751e8b465ee728b)
Start importing Packages/com.unity.render-pipelines.core/Editor/Resources/Advanced_UnPressed_mini.png using Guid(ad4dcac393f63f3468f6d9ff1652732e) Importer(815301076,1909f56bfc062723c751e8b465ee728b)  -> (artifact id: 'f82fb261ca67ed3ab0ddbcb882181bca') in 0.151344 seconds
  Import took 0.186244 seconds .

========================================================================
Received Import Request.
  Time since last request: 0.000742 seconds.
  path: Assets/Models/Devion Games/Flat GUI/Elements/Arrow.png
  artifactKey: Guid(3651b1b375ec49747ac2053c0caabb65) Importer(815301076,1909f56bfc062723c751e8b465ee728b)
Start importing Assets/Models/Devion Games/Flat GUI/Elements/Arrow.png using Guid(3651b1b375ec49747ac2053c0caabb65) Importer(815301076,1909f56bfc062723c751e8b465ee728b)  -> (artifact id: '8be8e01428bac54f9d69fe00aaa2be7b') in 0.086598 seconds
  Import took 0.134876 seconds .

========================================================================
Received Import Request.
  Time since last request: 0.000544 seconds.
  path: Assets/Models/Devion Games/Flat GUI/Icons/At.png
  artifactKey: Guid(7803647d0a2286841bab0eeb732a1f5b) Importer(815301076,1909f56bfc062723c751e8b465ee728b)
Start importing Assets/Models/Devion Games/Flat GUI/Icons/At.png using Guid(7803647d0a2286841bab0eeb732a1f5b) Importer(815301076,1909f56bfc062723c751e8b465ee728b)  -> (artifact id: 'e093e6163f4c75595d2ad71561e3f800') in 0.157835 seconds
  Import took 0.178121 seconds .

========================================================================
Received Import Request.
  Time since last request: 0.000567 seconds.
  path: Assets/Models/Devion Games/Flat GUI/Icons/Audio.png
  artifactKey: Guid(6145e6572cc4b0e45b390310cffc1512) Importer(815301076,1909f56bfc062723c751e8b465ee728b)
Start importing Assets/Models/Devion Games/Flat GUI/Icons/Audio.png using Guid(6145e6572cc4b0e45b390310cffc1512) Importer(815301076,1909f56bfc062723c751e8b465ee728b)  -> (artifact id: '6d0ef032779c614abc42065a3d261f0d') in 0.107100 seconds
  Import took 0.157564 seconds .

========================================================================
Received Import Request.
  Time since last request: 0.000715 seconds.
  path: Packages/com.unity.addressables/Editor/Icons/AddressableAssetsIconY1756Scene.png
  artifactKey: Guid(988ed84773d02644cbc268043bbd8864) Importer(815301076,1909f56bfc062723c751e8b465ee728b)
Start importing Packages/com.unity.addressables/Editor/Icons/AddressableAssetsIconY1756Scene.png using Guid(988ed84773d02644cbc268043bbd8864) Importer(815301076,1909f56bfc062723c751e8b465ee728b)  -> (artifact id: '2acd87c41f376580ea8931b33a01aa8f') in 0.080825 seconds
  Import took 0.130173 seconds .

========================================================================
Received Import Request.
  Time since last request: 0.000878 seconds.
  path: Assets/Models/Devion Games/Flat GUI/Icons/Back.png
  artifactKey: Guid(0b45c7a6b73f3fc488b96c82c3aa8352) Importer(815301076,1909f56bfc062723c751e8b465ee728b)
Start importing Assets/Models/Devion Games/Flat GUI/Icons/Back.png using Guid(0b45c7a6b73f3fc488b96c82c3aa8352) Importer(815301076,1909f56bfc062723c751e8b465ee728b)  -> (artifact id: 'ab32e8bd827881f180c94e41f45a7a00') in 0.120190 seconds
  Import took 0.163887 seconds .

========================================================================
Received Import Request.
  Time since last request: 0.000720 seconds.
  path: Packages/com.unity.collab-proxy/Editor/Collaborate/Assets/Icons/back-dark.png
  artifactKey: Guid(8e3ec2dfd58b79842aa78376678a9a05) Importer(815301076,1909f56bfc062723c751e8b465ee728b)
Start importing Packages/com.unity.collab-proxy/Editor/Collaborate/Assets/Icons/back-dark.png using Guid(8e3ec2dfd58b79842aa78376678a9a05) Importer(815301076,1909f56bfc062723c751e8b465ee728b)  -> (artifact id: '66ece985a8fa544941a23449159e1db9') in 0.067781 seconds
  Import took 0.116220 seconds .

========================================================================
Received Import Request.
  Time since last request: 0.000573 seconds.
  path: Packages/com.unity.render-pipelines.core/Editor/Resources/Advanced_Pressed_mini.png
  artifactKey: Guid(3e471b9fad7264146aa03aca58b27957) Importer(815301076,1909f56bfc062723c751e8b465ee728b)
Start importing Packages/com.unity.render-pipelines.core/Editor/Resources/Advanced_Pressed_mini.png using Guid(3e471b9fad7264146aa03aca58b27957) Importer(815301076,1909f56bfc062723c751e8b465ee728b)  -> (artifact id: '04e4a04a122a1cd511efe530121a0c94') in 0.079300 seconds
  Import took 0.114360 seconds .

========================================================================
Received Import Request.
  Time since last request: 0.000528 seconds.
  path: Packages/com.unity.render-pipelines.universal/Textures/SMAA/AreaTex.tga
  artifactKey: Guid(d1f1048909d55cd4fa1126ab998f617e) Importer(815301076,1909f56bfc062723c751e8b465ee728b)
Start importing Packages/com.unity.render-pipelines.universal/Textures/SMAA/AreaTex.tga using Guid(d1f1048909d55cd4fa1126ab998f617e) Importer(815301076,1909f56bfc062723c751e8b465ee728b)  -> (artifact id: '4d9f74d227d985b79a67267ca6667762') in 0.051002 seconds
  Import took 0.075707 seconds .

========================================================================
Received Import Request.
  Time since last request: 3.401542 seconds.
  path: Packages/com.unity.collab-proxy/Editor/Collaborate/Assets/Icons/back-dark@2x.png
  artifactKey: Guid(9c6313a5316f8a34b852bf94ff96e3ab) Importer(815301076,1909f56bfc062723c751e8b465ee728b)
Start importing Packages/com.unity.collab-proxy/Editor/Collaborate/Assets/Icons/back-dark@2x.png using Guid(9c6313a5316f8a34b852bf94ff96e3ab) Importer(815301076,1909f56bfc062723c751e8b465ee728b)  -> (artifact id: 'b9ca02e020bfc6be30f97f80ffcf7b90') in 0.127825 seconds
  Import took 0.146284 seconds .

========================================================================
Received Import Request.
  Time since last request: 0.000598 seconds.
  path: Packages/com.unity.shadergraph/Editor/Resources/GraphView/Nodes/BlackboardFieldPillBackground.png
  artifactKey: Guid(56603bbe7a2b54640bbd90104bea4981) Importer(815301076,1909f56bfc062723c751e8b465ee728b)
Start importing Packages/com.unity.shadergraph/Editor/Resources/GraphView/Nodes/BlackboardFieldPillBackground.png using Guid(56603bbe7a2b54640bbd90104bea4981) Importer(815301076,1909f56bfc062723c751e8b465ee728b)  -> (artifact id: '53dcdac5f8f820287d0e7fd27e654235') in 0.094698 seconds
  Import took 0.136605 seconds .

========================================================================
Received Import Request.
  Time since last request: 0.001159 seconds.
  path: Packages/com.unity.shadergraph/Editor/Resources/GraphView/Nodes/BlackboardFieldExposed.png
  artifactKey: Guid(2e8113252e9a1b245a81dc384ae86446) Importer(815301076,1909f56bfc062723c751e8b465ee728b)
Start importing Packages/com.unity.shadergraph/Editor/Resources/GraphView/Nodes/BlackboardFieldExposed.png using Guid(2e8113252e9a1b245a81dc384ae86446) Importer(815301076,1909f56bfc062723c751e8b465ee728b)  -> (artifact id: 'ca1f3c60f4e77dc9397047775437a927') in 0.060969 seconds
  Import took 0.082306 seconds .

========================================================================
Received Import Request.
  Time since last request: 0.000550 seconds.
  path: Packages/com.unity.collab-proxy/Editor/Collaborate/Assets/Icons/back-light@2x.png
  artifactKey: Guid(f5c57327df0fa294c8209aa216435167) Importer(815301076,1909f56bfc062723c751e8b465ee728b)
Start importing Packages/com.unity.collab-proxy/Editor/Collaborate/Assets/Icons/back-light@2x.png using Guid(f5c57327df0fa294c8209aa216435167) Importer(815301076,1909f56bfc062723c751e8b465ee728b)  -> (artifact id: '198b9a39033943147fccc716b42dc5de') in 0.084204 seconds
  Import took 0.134040 seconds .

========================================================================
Received Import Request.
  Time since last request: 0.000759 seconds.
  path: Packages/com.unity.collab-proxy/Editor/Collaborate/Assets/Icons/back-light.png
  artifactKey: Guid(e676ab7aa99535447a763c9f88bf9260) Importer(815301076,1909f56bfc062723c751e8b465ee728b)
Start importing Packages/com.unity.collab-proxy/Editor/Collaborate/Assets/Icons/back-light.png using Guid(e676ab7aa99535447a763c9f88bf9260) Importer(815301076,1909f56bfc062723c751e8b465ee728b)  -> (artifact id: 'f7517b780ebf10327aee86b148d08a23') in 0.095933 seconds
  Import took 0.146458 seconds .

========================================================================
Received Import Request.
  Time since last request: 0.000730 seconds.
  path: Packages/com.unity.collab-proxy/Editor/Collaborate/Assets/Icons/back-light@2x.png
  artifactKey: Guid(f5c57327df0fa294c8209aa216435167) Importer(815301076,1909f56bfc062723c751e8b465ee728b)
Start importing Packages/com.unity.collab-proxy/Editor/Collaborate/Assets/Icons/back-light@2x.png using Guid(f5c57327df0fa294c8209aa216435167) Importer(815301076,1909f56bfc062723c751e8b465ee728b)  -> (artifact id: '198b9a39033943147fccc716b42dc5de') in 0.018531 seconds
  Import took 0.048795 seconds .

========================================================================
Received Import Request.
  Time since last request: 0.000914 seconds.
  path: Assets/Models/Devion Games/Flat GUI/Icons/Book.png
  artifactKey: Guid(6b62aac7fb702f54aa477bef708ae413) Importer(815301076,1909f56bfc062723c751e8b465ee728b)
Start importing Assets/Models/Devion Games/Flat GUI/Icons/Book.png using Guid(6b62aac7fb702f54aa477bef708ae413) Importer(815301076,1909f56bfc062723c751e8b465ee728b)  -> (artifact id: 'a53d473da1bd77fb5bafdd5a287b2bfe') in 0.127665 seconds
  Import took 0.176201 seconds .

