Using pre-set license
Built from '2020.3/staging' branch; Version is '2020.3.11f1 (99c7afb366b3) revision 10078127'; Using compiler version '192528614'; Build Type 'Release'
OS: 'Windows 10 Home; OS build 19042.1110; Version 2009; 64bit' Language: 'ru' Physical Memory: 8034 MB
BatchMode: 1, IsHumanControllingUs: 0, StartBugReporterOnCrash: 0, Is64bit: 1, IsPro: 0

 COMMAND LINE ARGUMENTS:
C:\Program Files\Unity\Hub\Editor\2020.3.11f1\Editor\Unity.exe
-adb2
-batchMode
-noUpm
-name
AssetImportWorker3
-projectPath
E:/IT/Games/UnityGames/AmazingMaze3D/Amazing Maze 3D
-logFile
Logs/AssetImportWorker3.log
-srvPort
56548
Successfully changed project path to: E:/IT/Games/UnityGames/AmazingMaze3D/Amazing Maze 3D
E:/IT/Games/UnityGames/AmazingMaze3D/Amazing Maze 3D
Using Asset Import Pipeline V2.
Refreshing native plugins compatible for Editor in 147.94 ms, found 2 plugins.
Preloading 0 native plugins for Editor in 0.00 ms.
Initialize engine version: 2020.3.11f1 (99c7afb366b3)
[Subsystems] Discovering subsystems at path C:/Program Files/Unity/Hub/Editor/2020.3.11f1/Editor/Data/Resources/UnitySubsystems
[Subsystems] Discovering subsystems at path E:/IT/Games/UnityGames/AmazingMaze3D/Amazing Maze 3D/Assets
GfxDevice: creating device client; threaded=0
Direct3D:
    Version:  Direct3D 11.0 [level 11.1]
    Renderer: NVIDIA GeForce GTX 1050 (ID=0x1c91)
    Vendor:   
    VRAM:     2996 MB
    Driver:   27.21.14.6677
Shader 'Universal Render Pipeline/Particles/Lit': fallback shader 'Universal Render Pipeline/Particles/SimpleLit' not found
Initialize mono
Mono path[0] = 'C:/Program Files/Unity/Hub/Editor/2020.3.11f1/Editor/Data/Managed'
Mono path[1] = 'C:/Program Files/Unity/Hub/Editor/2020.3.11f1/Editor/Data/MonoBleedingEdge/lib/mono/unityjit'
Mono config path = 'C:/Program Files/Unity/Hub/Editor/2020.3.11f1/Editor/Data/MonoBleedingEdge/etc'
Using monoOptions --debugger-agent=transport=dt_socket,embedding=1,server=y,suspend=n,address=127.0.0.1:56760
Begin MonoManager ReloadAssembly
Registering precompiled unity dll's ...
Register platform support module: C:/Program Files/Unity/Hub/Editor/2020.3.11f1/Editor/Data/PlaybackEngines/WindowsStandaloneSupport/UnityEditor.WindowsStandalone.Extensions.dll
Registered in 0.005471 seconds.
Native extension for WindowsStandalone target not found
Refreshing native plugins compatible for Editor in 293.64 ms, found 2 plugins.
Preloading 0 native plugins for Editor in 0.00 ms.
Mono: successfully reloaded assembly
- Completed reload, in  3.358 seconds
Platform modules already initialized, skipping
Registering precompiled user dll's ...
Registered in 0.019913 seconds.
Begin MonoManager ReloadAssembly
Native extension for WindowsStandalone target not found
Refreshing native plugins compatible for Editor in 255.54 ms, found 2 plugins.
Preloading 0 native plugins for Editor in 0.00 ms.
Mono: successfully reloaded assembly
- Completed reload, in 15.822 seconds
Platform modules already initialized, skipping
========================================================================
Worker process is ready to serve import requests
Shader 'Universal Render Pipeline/Particles/Lit': fallback shader 'Universal Render Pipeline/Particles/SimpleLit' not found
Launched and connected shader compiler UnityShaderCompiler.exe after 0.29 seconds
Refreshing native plugins compatible for Editor in 2.06 ms, found 2 plugins.
Preloading 0 native plugins for Editor in 0.00 ms.
Unloading 3584 Unused Serialized files (Serialized files now loaded: 0)
System memory in use before: 184.3 MB.
System memory in use after: 184.5 MB.

Unloading 24 unused Assets to reduce memory usage. Loaded Objects now: 4061.
Total: 10.336300 ms (FindLiveObjects: 0.951800 ms CreateObjectMapping: 0.537700 ms MarkObjects: 8.399700 ms  DeleteObjects: 0.443900 ms)

========================================================================
Received Import Request.
  path: Assets/Scenes/Level13.unity
  artifactKey: Guid(43a9082dcd6c7ef4999309773114d510) Importer(815301076,1909f56bfc062723c751e8b465ee728b)
Start importing Assets/Scenes/Level13.unity using Guid(43a9082dcd6c7ef4999309773114d510) Importer(815301076,1909f56bfc062723c751e8b465ee728b)  -> (artifact id: '0b73e9fd2c7aa71dbba37b5c254542b9') in 0.091934 seconds
  Import took 0.148219 seconds .

========================================================================
Received Import Request.
  Time since last request: 0.000721 seconds.
  path: Assets/Scenes/Level14.unity
  artifactKey: Guid(bf3f048d8b45c4741946d48b79351967) Importer(815301076,1909f56bfc062723c751e8b465ee728b)
Start importing Assets/Scenes/Level14.unity using Guid(bf3f048d8b45c4741946d48b79351967) Importer(815301076,1909f56bfc062723c751e8b465ee728b)  -> (artifact id: '13981b6c4ed5d4e01ea1236b11e28494') in 0.021488 seconds
  Import took 0.050457 seconds .

========================================================================
Received Import Request.
  Time since last request: 1914.593075 seconds.
  path: Assets/Scenes/Level15.unity
  artifactKey: Guid(39f32a665fbc7ff4bb714f71aee237c6) Importer(815301076,1909f56bfc062723c751e8b465ee728b)
Start importing Assets/Scenes/Level15.unity using Guid(39f32a665fbc7ff4bb714f71aee237c6) Importer(815301076,1909f56bfc062723c751e8b465ee728b)  -> (artifact id: '077327f14db5456f6c13ad5dbd8c28e9') in 0.022498 seconds
  Import took 0.057938 seconds .

========================================================================
Received Import Request.
  Time since last request: 18.509622 seconds.
  path: Assets/Scenes/Level14.unity
  artifactKey: Guid(bf3f048d8b45c4741946d48b79351967) Importer(815301076,1909f56bfc062723c751e8b465ee728b)
Start importing Assets/Scenes/Level14.unity using Guid(bf3f048d8b45c4741946d48b79351967) Importer(815301076,1909f56bfc062723c751e8b465ee728b)  -> (artifact id: '5e36a8eeadf049ab4a05214d6ba77138') in 0.006490 seconds
  Import took 0.026589 seconds .

========================================================================
Received Import Request.
  Time since last request: 198.519186 seconds.
  path: Assets/Scenes/Level11 1.unity
  artifactKey: Guid(92f6d89d155195c478dc99af83f1e905) Importer(815301076,1909f56bfc062723c751e8b465ee728b)
Start importing Assets/Scenes/Level11 1.unity using Guid(92f6d89d155195c478dc99af83f1e905) Importer(815301076,1909f56bfc062723c751e8b465ee728b)  -> (artifact id: '7ca60cda753f262b472317ba7a8500fb') in 0.015380 seconds
  Import took 0.032210 seconds .

========================================================================
Received Import Request.
  Time since last request: 6.216471 seconds.
  path: Assets/Scenes/Level15.unity
  artifactKey: Guid(92f6d89d155195c478dc99af83f1e905) Importer(815301076,1909f56bfc062723c751e8b465ee728b)
Start importing Assets/Scenes/Level15.unity using Guid(92f6d89d155195c478dc99af83f1e905) Importer(815301076,1909f56bfc062723c751e8b465ee728b)  -> (artifact id: '423abdb3c6bb42828e11f5685ed4950e') in 0.006341 seconds
  Import took 0.055877 seconds .

========================================================================
Received Import Request.
  Time since last request: 20.470076 seconds.
  path: Assets/Scenes/Level15.unity
  artifactKey: Guid(92f6d89d155195c478dc99af83f1e905) Importer(815301076,1909f56bfc062723c751e8b465ee728b)
Start importing Assets/Scenes/Level15.unity using Guid(92f6d89d155195c478dc99af83f1e905) Importer(815301076,1909f56bfc062723c751e8b465ee728b)  -> (artifact id: 'c34eb6f0ec6930dad05fe13065410fb9') in 0.007471 seconds
  Import took 0.029785 seconds .

========================================================================
Received Import Request.
  Time since last request: 1978.140493 seconds.
  path: Assets/Scenes/Level15.unity
  artifactKey: Guid(92f6d89d155195c478dc99af83f1e905) Importer(815301076,1909f56bfc062723c751e8b465ee728b)
Start importing Assets/Scenes/Level15.unity using Guid(92f6d89d155195c478dc99af83f1e905) Importer(815301076,1909f56bfc062723c751e8b465ee728b)  -> (artifact id: '406f2482a43e7b31adc4b0b99a88653f') in 0.013449 seconds
  Import took 0.038826 seconds .

========================================================================
Received Import Request.
  Time since last request: 115.194742 seconds.
  path: Assets/Scenes/Level14.unity
  artifactKey: Guid(bf3f048d8b45c4741946d48b79351967) Importer(815301076,1909f56bfc062723c751e8b465ee728b)
Start importing Assets/Scenes/Level14.unity using Guid(bf3f048d8b45c4741946d48b79351967) Importer(815301076,1909f56bfc062723c751e8b465ee728b)  -> (artifact id: 'f50dad58ab3dcea8e92f01c80e3ee6ee') in 0.012363 seconds
  Import took 0.024856 seconds .

========================================================================
Received Import Request.
  Time since last request: 10.300386 seconds.
  path: Assets/Scenes/Level16.unity
  artifactKey: Guid(19ff9dcb1f60fa84bbee50dcbb7a24f4) Importer(815301076,1909f56bfc062723c751e8b465ee728b)
Start importing Assets/Scenes/Level16.unity using Guid(19ff9dcb1f60fa84bbee50dcbb7a24f4) Importer(815301076,1909f56bfc062723c751e8b465ee728b)  -> (artifact id: 'bc92749f5bfa3a7c63bc0a754ca43411') in 0.011925 seconds
  Import took 0.024267 seconds .

========================================================================
Received Import Request.
  Time since last request: 49.868657 seconds.
  path: Assets/Scenes/Level15.unity
  artifactKey: Guid(92f6d89d155195c478dc99af83f1e905) Importer(815301076,1909f56bfc062723c751e8b465ee728b)
Start importing Assets/Scenes/Level15.unity using Guid(92f6d89d155195c478dc99af83f1e905) Importer(815301076,1909f56bfc062723c751e8b465ee728b)  -> (artifact id: '4fa68bad9c6e6774ab664a3e366d11d2') in 0.004716 seconds
  Import took 0.015664 seconds .

========================================================================
Received Import Request.
  Time since last request: 0.001015 seconds.
  path: Assets/Scenes/Level15.unity
  artifactKey: Guid(92f6d89d155195c478dc99af83f1e905) Importer(815301076,1909f56bfc062723c751e8b465ee728b)
Start importing Assets/Scenes/Level15.unity using Guid(92f6d89d155195c478dc99af83f1e905) Importer(815301076,1909f56bfc062723c751e8b465ee728b)  -> (artifact id: '4fa68bad9c6e6774ab664a3e366d11d2') in 0.003527 seconds
  Import took 0.013102 seconds .

========================================================================
Received Prepare
Registering precompiled user dll's ...
Registered in 0.032003 seconds.
Begin MonoManager ReloadAssembly
Native extension for WindowsStandalone target not found
Refreshing native plugins compatible for Editor in 20.30 ms, found 2 plugins.
Preloading 0 native plugins for Editor in 0.00 ms.
Mono: successfully reloaded assembly
- Completed reload, in  4.419 seconds
Platform modules already initialized, skipping
Shader 'Universal Render Pipeline/Particles/Lit': fallback shader 'Universal Render Pipeline/Particles/SimpleLit' not found
Refreshing native plugins compatible for Editor in 1.79 ms, found 2 plugins.
Preloading 0 native plugins for Editor in 0.00 ms.
Unloading 3423 Unused Serialized files (Serialized files now loaded: 0)
System memory in use before: 175.2 MB.
System memory in use after: 175.4 MB.

Unloading 20 unused Assets to reduce memory usage. Loaded Objects now: 4064.
Total: 19.062300 ms (FindLiveObjects: 1.442700 ms CreateObjectMapping: 0.933100 ms MarkObjects: 15.882300 ms  DeleteObjects: 0.799600 ms)

AssetImportWorkerClient::OnTransportError - code=2 error=End of file
