Using pre-set license
Built from '2020.3/staging' branch; Version is '2020.3.11f1 (99c7afb366b3) revision 10078127'; Using compiler version '192528614'; Build Type 'Release'
OS: 'Windows 10 Home; OS build 19042.1052; Version 2009; 64bit' Language: 'ru' Physical Memory: 8034 MB
BatchMode: 1, IsHumanControllingUs: 0, StartBugReporterOnCrash: 0, Is64bit: 1, IsPro: 0

 COMMAND LINE ARGUMENTS:
C:\Program Files\Unity\Hub\Editor\2020.3.11f1\Editor\Unity.exe
-adb2
-batchMode
-noUpm
-name
AssetImportWorker5
-projectPath
E:/IT/Games/UnityGames/AmazingMaze3D/Amazing Maze 3D
-logFile
Logs/AssetImportWorker5.log
-srvPort
56338
Successfully changed project path to: E:/IT/Games/UnityGames/AmazingMaze3D/Amazing Maze 3D
E:/IT/Games/UnityGames/AmazingMaze3D/Amazing Maze 3D
Using Asset Import Pipeline V2.
Refreshing native plugins compatible for Editor in 239.06 ms, found 2 plugins.
Preloading 0 native plugins for Editor in 0.00 ms.
Initialize engine version: 2020.3.11f1 (99c7afb366b3)
[Subsystems] Discovering subsystems at path C:/Program Files/Unity/Hub/Editor/2020.3.11f1/Editor/Data/Resources/UnitySubsystems
[Subsystems] Discovering subsystems at path E:/IT/Games/UnityGames/AmazingMaze3D/Amazing Maze 3D/Assets
GfxDevice: creating device client; threaded=0
Direct3D:
    Version:  Direct3D 11.0 [level 11.1]
    Renderer: NVIDIA GeForce GTX 1050 (ID=0x1c91)
    Vendor:   
    VRAM:     2996 MB
    Driver:   27.21.14.6677
Shader 'Universal Render Pipeline/Particles/Lit': fallback shader 'Universal Render Pipeline/Particles/SimpleLit' not found
Initialize mono
Mono path[0] = 'C:/Program Files/Unity/Hub/Editor/2020.3.11f1/Editor/Data/Managed'
Mono path[1] = 'C:/Program Files/Unity/Hub/Editor/2020.3.11f1/Editor/Data/MonoBleedingEdge/lib/mono/unityjit'
Mono config path = 'C:/Program Files/Unity/Hub/Editor/2020.3.11f1/Editor/Data/MonoBleedingEdge/etc'
Using monoOptions --debugger-agent=transport=dt_socket,embedding=1,server=y,suspend=n,address=127.0.0.1:56036
Begin MonoManager ReloadAssembly
Registering precompiled unity dll's ...
Register platform support module: C:/Program Files/Unity/Hub/Editor/2020.3.11f1/Editor/Data/PlaybackEngines/WindowsStandaloneSupport/UnityEditor.WindowsStandalone.Extensions.dll
Registered in 0.004098 seconds.
Native extension for WindowsStandalone target not found
Refreshing native plugins compatible for Editor in 126.92 ms, found 2 plugins.
Preloading 0 native plugins for Editor in 0.00 ms.
Mono: successfully reloaded assembly
- Completed reload, in  1.976 seconds
Platform modules already initialized, skipping
Registering precompiled user dll's ...
Registered in 0.008253 seconds.
Begin MonoManager ReloadAssembly
Native extension for WindowsStandalone target not found
Refreshing native plugins compatible for Editor in 107.93 ms, found 2 plugins.
Preloading 0 native plugins for Editor in 0.00 ms.
Mono: successfully reloaded assembly
- Completed reload, in  4.243 seconds
Platform modules already initialized, skipping
========================================================================
Worker process is ready to serve import requests
Shader 'Universal Render Pipeline/Particles/Lit': fallback shader 'Universal Render Pipeline/Particles/SimpleLit' not found
Launched and connected shader compiler UnityShaderCompiler.exe after 0.28 seconds
Refreshing native plugins compatible for Editor in 1.06 ms, found 2 plugins.
Preloading 0 native plugins for Editor in 0.00 ms.
Unloading 3527 Unused Serialized files (Serialized files now loaded: 0)
System memory in use before: 166.0 MB.
System memory in use after: 166.2 MB.

Unloading 25 unused Assets to reduce memory usage. Loaded Objects now: 3986.
Total: 4.503500 ms (FindLiveObjects: 0.489200 ms CreateObjectMapping: 0.242900 ms MarkObjects: 3.588000 ms  DeleteObjects: 0.182000 ms)

========================================================================
Received Import Request.
  path: Assets/Scripts/Managers/LocalizationSetter.cs
  artifactKey: Guid(4cceea019bb83aa44ad51f3ff87cc3c1) Importer(815301076,1909f56bfc062723c751e8b465ee728b)
Start importing Assets/Scripts/Managers/LocalizationSetter.cs using Guid(4cceea019bb83aa44ad51f3ff87cc3c1) Importer(815301076,1909f56bfc062723c751e8b465ee728b)  -> (artifact id: '6b0e02b97498d953e56357a82d7aa12f') in 0.188184 seconds
  Import took 0.346494 seconds .

========================================================================
Received Import Request.
  Time since last request: 34.987118 seconds.
  path: Assets/Scripts/Managers/LocalizationSetter.cs
  artifactKey: Guid(4cceea019bb83aa44ad51f3ff87cc3c1) Importer(815301076,1909f56bfc062723c751e8b465ee728b)
Start importing Assets/Scripts/Managers/LocalizationSetter.cs using Guid(4cceea019bb83aa44ad51f3ff87cc3c1) Importer(815301076,1909f56bfc062723c751e8b465ee728b)  -> (artifact id: '964f029c18868672223ca91ccb283392') in 0.004229 seconds
  Import took 0.050921 seconds .

========================================================================
Received Import Request.
  Time since last request: 0.023444 seconds.
  path: Assets/Scripts/Managers/LocalizationSetter.cs
  artifactKey: Guid(4cceea019bb83aa44ad51f3ff87cc3c1) Importer(815301076,1909f56bfc062723c751e8b465ee728b)
Start importing Assets/Scripts/Managers/LocalizationSetter.cs using Guid(4cceea019bb83aa44ad51f3ff87cc3c1) Importer(815301076,1909f56bfc062723c751e8b465ee728b)  -> (artifact id: '964f029c18868672223ca91ccb283392') in 0.003337 seconds
  Import took 0.012772 seconds .

========================================================================
Received Import Request.
  Time since last request: 48.791483 seconds.
  path: Assets/Scripts/Managers/LocalizationSetter.cs
  artifactKey: Guid(4cceea019bb83aa44ad51f3ff87cc3c1) Importer(815301076,1909f56bfc062723c751e8b465ee728b)
Start importing Assets/Scripts/Managers/LocalizationSetter.cs using Guid(4cceea019bb83aa44ad51f3ff87cc3c1) Importer(815301076,1909f56bfc062723c751e8b465ee728b)  -> (artifact id: '8ecfae3f8b3704a92ea76ff0c1982eae') in 0.004428 seconds
  Import took 0.049232 seconds .

========================================================================
Received Import Request.
  Time since last request: 0.082619 seconds.
  path: Assets/Scripts/Managers/LocalizationSetter.cs
  artifactKey: Guid(4cceea019bb83aa44ad51f3ff87cc3c1) Importer(815301076,1909f56bfc062723c751e8b465ee728b)
Start importing Assets/Scripts/Managers/LocalizationSetter.cs using Guid(4cceea019bb83aa44ad51f3ff87cc3c1) Importer(815301076,1909f56bfc062723c751e8b465ee728b)  -> (artifact id: '8ecfae3f8b3704a92ea76ff0c1982eae') in 0.003302 seconds
  Import took 0.013308 seconds .

========================================================================
Received Prepare
Registering precompiled user dll's ...
Registered in 0.008294 seconds.
Begin MonoManager ReloadAssembly
Native extension for WindowsStandalone target not found
Refreshing native plugins compatible for Editor in 0.92 ms, found 2 plugins.
Preloading 0 native plugins for Editor in 0.00 ms.
Mono: successfully reloaded assembly
- Completed reload, in  2.002 seconds
Platform modules already initialized, skipping
Shader 'Universal Render Pipeline/Particles/Lit': fallback shader 'Universal Render Pipeline/Particles/SimpleLit' not found
Refreshing native plugins compatible for Editor in 0.98 ms, found 2 plugins.
Preloading 0 native plugins for Editor in 0.00 ms.
Unloading 3382 Unused Serialized files (Serialized files now loaded: 0)
System memory in use before: 157.1 MB.
System memory in use after: 157.3 MB.

Unloading 20 unused Assets to reduce memory usage. Loaded Objects now: 3989.
Total: 10.046700 ms (FindLiveObjects: 0.479300 ms CreateObjectMapping: 0.291900 ms MarkObjects: 9.066000 ms  DeleteObjects: 0.206200 ms)

========================================================================
Received Prepare
Registering precompiled user dll's ...
Registered in 0.007905 seconds.
Begin MonoManager ReloadAssembly
Native extension for WindowsStandalone target not found
Refreshing native plugins compatible for Editor in 0.96 ms, found 2 plugins.
Preloading 0 native plugins for Editor in 0.00 ms.
Mono: successfully reloaded assembly
- Completed reload, in  2.154 seconds
Platform modules already initialized, skipping
Shader 'Universal Render Pipeline/Particles/Lit': fallback shader 'Universal Render Pipeline/Particles/SimpleLit' not found
Refreshing native plugins compatible for Editor in 1.18 ms, found 2 plugins.
Preloading 0 native plugins for Editor in 0.00 ms.
Unloading 3382 Unused Serialized files (Serialized files now loaded: 0)
System memory in use before: 157.2 MB.
System memory in use after: 157.4 MB.

Unloading 20 unused Assets to reduce memory usage. Loaded Objects now: 3992.
Total: 5.007100 ms (FindLiveObjects: 0.739500 ms CreateObjectMapping: 0.370200 ms MarkObjects: 3.771600 ms  DeleteObjects: 0.124000 ms)

========================================================================
Received Prepare
Registering precompiled user dll's ...
Registered in 0.008762 seconds.
Begin MonoManager ReloadAssembly
Native extension for WindowsStandalone target not found
Refreshing native plugins compatible for Editor in 0.93 ms, found 2 plugins.
Preloading 0 native plugins for Editor in 0.00 ms.
Mono: successfully reloaded assembly
- Completed reload, in  1.993 seconds
Platform modules already initialized, skipping
Shader 'Universal Render Pipeline/Particles/Lit': fallback shader 'Universal Render Pipeline/Particles/SimpleLit' not found
Refreshing native plugins compatible for Editor in 1.09 ms, found 2 plugins.
Preloading 0 native plugins for Editor in 0.00 ms.
Unloading 3382 Unused Serialized files (Serialized files now loaded: 0)
System memory in use before: 157.2 MB.
System memory in use after: 157.4 MB.

Unloading 20 unused Assets to reduce memory usage. Loaded Objects now: 3995.
Total: 5.759900 ms (FindLiveObjects: 0.484800 ms CreateObjectMapping: 0.267600 ms MarkObjects: 4.849100 ms  DeleteObjects: 0.156100 ms)

========================================================================
Received Prepare
Registering precompiled user dll's ...
Registered in 0.008775 seconds.
Begin MonoManager ReloadAssembly
Native extension for WindowsStandalone target not found
Refreshing native plugins compatible for Editor in 1.04 ms, found 2 plugins.
Preloading 0 native plugins for Editor in 0.00 ms.
Mono: successfully reloaded assembly
- Completed reload, in  2.004 seconds
Platform modules already initialized, skipping
Shader 'Universal Render Pipeline/Particles/Lit': fallback shader 'Universal Render Pipeline/Particles/SimpleLit' not found
Refreshing native plugins compatible for Editor in 1.06 ms, found 2 plugins.
Preloading 0 native plugins for Editor in 0.00 ms.
Unloading 3382 Unused Serialized files (Serialized files now loaded: 0)
System memory in use before: 157.3 MB.
System memory in use after: 157.5 MB.

Unloading 20 unused Assets to reduce memory usage. Loaded Objects now: 3998.
Total: 4.722600 ms (FindLiveObjects: 0.485100 ms CreateObjectMapping: 0.249100 ms MarkObjects: 3.828100 ms  DeleteObjects: 0.158800 ms)

========================================================================
Received Prepare
Registering precompiled user dll's ...
Registered in 0.008172 seconds.
Begin MonoManager ReloadAssembly
Native extension for WindowsStandalone target not found
Refreshing native plugins compatible for Editor in 1.30 ms, found 2 plugins.
Preloading 0 native plugins for Editor in 0.00 ms.
Mono: successfully reloaded assembly
- Completed reload, in  1.867 seconds
Platform modules already initialized, skipping
Shader 'Universal Render Pipeline/Particles/Lit': fallback shader 'Universal Render Pipeline/Particles/SimpleLit' not found
Refreshing native plugins compatible for Editor in 0.92 ms, found 2 plugins.
Preloading 0 native plugins for Editor in 0.00 ms.
Unloading 3382 Unused Serialized files (Serialized files now loaded: 0)
System memory in use before: 157.3 MB.
System memory in use after: 157.5 MB.

Unloading 20 unused Assets to reduce memory usage. Loaded Objects now: 4001.
Total: 4.668300 ms (FindLiveObjects: 0.524700 ms CreateObjectMapping: 0.315000 ms MarkObjects: 3.699500 ms  DeleteObjects: 0.127700 ms)

========================================================================
Received Prepare
Registering precompiled user dll's ...
Registered in 0.011628 seconds.
Begin MonoManager ReloadAssembly
Native extension for WindowsStandalone target not found
Refreshing native plugins compatible for Editor in 2.28 ms, found 2 plugins.
Preloading 0 native plugins for Editor in 0.00 ms.
Mono: successfully reloaded assembly
- Completed reload, in  2.539 seconds
Platform modules already initialized, skipping
Shader 'Universal Render Pipeline/Particles/Lit': fallback shader 'Universal Render Pipeline/Particles/SimpleLit' not found
Refreshing native plugins compatible for Editor in 0.93 ms, found 2 plugins.
Preloading 0 native plugins for Editor in 0.00 ms.
Unloading 3382 Unused Serialized files (Serialized files now loaded: 0)
System memory in use before: 157.3 MB.
System memory in use after: 157.5 MB.

Unloading 20 unused Assets to reduce memory usage. Loaded Objects now: 4004.
Total: 4.589800 ms (FindLiveObjects: 0.452300 ms CreateObjectMapping: 0.315900 ms MarkObjects: 3.687900 ms  DeleteObjects: 0.132200 ms)

