Using pre-set license
Built from '2020.3/staging' branch; Version is '2020.3.11f1 (99c7afb366b3) revision 10078127'; Using compiler version '192528614'; Build Type 'Release'
OS: 'Windows 10 Home; OS build 19042.1165; Version 2009; 64bit' Language: 'ru' Physical Memory: 8034 MB
BatchMode: 1, IsHumanControllingUs: 0, StartBugReporterOnCrash: 0, Is64bit: 1, IsPro: 0

 COMMAND LINE ARGUMENTS:
C:\Program Files\Unity\Hub\Editor\2020.3.11f1\Editor\Unity.exe
-adb2
-batchMode
-noUpm
-name
AssetImportWorker3
-projectPath
E:/IT/Games/UnityGames/AmazingMaze3D/Amazing Maze 3D
-logFile
Logs/AssetImportWorker3.log
-srvPort
54914
Successfully changed project path to: E:/IT/Games/UnityGames/AmazingMaze3D/Amazing Maze 3D
E:/IT/Games/UnityGames/AmazingMaze3D/Amazing Maze 3D
Using Asset Import Pipeline V2.
Refreshing native plugins compatible for Editor in 295.76 ms, found 2 plugins.
Preloading 0 native plugins for Editor in 0.00 ms.
Initialize engine version: 2020.3.11f1 (99c7afb366b3)
[Subsystems] Discovering subsystems at path C:/Program Files/Unity/Hub/Editor/2020.3.11f1/Editor/Data/Resources/UnitySubsystems
[Subsystems] Discovering subsystems at path E:/IT/Games/UnityGames/AmazingMaze3D/Amazing Maze 3D/Assets
GfxDevice: creating device client; threaded=0
Direct3D:
    Version:  Direct3D 11.0 [level 11.1]
    Renderer: NVIDIA GeForce GTX 1050 (ID=0x1c91)
    Vendor:   
    VRAM:     2996 MB
    Driver:   27.21.14.6677
Shader 'Universal Render Pipeline/Particles/Lit': fallback shader 'Universal Render Pipeline/Particles/SimpleLit' not found
Initialize mono
Mono path[0] = 'C:/Program Files/Unity/Hub/Editor/2020.3.11f1/Editor/Data/Managed'
Mono path[1] = 'C:/Program Files/Unity/Hub/Editor/2020.3.11f1/Editor/Data/MonoBleedingEdge/lib/mono/unityjit'
Mono config path = 'C:/Program Files/Unity/Hub/Editor/2020.3.11f1/Editor/Data/MonoBleedingEdge/etc'
Using monoOptions --debugger-agent=transport=dt_socket,embedding=1,server=y,suspend=n,address=127.0.0.1:56840
Begin MonoManager ReloadAssembly
Registering precompiled unity dll's ...
Register platform support module: C:/Program Files/Unity/Hub/Editor/2020.3.11f1/Editor/Data/PlaybackEngines/WindowsStandaloneSupport/UnityEditor.WindowsStandalone.Extensions.dll
Registered in 0.004617 seconds.
Native extension for WindowsStandalone target not found
Refreshing native plugins compatible for Editor in 173.25 ms, found 2 plugins.
Preloading 0 native plugins for Editor in 0.00 ms.
Mono: successfully reloaded assembly
- Completed reload, in 14.362 seconds
Platform modules already initialized, skipping
Registering precompiled user dll's ...
Registered in 0.007635 seconds.
Begin MonoManager ReloadAssembly
Native extension for WindowsStandalone target not found
Refreshing native plugins compatible for Editor in 125.01 ms, found 2 plugins.
Preloading 0 native plugins for Editor in 0.00 ms.
Could not Move to directory Library/com.unity.addressables/aa/Windows, directory arlready exists.
UnityEngine.StackTraceUtility:ExtractStackTrace ()
UnityEngine.DebugLogHandler:LogFormat (UnityEngine.LogType,UnityEngine.Object,string,object[])
UnityEngine.Logger:Log (UnityEngine.LogType,object)
UnityEngine.Debug:LogError (object)
DirectoryUtility:DirectoryMove (string,string) (at Library/PackageCache/com.unity.addressables@1.18.11/Editor/Build/DirectoryUtility.cs:35)
AddressablesPlayerBuildProcessor:CleanTemporaryPlayerBuildData () (at Library/PackageCache/com.unity.addressables@1.18.11/Editor/Build/AddressablesPlayerBuildProcessor.cs:34)

(Filename: Library/PackageCache/com.unity.addressables@1.18.11/Editor/Build/DirectoryUtility.cs Line: 35)

Mono: successfully reloaded assembly
- Completed reload, in  2.546 seconds
Platform modules already initialized, skipping
========================================================================
Worker process is ready to serve import requests
Shader 'Universal Render Pipeline/Particles/Lit': fallback shader 'Universal Render Pipeline/Particles/SimpleLit' not found
Launched and connected shader compiler UnityShaderCompiler.exe after 0.59 seconds
Refreshing native plugins compatible for Editor in 1.34 ms, found 2 plugins.
Preloading 0 native plugins for Editor in 0.00 ms.
Unloading 3910 Unused Serialized files (Serialized files now loaded: 0)
System memory in use before: 210.8 MB.
System memory in use after: 211.0 MB.

Unloading 20 unused Assets to reduce memory usage. Loaded Objects now: 4397.
Total: 5.588100 ms (FindLiveObjects: 0.671900 ms CreateObjectMapping: 0.318200 ms MarkObjects: 4.402300 ms  DeleteObjects: 0.194100 ms)

========================================================================
Received Import Request.
  path: Assets/Localization/Localization Settings.asset
  artifactKey: Guid(e6d853e527c23064382340cd84677d2e) Importer(815301076,1909f56bfc062723c751e8b465ee728b)
Start importing Assets/Localization/Localization Settings.asset using Guid(e6d853e527c23064382340cd84677d2e) Importer(815301076,1909f56bfc062723c751e8b465ee728b)  -> (artifact id: '36faa8cfba0b8984018edc3990defb0b') in 0.155523 seconds
  Import took 0.207672 seconds .

========================================================================
Received Import Request.
  Time since last request: 0.000414 seconds.
  path: Assets/Locales/English (en).asset
  artifactKey: Guid(a0caa19fedc369a4784ccb7fc3cdee54) Importer(815301076,1909f56bfc062723c751e8b465ee728b)
Start importing Assets/Locales/English (en).asset using Guid(a0caa19fedc369a4784ccb7fc3cdee54) Importer(815301076,1909f56bfc062723c751e8b465ee728b)  -> (artifact id: '9bb77392fe8cb233ad9064a368e69ae4') in 0.028322 seconds
  Import took 0.039188 seconds .

========================================================================
Received Import Request.
  Time since last request: 121.270531 seconds.
  path: Assets/Localization/Tables/UI.asset
  artifactKey: Guid(8f14f27fafcaa40438482f6c0fe84c26) Importer(815301076,1909f56bfc062723c751e8b465ee728b)
Start importing Assets/Localization/Tables/UI.asset using Guid(8f14f27fafcaa40438482f6c0fe84c26) Importer(815301076,1909f56bfc062723c751e8b465ee728b)  -> (artifact id: '9063237b08ef40c22e39932d3ec9665f') in 0.022484 seconds
  Import took 0.193821 seconds .

========================================================================
Received Prepare
Registering precompiled user dll's ...
Registered in 0.006440 seconds.
Begin MonoManager ReloadAssembly
Native extension for WindowsStandalone target not found
Refreshing native plugins compatible for Editor in 0.99 ms, found 2 plugins.
Preloading 0 native plugins for Editor in 0.00 ms.
Could not Move to directory Library/com.unity.addressables/aa/Windows, directory arlready exists.
UnityEngine.StackTraceUtility:ExtractStackTrace ()
UnityEngine.DebugLogHandler:LogFormat (UnityEngine.LogType,UnityEngine.Object,string,object[])
UnityEngine.Logger:Log (UnityEngine.LogType,object)
UnityEngine.Debug:LogError (object)
DirectoryUtility:DirectoryMove (string,string) (at Library/PackageCache/com.unity.addressables@1.18.11/Editor/Build/DirectoryUtility.cs:35)
AddressablesPlayerBuildProcessor:CleanTemporaryPlayerBuildData () (at Library/PackageCache/com.unity.addressables@1.18.11/Editor/Build/AddressablesPlayerBuildProcessor.cs:34)

(Filename: Library/PackageCache/com.unity.addressables@1.18.11/Editor/Build/DirectoryUtility.cs Line: 35)

Mono: successfully reloaded assembly
- Completed reload, in  1.985 seconds
Platform modules already initialized, skipping
Shader 'Universal Render Pipeline/Particles/Lit': fallback shader 'Universal Render Pipeline/Particles/SimpleLit' not found
Refreshing native plugins compatible for Editor in 1.08 ms, found 2 plugins.
Preloading 0 native plugins for Editor in 0.00 ms.
Unloading 3749 Unused Serialized files (Serialized files now loaded: 0)
System memory in use before: 199.7 MB.
System memory in use after: 199.9 MB.

Unloading 16 unused Assets to reduce memory usage. Loaded Objects now: 4400.
Total: 5.052700 ms (FindLiveObjects: 0.476800 ms CreateObjectMapping: 0.263500 ms MarkObjects: 4.154800 ms  DeleteObjects: 0.156200 ms)

========================================================================
Received Prepare
Registering precompiled user dll's ...
Registered in 0.006288 seconds.
Begin MonoManager ReloadAssembly
Native extension for WindowsStandalone target not found
Refreshing native plugins compatible for Editor in 1.07 ms, found 2 plugins.
Preloading 0 native plugins for Editor in 0.00 ms.
Could not Move to directory Library/com.unity.addressables/aa/Windows, directory arlready exists.
UnityEngine.StackTraceUtility:ExtractStackTrace ()
UnityEngine.DebugLogHandler:LogFormat (UnityEngine.LogType,UnityEngine.Object,string,object[])
UnityEngine.Logger:Log (UnityEngine.LogType,object)
UnityEngine.Debug:LogError (object)
DirectoryUtility:DirectoryMove (string,string) (at Library/PackageCache/com.unity.addressables@1.18.11/Editor/Build/DirectoryUtility.cs:35)
AddressablesPlayerBuildProcessor:CleanTemporaryPlayerBuildData () (at Library/PackageCache/com.unity.addressables@1.18.11/Editor/Build/AddressablesPlayerBuildProcessor.cs:34)

(Filename: Library/PackageCache/com.unity.addressables@1.18.11/Editor/Build/DirectoryUtility.cs Line: 35)

Mono: successfully reloaded assembly
- Completed reload, in  1.978 seconds
Platform modules already initialized, skipping
Shader 'Universal Render Pipeline/Particles/Lit': fallback shader 'Universal Render Pipeline/Particles/SimpleLit' not found
Refreshing native plugins compatible for Editor in 1.05 ms, found 2 plugins.
Preloading 0 native plugins for Editor in 0.00 ms.
Unloading 3749 Unused Serialized files (Serialized files now loaded: 0)
System memory in use before: 199.8 MB.
System memory in use after: 200.0 MB.

Unloading 16 unused Assets to reduce memory usage. Loaded Objects now: 4403.
Total: 5.243100 ms (FindLiveObjects: 0.517200 ms CreateObjectMapping: 0.330600 ms MarkObjects: 4.231900 ms  DeleteObjects: 0.161100 ms)

========================================================================
Received Import Request.
  Time since last request: 961.016123 seconds.
  path: Assets/AddressableAssetsData/AssetGroups/Localization-Locales.asset
  artifactKey: Guid(043022f7faef69945896aa195821c63c) Importer(815301076,1909f56bfc062723c751e8b465ee728b)
Start importing Assets/AddressableAssetsData/AssetGroups/Localization-Locales.asset using Guid(043022f7faef69945896aa195821c63c) Importer(815301076,1909f56bfc062723c751e8b465ee728b)  -> (artifact id: '47332b201be0de8fda6738c7be46c3d5') in 0.070109 seconds
  Import took 0.080370 seconds .

========================================================================
Received Import Request.
  Time since last request: 0.296076 seconds.
  path: Assets/AddressableAssetsData/AssetGroups/Localization-Locales.asset
  artifactKey: Guid(043022f7faef69945896aa195821c63c) Importer(815301076,1909f56bfc062723c751e8b465ee728b)
Start importing Assets/AddressableAssetsData/AssetGroups/Localization-Locales.asset using Guid(043022f7faef69945896aa195821c63c) Importer(815301076,1909f56bfc062723c751e8b465ee728b)  -> (artifact id: '47332b201be0de8fda6738c7be46c3d5') in 0.008092 seconds
  Import took 0.019756 seconds .

========================================================================
Received Prepare
Shader 'Universal Render Pipeline/Particles/Lit': fallback shader 'Universal Render Pipeline/Particles/SimpleLit' not found
Refreshing native plugins compatible for Editor in 559.79 ms, found 2 plugins.
Preloading 0 native plugins for Editor in 0.00 ms.
Unloading 14 Unused Serialized files (Serialized files now loaded: 0)
System memory in use before: 126.6 MB.
System memory in use after: 126.8 MB.

Unloading 14 unused Assets to reduce memory usage. Loaded Objects now: 4403.
Total: 7.680300 ms (FindLiveObjects: 1.081600 ms CreateObjectMapping: 0.256100 ms MarkObjects: 6.122100 ms  DeleteObjects: 0.218600 ms)

========================================================================
Received Prepare
Registering precompiled user dll's ...
Registered in 0.064944 seconds.
Begin MonoManager ReloadAssembly
Native extension for WindowsStandalone target not found
Refreshing native plugins compatible for Editor in 2.75 ms, found 2 plugins.
Preloading 0 native plugins for Editor in 0.00 ms.
Mono: successfully reloaded assembly
- Completed reload, in  7.586 seconds
Platform modules already initialized, skipping
Shader 'Universal Render Pipeline/Particles/Lit': fallback shader 'Universal Render Pipeline/Particles/SimpleLit' not found
Refreshing native plugins compatible for Editor in 3.70 ms, found 2 plugins.
Preloading 0 native plugins for Editor in 0.00 ms.
Unloading 3749 Unused Serialized files (Serialized files now loaded: 0)
System memory in use before: 200.3 MB.
System memory in use after: 200.5 MB.

Unloading 16 unused Assets to reduce memory usage. Loaded Objects now: 4406.
Total: 16.955500 ms (FindLiveObjects: 2.266000 ms CreateObjectMapping: 0.928300 ms MarkObjects: 13.212100 ms  DeleteObjects: 0.542500 ms)

========================================================================
Received Prepare
Registering precompiled user dll's ...
Registered in 0.009273 seconds.
Begin MonoManager ReloadAssembly
Native extension for WindowsStandalone target not found
Refreshing native plugins compatible for Editor in 1.36 ms, found 2 plugins.
Preloading 0 native plugins for Editor in 0.00 ms.
Mono: successfully reloaded assembly
- Completed reload, in  3.827 seconds
Platform modules already initialized, skipping
Shader 'Universal Render Pipeline/Particles/Lit': fallback shader 'Universal Render Pipeline/Particles/SimpleLit' not found
Refreshing native plugins compatible for Editor in 3.69 ms, found 2 plugins.
Preloading 0 native plugins for Editor in 0.00 ms.
Unloading 3749 Unused Serialized files (Serialized files now loaded: 0)
System memory in use before: 200.3 MB.
System memory in use after: 200.5 MB.

Unloading 16 unused Assets to reduce memory usage. Loaded Objects now: 4409.
Total: 15.369700 ms (FindLiveObjects: 1.116200 ms CreateObjectMapping: 0.625300 ms MarkObjects: 13.258000 ms  DeleteObjects: 0.363500 ms)

========================================================================
Received Prepare
Registering precompiled user dll's ...
Registered in 0.009688 seconds.
Begin MonoManager ReloadAssembly
Native extension for WindowsStandalone target not found
Refreshing native plugins compatible for Editor in 1.49 ms, found 2 plugins.
Preloading 0 native plugins for Editor in 0.00 ms.
Mono: successfully reloaded assembly
- Completed reload, in  3.001 seconds
Platform modules already initialized, skipping
Shader 'Universal Render Pipeline/Particles/Lit': fallback shader 'Universal Render Pipeline/Particles/SimpleLit' not found
Refreshing native plugins compatible for Editor in 2.62 ms, found 2 plugins.
Preloading 0 native plugins for Editor in 0.00 ms.
Unloading 3749 Unused Serialized files (Serialized files now loaded: 0)
System memory in use before: 200.3 MB.
System memory in use after: 200.5 MB.

Unloading 16 unused Assets to reduce memory usage. Loaded Objects now: 4412.
Total: 7.185300 ms (FindLiveObjects: 0.810500 ms CreateObjectMapping: 0.373100 ms MarkObjects: 5.723800 ms  DeleteObjects: 0.274100 ms)

========================================================================
Received Prepare
Registering precompiled user dll's ...
Registered in 0.007526 seconds.
Begin MonoManager ReloadAssembly
Native extension for WindowsStandalone target not found
Refreshing native plugins compatible for Editor in 1.20 ms, found 2 plugins.
Preloading 0 native plugins for Editor in 0.00 ms.
Mono: successfully reloaded assembly
- Completed reload, in  2.883 seconds
Platform modules already initialized, skipping
Shader 'Universal Render Pipeline/Particles/Lit': fallback shader 'Universal Render Pipeline/Particles/SimpleLit' not found
Refreshing native plugins compatible for Editor in 1.75 ms, found 2 plugins.
Preloading 0 native plugins for Editor in 0.00 ms.
Unloading 3749 Unused Serialized files (Serialized files now loaded: 0)
System memory in use before: 200.3 MB.
System memory in use after: 200.5 MB.

Unloading 16 unused Assets to reduce memory usage. Loaded Objects now: 4415.
Total: 9.083200 ms (FindLiveObjects: 0.748100 ms CreateObjectMapping: 0.559300 ms MarkObjects: 7.437300 ms  DeleteObjects: 0.334500 ms)

========================================================================
Received Prepare
Registering precompiled user dll's ...
Registered in 0.017703 seconds.
Begin MonoManager ReloadAssembly
Native extension for WindowsStandalone target not found
Refreshing native plugins compatible for Editor in 1.74 ms, found 2 plugins.
Preloading 0 native plugins for Editor in 0.00 ms.
Mono: successfully reloaded assembly
- Completed reload, in  3.923 seconds
Platform modules already initialized, skipping
Shader 'Universal Render Pipeline/Particles/Lit': fallback shader 'Universal Render Pipeline/Particles/SimpleLit' not found
Refreshing native plugins compatible for Editor in 1.92 ms, found 2 plugins.
Preloading 0 native plugins for Editor in 0.00 ms.
Unloading 3749 Unused Serialized files (Serialized files now loaded: 0)
System memory in use before: 200.3 MB.
System memory in use after: 200.5 MB.

Unloading 16 unused Assets to reduce memory usage. Loaded Objects now: 4418.
Total: 12.182400 ms (FindLiveObjects: 1.164800 ms CreateObjectMapping: 0.604000 ms MarkObjects: 10.063800 ms  DeleteObjects: 0.344800 ms)

========================================================================
Received Import Request.
  Time since last request: 6044.894733 seconds.
  path: Assets/Locales/Русский.asset
  artifactKey: Guid(0ed97d62452f3a24fb7e4b99543feb71) Importer(815301076,1909f56bfc062723c751e8b465ee728b)
Start importing Assets/Locales/Русский.asset using Guid(0ed97d62452f3a24fb7e4b99543feb71) Importer(815301076,1909f56bfc062723c751e8b465ee728b)  -> (artifact id: '7094de341152805148853c920c5da981') in 0.700277 seconds
  Import took 0.750447 seconds .

========================================================================
Received Import Request.
  Time since last request: 0.012345 seconds.
  path: Assets/Locales/Español.asset
  artifactKey: Guid(2ccaee2fd3bd6ab4cb03d91fb5de58cd) Importer(815301076,1909f56bfc062723c751e8b465ee728b)
Start importing Assets/Locales/Español.asset using Guid(2ccaee2fd3bd6ab4cb03d91fb5de58cd) Importer(815301076,1909f56bfc062723c751e8b465ee728b)  -> (artifact id: '6c9b3b6f294941f95e87bde5c4e17e46') in 0.023882 seconds
  Import took 0.104733 seconds .

========================================================================
Received Import Request.
  Time since last request: 0.000765 seconds.
  path: Assets/Locales/English.asset
  artifactKey: Guid(a0caa19fedc369a4784ccb7fc3cdee54) Importer(815301076,1909f56bfc062723c751e8b465ee728b)
Start importing Assets/Locales/English.asset using Guid(a0caa19fedc369a4784ccb7fc3cdee54) Importer(815301076,1909f56bfc062723c751e8b465ee728b)  -> (artifact id: '505da9e4e6a3e652d798869a63be1abc') in 0.036685 seconds
  Import took 0.097985 seconds .

========================================================================
Received Import Request.
  Time since last request: 0.000447 seconds.
  path: Assets/Locales/Українська.asset
  artifactKey: Guid(8bf34e85431f4654c8e215675297ad09) Importer(815301076,1909f56bfc062723c751e8b465ee728b)
Start importing Assets/Locales/Українська.asset using Guid(8bf34e85431f4654c8e215675297ad09) Importer(815301076,1909f56bfc062723c751e8b465ee728b)  -> (artifact id: '74d82387e9b71b3654d09a1f9c998748') in 0.038148 seconds
  Import took 0.081212 seconds .

========================================================================
Received Import Request.
  Time since last request: 21.660267 seconds.
  path: Assets/Locales/English.asset
  artifactKey: Guid(a0caa19fedc369a4784ccb7fc3cdee54) Importer(815301076,1909f56bfc062723c751e8b465ee728b)
Start importing Assets/Locales/English.asset using Guid(a0caa19fedc369a4784ccb7fc3cdee54) Importer(815301076,1909f56bfc062723c751e8b465ee728b)  -> (artifact id: '7714a8a8ce84ab68c5b6d0f37abef5f0') in 0.017347 seconds
  Import took 0.057047 seconds .

========================================================================
Received Prepare
Registering precompiled user dll's ...
Registered in 0.009276 seconds.
Begin MonoManager ReloadAssembly
Native extension for WindowsStandalone target not found
Refreshing native plugins compatible for Editor in 1.74 ms, found 2 plugins.
Preloading 0 native plugins for Editor in 0.00 ms.
Mono: successfully reloaded assembly
- Completed reload, in  3.261 seconds
Platform modules already initialized, skipping
Shader 'Universal Render Pipeline/Particles/Lit': fallback shader 'Universal Render Pipeline/Particles/SimpleLit' not found
Refreshing native plugins compatible for Editor in 1.53 ms, found 2 plugins.
Preloading 0 native plugins for Editor in 0.00 ms.
Unloading 3749 Unused Serialized files (Serialized files now loaded: 0)
System memory in use before: 200.3 MB.
System memory in use after: 200.5 MB.

Unloading 16 unused Assets to reduce memory usage. Loaded Objects now: 4421.
Total: 8.047900 ms (FindLiveObjects: 0.668400 ms CreateObjectMapping: 0.382400 ms MarkObjects: 6.740800 ms  DeleteObjects: 0.251900 ms)

========================================================================
Received Import Request.
  Time since last request: 399.996946 seconds.
  path: Assets/Locales/Русский.asset
  artifactKey: Guid(0ed97d62452f3a24fb7e4b99543feb71) Importer(815301076,1909f56bfc062723c751e8b465ee728b)
Start importing Assets/Locales/Русский.asset using Guid(0ed97d62452f3a24fb7e4b99543feb71) Importer(815301076,1909f56bfc062723c751e8b465ee728b)  -> (artifact id: 'bc85e90d98938730147610bc491ae244') in 0.239219 seconds
  Import took 0.319844 seconds .

========================================================================
Received Import Request.
  Time since last request: 0.008078 seconds.
  path: Assets/Locales/Русский.asset
  artifactKey: Guid(0ed97d62452f3a24fb7e4b99543feb71) Importer(815301076,1909f56bfc062723c751e8b465ee728b)
Start importing Assets/Locales/Русский.asset using Guid(0ed97d62452f3a24fb7e4b99543feb71) Importer(815301076,1909f56bfc062723c751e8b465ee728b)  -> (artifact id: 'bc85e90d98938730147610bc491ae244') in 0.015293 seconds
  Import took 0.037868 seconds .

========================================================================
Received Prepare
Registering precompiled user dll's ...
Registered in 0.009907 seconds.
Begin MonoManager ReloadAssembly
Native extension for WindowsStandalone target not found
Refreshing native plugins compatible for Editor in 1.52 ms, found 2 plugins.
Preloading 0 native plugins for Editor in 0.00 ms.
Mono: successfully reloaded assembly
- Completed reload, in  3.147 seconds
Platform modules already initialized, skipping
Shader 'Universal Render Pipeline/Particles/Lit': fallback shader 'Universal Render Pipeline/Particles/SimpleLit' not found
Refreshing native plugins compatible for Editor in 2.91 ms, found 2 plugins.
Preloading 0 native plugins for Editor in 0.00 ms.
Unloading 3749 Unused Serialized files (Serialized files now loaded: 0)
System memory in use before: 200.3 MB.
System memory in use after: 200.5 MB.

Unloading 16 unused Assets to reduce memory usage. Loaded Objects now: 4424.
Total: 9.894200 ms (FindLiveObjects: 1.114800 ms CreateObjectMapping: 0.488800 ms MarkObjects: 7.974100 ms  DeleteObjects: 0.311900 ms)

========================================================================
Received Prepare
Registering precompiled user dll's ...
Registered in 0.007613 seconds.
Begin MonoManager ReloadAssembly
Native extension for WindowsStandalone target not found
Refreshing native plugins compatible for Editor in 2.47 ms, found 2 plugins.
Preloading 0 native plugins for Editor in 0.00 ms.
Mono: successfully reloaded assembly
- Completed reload, in  2.883 seconds
Platform modules already initialized, skipping
Shader 'Universal Render Pipeline/Particles/Lit': fallback shader 'Universal Render Pipeline/Particles/SimpleLit' not found
Refreshing native plugins compatible for Editor in 2.12 ms, found 2 plugins.
Preloading 0 native plugins for Editor in 0.00 ms.
Unloading 3749 Unused Serialized files (Serialized files now loaded: 0)
System memory in use before: 200.3 MB.
System memory in use after: 200.6 MB.

Unloading 16 unused Assets to reduce memory usage. Loaded Objects now: 4427.
Total: 9.500900 ms (FindLiveObjects: 0.837300 ms CreateObjectMapping: 0.443300 ms MarkObjects: 7.915200 ms  DeleteObjects: 0.300700 ms)

========================================================================
Received Import Request.
  Time since last request: 872.644301 seconds.
  path: Assets/AddressableAssetsData/AssetGroups/Localization-Assets-Shared.asset
  artifactKey: Guid(700abe886eef47742ad03ac8593dafcf) Importer(815301076,1909f56bfc062723c751e8b465ee728b)
Start importing Assets/AddressableAssetsData/AssetGroups/Localization-Assets-Shared.asset using Guid(700abe886eef47742ad03ac8593dafcf) Importer(815301076,1909f56bfc062723c751e8b465ee728b)  -> (artifact id: 'd57a8da69cebb6468d17cf9feceec9f4') in 0.351139 seconds
  Import took 0.408147 seconds .

========================================================================
Received Import Request.
  Time since last request: 13.038654 seconds.
  path: Assets/AddressableAssetsData/AssetGroups/Default Local Group.asset
  artifactKey: Guid(28815f212f25eed458f295c5920a0887) Importer(815301076,1909f56bfc062723c751e8b465ee728b)
Start importing Assets/AddressableAssetsData/AssetGroups/Default Local Group.asset using Guid(28815f212f25eed458f295c5920a0887) Importer(815301076,1909f56bfc062723c751e8b465ee728b)  -> (artifact id: '55ed8685b744cfd97e043827b48ad1c8') in 0.101182 seconds
  Import took 0.133923 seconds .

========================================================================
Received Import Request.
  Time since last request: 0.704948 seconds.
  path: Assets/AddressableAssetsData/AssetGroups/Built In Data.asset
  artifactKey: Guid(fdd1ddf4271beb14ea0a81c379589233) Importer(815301076,1909f56bfc062723c751e8b465ee728b)
Start importing Assets/AddressableAssetsData/AssetGroups/Built In Data.asset using Guid(fdd1ddf4271beb14ea0a81c379589233) Importer(815301076,1909f56bfc062723c751e8b465ee728b)  -> (artifact id: '3025bc9043759bbce8be58b6ee68d7c8') in 0.092767 seconds
  Import took 0.126730 seconds .

========================================================================
Received Prepare
Registering precompiled user dll's ...
Registered in 0.007744 seconds.
Begin MonoManager ReloadAssembly
Native extension for WindowsStandalone target not found
Refreshing native plugins compatible for Editor in 1.58 ms, found 2 plugins.
Preloading 0 native plugins for Editor in 0.00 ms.
Mono: successfully reloaded assembly
- Completed reload, in  3.792 seconds
Platform modules already initialized, skipping
Shader 'Universal Render Pipeline/Particles/Lit': fallback shader 'Universal Render Pipeline/Particles/SimpleLit' not found
Refreshing native plugins compatible for Editor in 3.42 ms, found 2 plugins.
Preloading 0 native plugins for Editor in 0.00 ms.
Unloading 3749 Unused Serialized files (Serialized files now loaded: 0)
System memory in use before: 200.3 MB.
System memory in use after: 200.6 MB.

Unloading 16 unused Assets to reduce memory usage. Loaded Objects now: 4430.
Total: 8.891500 ms (FindLiveObjects: 0.878200 ms CreateObjectMapping: 0.526400 ms MarkObjects: 7.120700 ms  DeleteObjects: 0.361700 ms)

========================================================================
Received Prepare
Registering precompiled user dll's ...
Registered in 0.008693 seconds.
Begin MonoManager ReloadAssembly
Native extension for WindowsStandalone target not found
Refreshing native plugins compatible for Editor in 1.21 ms, found 2 plugins.
Preloading 0 native plugins for Editor in 0.00 ms.
Mono: successfully reloaded assembly
- Completed reload, in  3.640 seconds
Platform modules already initialized, skipping
Shader 'Universal Render Pipeline/Particles/Lit': fallback shader 'Universal Render Pipeline/Particles/SimpleLit' not found
Refreshing native plugins compatible for Editor in 2.01 ms, found 2 plugins.
Preloading 0 native plugins for Editor in 0.00 ms.
Unloading 3749 Unused Serialized files (Serialized files now loaded: 0)
System memory in use before: 200.4 MB.
System memory in use after: 200.6 MB.

Unloading 16 unused Assets to reduce memory usage. Loaded Objects now: 4433.
Total: 13.346200 ms (FindLiveObjects: 1.206900 ms CreateObjectMapping: 0.680000 ms MarkObjects: 10.952800 ms  DeleteObjects: 0.502200 ms)

========================================================================
Received Prepare
Registering precompiled user dll's ...
Registered in 0.009755 seconds.
Begin MonoManager ReloadAssembly
Native extension for WindowsStandalone target not found
Refreshing native plugins compatible for Editor in 2.29 ms, found 2 plugins.
Preloading 0 native plugins for Editor in 0.00 ms.
Mono: successfully reloaded assembly
- Completed reload, in  4.320 seconds
Platform modules already initialized, skipping
Shader 'Universal Render Pipeline/Particles/Lit': fallback shader 'Universal Render Pipeline/Particles/SimpleLit' not found
Refreshing native plugins compatible for Editor in 2.91 ms, found 2 plugins.
Preloading 0 native plugins for Editor in 0.00 ms.
Unloading 3751 Unused Serialized files (Serialized files now loaded: 0)
System memory in use before: 200.5 MB.
System memory in use after: 200.7 MB.

Unloading 16 unused Assets to reduce memory usage. Loaded Objects now: 4438.
Total: 16.227600 ms (FindLiveObjects: 1.527400 ms CreateObjectMapping: 0.927500 ms MarkObjects: 13.307800 ms  DeleteObjects: 0.460800 ms)

========================================================================
Received Prepare
Registering precompiled user dll's ...
Registered in 0.016966 seconds.
Begin MonoManager ReloadAssembly
Native extension for WindowsStandalone target not found
Refreshing native plugins compatible for Editor in 1.79 ms, found 2 plugins.
Preloading 0 native plugins for Editor in 0.00 ms.
Mono: successfully reloaded assembly
- Completed reload, in  3.577 seconds
Platform modules already initialized, skipping
Shader 'Universal Render Pipeline/Particles/Lit': fallback shader 'Universal Render Pipeline/Particles/SimpleLit' not found
Refreshing native plugins compatible for Editor in 1.54 ms, found 2 plugins.
Preloading 0 native plugins for Editor in 0.00 ms.
Unloading 3751 Unused Serialized files (Serialized files now loaded: 0)
System memory in use before: 200.5 MB.
System memory in use after: 200.7 MB.

Unloading 16 unused Assets to reduce memory usage. Loaded Objects now: 4441.
Total: 6.483700 ms (FindLiveObjects: 0.722400 ms CreateObjectMapping: 0.423200 ms MarkObjects: 5.093900 ms  DeleteObjects: 0.240300 ms)

========================================================================
Received Prepare
Registering precompiled user dll's ...
Registered in 0.010657 seconds.
Begin MonoManager ReloadAssembly
Native extension for WindowsStandalone target not found
Refreshing native plugins compatible for Editor in 1.36 ms, found 2 plugins.
Preloading 0 native plugins for Editor in 0.00 ms.
Mono: successfully reloaded assembly
- Completed reload, in  3.126 seconds
Platform modules already initialized, skipping
Shader 'Universal Render Pipeline/Particles/Lit': fallback shader 'Universal Render Pipeline/Particles/SimpleLit' not found
Refreshing native plugins compatible for Editor in 2.76 ms, found 2 plugins.
Preloading 0 native plugins for Editor in 0.00 ms.
Unloading 3751 Unused Serialized files (Serialized files now loaded: 0)
System memory in use before: 200.5 MB.
System memory in use after: 200.7 MB.

Unloading 16 unused Assets to reduce memory usage. Loaded Objects now: 4444.
Total: 14.852300 ms (FindLiveObjects: 1.371000 ms CreateObjectMapping: 0.719100 ms MarkObjects: 12.313800 ms  DeleteObjects: 0.441700 ms)

========================================================================
Received Prepare
Registering precompiled user dll's ...
Registered in 0.080575 seconds.
Begin MonoManager ReloadAssembly
Native extension for WindowsStandalone target not found
Refreshing native plugins compatible for Editor in 1.59 ms, found 2 plugins.
Preloading 0 native plugins for Editor in 0.00 ms.
Mono: successfully reloaded assembly
- Completed reload, in  3.279 seconds
Platform modules already initialized, skipping
Shader 'Universal Render Pipeline/Particles/Lit': fallback shader 'Universal Render Pipeline/Particles/SimpleLit' not found
Refreshing native plugins compatible for Editor in 2.99 ms, found 2 plugins.
Preloading 0 native plugins for Editor in 0.00 ms.
Unloading 3751 Unused Serialized files (Serialized files now loaded: 0)
System memory in use before: 200.5 MB.
System memory in use after: 200.7 MB.

Unloading 16 unused Assets to reduce memory usage. Loaded Objects now: 4447.
Total: 16.683300 ms (FindLiveObjects: 1.185900 ms CreateObjectMapping: 0.595400 ms MarkObjects: 14.442100 ms  DeleteObjects: 0.456000 ms)

========================================================================
Received Prepare
Registering precompiled user dll's ...
Registered in 0.007529 seconds.
Begin MonoManager ReloadAssembly
Native extension for WindowsStandalone target not found
Refreshing native plugins compatible for Editor in 1.63 ms, found 2 plugins.
Preloading 0 native plugins for Editor in 0.00 ms.
Mono: successfully reloaded assembly
- Completed reload, in  3.510 seconds
Platform modules already initialized, skipping
Shader 'Universal Render Pipeline/Particles/Lit': fallback shader 'Universal Render Pipeline/Particles/SimpleLit' not found
Refreshing native plugins compatible for Editor in 1.33 ms, found 2 plugins.
Preloading 0 native plugins for Editor in 0.00 ms.
Unloading 3751 Unused Serialized files (Serialized files now loaded: 0)
System memory in use before: 200.5 MB.
System memory in use after: 200.7 MB.

Unloading 16 unused Assets to reduce memory usage. Loaded Objects now: 4450.
Total: 7.684700 ms (FindLiveObjects: 0.633300 ms CreateObjectMapping: 0.440600 ms MarkObjects: 6.346900 ms  DeleteObjects: 0.259900 ms)

========================================================================
Received Prepare
Registering precompiled user dll's ...
Registered in 0.008350 seconds.
Begin MonoManager ReloadAssembly
Native extension for WindowsStandalone target not found
Refreshing native plugins compatible for Editor in 1.35 ms, found 2 plugins.
Preloading 0 native plugins for Editor in 0.00 ms.
Mono: successfully reloaded assembly
- Completed reload, in  3.408 seconds
Platform modules already initialized, skipping
Shader 'Universal Render Pipeline/Particles/Lit': fallback shader 'Universal Render Pipeline/Particles/SimpleLit' not found
Refreshing native plugins compatible for Editor in 2.38 ms, found 2 plugins.
Preloading 0 native plugins for Editor in 0.00 ms.
Unloading 3751 Unused Serialized files (Serialized files now loaded: 0)
System memory in use before: 200.5 MB.
System memory in use after: 200.7 MB.

Unloading 16 unused Assets to reduce memory usage. Loaded Objects now: 4453.
Total: 12.382200 ms (FindLiveObjects: 1.384600 ms CreateObjectMapping: 0.726200 ms MarkObjects: 9.856800 ms  DeleteObjects: 0.408800 ms)

========================================================================
Received Prepare
Registering precompiled user dll's ...
Registered in 0.007216 seconds.
Begin MonoManager ReloadAssembly
Native extension for WindowsStandalone target not found
Refreshing native plugins compatible for Editor in 1.55 ms, found 2 plugins.
Preloading 0 native plugins for Editor in 0.00 ms.
Mono: successfully reloaded assembly
- Completed reload, in  3.504 seconds
Platform modules already initialized, skipping
Shader 'Universal Render Pipeline/Particles/Lit': fallback shader 'Universal Render Pipeline/Particles/SimpleLit' not found
Refreshing native plugins compatible for Editor in 1.92 ms, found 2 plugins.
Preloading 0 native plugins for Editor in 0.00 ms.
Unloading 3751 Unused Serialized files (Serialized files now loaded: 0)
System memory in use before: 200.5 MB.
System memory in use after: 200.7 MB.

Unloading 16 unused Assets to reduce memory usage. Loaded Objects now: 4456.
Total: 7.450900 ms (FindLiveObjects: 0.593600 ms CreateObjectMapping: 0.412300 ms MarkObjects: 6.204500 ms  DeleteObjects: 0.237600 ms)

========================================================================
Received Prepare
Registering precompiled user dll's ...
Registered in 0.007280 seconds.
Begin MonoManager ReloadAssembly
Native extension for WindowsStandalone target not found
Refreshing native plugins compatible for Editor in 1.37 ms, found 2 plugins.
Preloading 0 native plugins for Editor in 0.00 ms.
Mono: successfully reloaded assembly
- Completed reload, in  2.967 seconds
Platform modules already initialized, skipping
Shader 'Universal Render Pipeline/Particles/Lit': fallback shader 'Universal Render Pipeline/Particles/SimpleLit' not found
Refreshing native plugins compatible for Editor in 2.79 ms, found 2 plugins.
Preloading 0 native plugins for Editor in 0.00 ms.
Unloading 3751 Unused Serialized files (Serialized files now loaded: 0)
System memory in use before: 200.5 MB.
System memory in use after: 200.7 MB.

Unloading 16 unused Assets to reduce memory usage. Loaded Objects now: 4459.
Total: 11.719900 ms (FindLiveObjects: 1.716100 ms CreateObjectMapping: 0.746600 ms MarkObjects: 8.880300 ms  DeleteObjects: 0.371000 ms)

========================================================================
Received Prepare
Registering precompiled user dll's ...
Registered in 0.010835 seconds.
Begin MonoManager ReloadAssembly
Native extension for WindowsStandalone target not found
Refreshing native plugins compatible for Editor in 1.37 ms, found 2 plugins.
Preloading 0 native plugins for Editor in 0.00 ms.
Mono: successfully reloaded assembly
- Completed reload, in  4.382 seconds
Platform modules already initialized, skipping
Shader 'Universal Render Pipeline/Particles/Lit': fallback shader 'Universal Render Pipeline/Particles/SimpleLit' not found
Refreshing native plugins compatible for Editor in 1.63 ms, found 2 plugins.
Preloading 0 native plugins for Editor in 0.00 ms.
Unloading 3751 Unused Serialized files (Serialized files now loaded: 0)
System memory in use before: 200.5 MB.
System memory in use after: 200.8 MB.

Unloading 16 unused Assets to reduce memory usage. Loaded Objects now: 4462.
Total: 6.181900 ms (FindLiveObjects: 0.620600 ms CreateObjectMapping: 0.401500 ms MarkObjects: 4.942200 ms  DeleteObjects: 0.211900 ms)

========================================================================
Received Prepare
Registering precompiled user dll's ...
Registered in 0.007292 seconds.
Begin MonoManager ReloadAssembly
Native extension for WindowsStandalone target not found
Refreshing native plugins compatible for Editor in 2.13 ms, found 2 plugins.
Preloading 0 native plugins for Editor in 0.00 ms.
Mono: successfully reloaded assembly
- Completed reload, in  3.878 seconds
Platform modules already initialized, skipping
Shader 'Universal Render Pipeline/Particles/Lit': fallback shader 'Universal Render Pipeline/Particles/SimpleLit' not found
Refreshing native plugins compatible for Editor in 2.50 ms, found 2 plugins.
Preloading 0 native plugins for Editor in 0.00 ms.
Unloading 3751 Unused Serialized files (Serialized files now loaded: 0)
System memory in use before: 200.5 MB.
System memory in use after: 200.8 MB.

Unloading 16 unused Assets to reduce memory usage. Loaded Objects now: 4465.
Total: 13.751500 ms (FindLiveObjects: 1.272400 ms CreateObjectMapping: 0.782700 ms MarkObjects: 11.259400 ms  DeleteObjects: 0.433200 ms)

========================================================================
Received Prepare
Shader 'Universal Render Pipeline/Particles/Lit': fallback shader 'Universal Render Pipeline/Particles/SimpleLit' not found
Refreshing native plugins compatible for Editor in 8.04 ms, found 2 plugins.
Preloading 0 native plugins for Editor in 0.00 ms.
Unloading 14 Unused Serialized files (Serialized files now loaded: 0)
System memory in use before: 126.9 MB.
System memory in use after: 127.1 MB.

Unloading 14 unused Assets to reduce memory usage. Loaded Objects now: 4465.
Total: 9.779000 ms (FindLiveObjects: 0.812600 ms CreateObjectMapping: 0.484300 ms MarkObjects: 8.193300 ms  DeleteObjects: 0.285900 ms)

AssetImportWorkerClient::OnTransportError - code=2 error=End of file
