Using pre-set license
Built from '2020.3/staging' branch; Version is '2020.3.11f1 (99c7afb366b3) revision 10078127'; Using compiler version '192528614'; Build Type 'Release'
OS: 'Windows 10 Home; OS build 19042.1052; Version 2009; 64bit' Language: 'ru' Physical Memory: 8034 MB
BatchMode: 1, IsHumanControllingUs: 0, StartBugReporterOnCrash: 0, Is64bit: 1, IsPro: 0

 COMMAND LINE ARGUMENTS:
C:\Program Files\Unity\Hub\Editor\2020.3.11f1\Editor\Unity.exe
-adb2
-batchMode
-noUpm
-name
AssetImportWorker5
-projectPath
E:/IT/Games/UnityGames/AmazingMaze3D/Amazing Maze 3D
-logFile
Logs/AssetImportWorker5.log
-srvPort
56338
Successfully changed project path to: E:/IT/Games/UnityGames/AmazingMaze3D/Amazing Maze 3D
E:/IT/Games/UnityGames/AmazingMaze3D/Amazing Maze 3D
Using Asset Import Pipeline V2.
Refreshing native plugins compatible for Editor in 239.06 ms, found 2 plugins.
Preloading 0 native plugins for Editor in 0.00 ms.
Initialize engine version: 2020.3.11f1 (99c7afb366b3)
[Subsystems] Discovering subsystems at path C:/Program Files/Unity/Hub/Editor/2020.3.11f1/Editor/Data/Resources/UnitySubsystems
[Subsystems] Discovering subsystems at path E:/IT/Games/UnityGames/AmazingMaze3D/Amazing Maze 3D/Assets
GfxDevice: creating device client; threaded=0
Direct3D:
    Version:  Direct3D 11.0 [level 11.1]
    Renderer: NVIDIA GeForce GTX 1050 (ID=0x1c91)
    Vendor:   
    VRAM:     2996 MB
    Driver:   27.21.14.6677
Shader 'Universal Render Pipeline/Particles/Lit': fallback shader 'Universal Render Pipeline/Particles/SimpleLit' not found
Initialize mono
Mono path[0] = 'C:/Program Files/Unity/Hub/Editor/2020.3.11f1/Editor/Data/Managed'
Mono path[1] = 'C:/Program Files/Unity/Hub/Editor/2020.3.11f1/Editor/Data/MonoBleedingEdge/lib/mono/unityjit'
Mono config path = 'C:/Program Files/Unity/Hub/Editor/2020.3.11f1/Editor/Data/MonoBleedingEdge/etc'
Using monoOptions --debugger-agent=transport=dt_socket,embedding=1,server=y,suspend=n,address=127.0.0.1:56036
Begin MonoManager ReloadAssembly
Registering precompiled unity dll's ...
Register platform support module: C:/Program Files/Unity/Hub/Editor/2020.3.11f1/Editor/Data/PlaybackEngines/WindowsStandaloneSupport/UnityEditor.WindowsStandalone.Extensions.dll
Registered in 0.004098 seconds.
Native extension for WindowsStandalone target not found
Refreshing native plugins compatible for Editor in 126.92 ms, found 2 plugins.
Preloading 0 native plugins for Editor in 0.00 ms.
Mono: successfully reloaded assembly
- Completed reload, in  1.976 seconds
Platform modules already initialized, skipping
Registering precompiled user dll's ...
Registered in 0.008253 seconds.
Begin MonoManager ReloadAssembly
Native extension for WindowsStandalone target not found
Refreshing native plugins compatible for Editor in 107.93 ms, found 2 plugins.
Preloading 0 native plugins for Editor in 0.00 ms.
Mono: successfully reloaded assembly
- Completed reload, in  4.243 seconds
Platform modules already initialized, skipping
========================================================================
Worker process is ready to serve import requests
Shader 'Universal Render Pipeline/Particles/Lit': fallback shader 'Universal Render Pipeline/Particles/SimpleLit' not found
Launched and connected shader compiler UnityShaderCompiler.exe after 0.28 seconds
Refreshing native plugins compatible for Editor in 1.06 ms, found 2 plugins.
Preloading 0 native plugins for Editor in 0.00 ms.
Unloading 3527 Unused Serialized files (Serialized files now loaded: 0)
System memory in use before: 166.0 MB.
System memory in use after: 166.2 MB.

Unloading 25 unused Assets to reduce memory usage. Loaded Objects now: 3986.
Total: 4.503500 ms (FindLiveObjects: 0.489200 ms CreateObjectMapping: 0.242900 ms MarkObjects: 3.588000 ms  DeleteObjects: 0.182000 ms)

========================================================================
Received Import Request.
  path: Assets/Scripts/Managers/LocalizationSetter.cs
  artifactKey: Guid(4cceea019bb83aa44ad51f3ff87cc3c1) Importer(815301076,1909f56bfc062723c751e8b465ee728b)
Start importing Assets/Scripts/Managers/LocalizationSetter.cs using Guid(4cceea019bb83aa44ad51f3ff87cc3c1) Importer(815301076,1909f56bfc062723c751e8b465ee728b)  -> (artifact id: '6b0e02b97498d953e56357a82d7aa12f') in 0.188184 seconds
  Import took 0.346494 seconds .

========================================================================
Received Import Request.
  Time since last request: 34.987118 seconds.
  path: Assets/Scripts/Managers/LocalizationSetter.cs
  artifactKey: Guid(4cceea019bb83aa44ad51f3ff87cc3c1) Importer(815301076,1909f56bfc062723c751e8b465ee728b)
Start importing Assets/Scripts/Managers/LocalizationSetter.cs using Guid(4cceea019bb83aa44ad51f3ff87cc3c1) Importer(815301076,1909f56bfc062723c751e8b465ee728b)  -> (artifact id: '964f029c18868672223ca91ccb283392') in 0.004229 seconds
  Import took 0.050921 seconds .

========================================================================
Received Import Request.
  Time since last request: 0.023444 seconds.
  path: Assets/Scripts/Managers/LocalizationSetter.cs
  artifactKey: Guid(4cceea019bb83aa44ad51f3ff87cc3c1) Importer(815301076,1909f56bfc062723c751e8b465ee728b)
Start importing Assets/Scripts/Managers/LocalizationSetter.cs using Guid(4cceea019bb83aa44ad51f3ff87cc3c1) Importer(815301076,1909f56bfc062723c751e8b465ee728b)  -> (artifact id: '964f029c18868672223ca91ccb283392') in 0.003337 seconds
  Import took 0.012772 seconds .

========================================================================
Received Import Request.
  Time since last request: 48.791483 seconds.
  path: Assets/Scripts/Managers/LocalizationSetter.cs
  artifactKey: Guid(4cceea019bb83aa44ad51f3ff87cc3c1) Importer(815301076,1909f56bfc062723c751e8b465ee728b)
Start importing Assets/Scripts/Managers/LocalizationSetter.cs using Guid(4cceea019bb83aa44ad51f3ff87cc3c1) Importer(815301076,1909f56bfc062723c751e8b465ee728b)  -> (artifact id: '8ecfae3f8b3704a92ea76ff0c1982eae') in 0.004428 seconds
  Import took 0.049232 seconds .

========================================================================
Received Import Request.
  Time since last request: 0.082619 seconds.
  path: Assets/Scripts/Managers/LocalizationSetter.cs
  artifactKey: Guid(4cceea019bb83aa44ad51f3ff87cc3c1) Importer(815301076,1909f56bfc062723c751e8b465ee728b)
Start importing Assets/Scripts/Managers/LocalizationSetter.cs using Guid(4cceea019bb83aa44ad51f3ff87cc3c1) Importer(815301076,1909f56bfc062723c751e8b465ee728b)  -> (artifact id: '8ecfae3f8b3704a92ea76ff0c1982eae') in 0.003302 seconds
  Import took 0.013308 seconds .

========================================================================
Received Prepare
Registering precompiled user dll's ...
Registered in 0.008294 seconds.
Begin MonoManager ReloadAssembly
Native extension for WindowsStandalone target not found
Refreshing native plugins compatible for Editor in 0.92 ms, found 2 plugins.
Preloading 0 native plugins for Editor in 0.00 ms.
Mono: successfully reloaded assembly
- Completed reload, in  2.002 seconds
Platform modules already initialized, skipping
Shader 'Universal Render Pipeline/Particles/Lit': fallback shader 'Universal Render Pipeline/Particles/SimpleLit' not found
Refreshing native plugins compatible for Editor in 0.98 ms, found 2 plugins.
Preloading 0 native plugins for Editor in 0.00 ms.
Unloading 3382 Unused Serialized files (Serialized files now loaded: 0)
System memory in use before: 157.1 MB.
System memory in use after: 157.3 MB.

Unloading 20 unused Assets to reduce memory usage. Loaded Objects now: 3989.
Total: 10.046700 ms (FindLiveObjects: 0.479300 ms CreateObjectMapping: 0.291900 ms MarkObjects: 9.066000 ms  DeleteObjects: 0.206200 ms)

========================================================================
Received Prepare
Registering precompiled user dll's ...
Registered in 0.007905 seconds.
Begin MonoManager ReloadAssembly
Native extension for WindowsStandalone target not found
Refreshing native plugins compatible for Editor in 0.96 ms, found 2 plugins.
Preloading 0 native plugins for Editor in 0.00 ms.
Mono: successfully reloaded assembly
- Completed reload, in  2.154 seconds
Platform modules already initialized, skipping
Shader 'Universal Render Pipeline/Particles/Lit': fallback shader 'Universal Render Pipeline/Particles/SimpleLit' not found
Refreshing native plugins compatible for Editor in 1.18 ms, found 2 plugins.
Preloading 0 native plugins for Editor in 0.00 ms.
Unloading 3382 Unused Serialized files (Serialized files now loaded: 0)
System memory in use before: 157.2 MB.
System memory in use after: 157.4 MB.

Unloading 20 unused Assets to reduce memory usage. Loaded Objects now: 3992.
Total: 5.007100 ms (FindLiveObjects: 0.739500 ms CreateObjectMapping: 0.370200 ms MarkObjects: 3.771600 ms  DeleteObjects: 0.124000 ms)

========================================================================
Received Prepare
Registering precompiled user dll's ...
Registered in 0.008762 seconds.
Begin MonoManager ReloadAssembly
Native extension for WindowsStandalone target not found
Refreshing native plugins compatible for Editor in 0.93 ms, found 2 plugins.
Preloading 0 native plugins for Editor in 0.00 ms.
Mono: successfully reloaded assembly
- Completed reload, in  1.993 seconds
Platform modules already initialized, skipping
Shader 'Universal Render Pipeline/Particles/Lit': fallback shader 'Universal Render Pipeline/Particles/SimpleLit' not found
Refreshing native plugins compatible for Editor in 1.09 ms, found 2 plugins.
Preloading 0 native plugins for Editor in 0.00 ms.
Unloading 3382 Unused Serialized files (Serialized files now loaded: 0)
System memory in use before: 157.2 MB.
System memory in use after: 157.4 MB.

Unloading 20 unused Assets to reduce memory usage. Loaded Objects now: 3995.
Total: 5.759900 ms (FindLiveObjects: 0.484800 ms CreateObjectMapping: 0.267600 ms MarkObjects: 4.849100 ms  DeleteObjects: 0.156100 ms)

========================================================================
Received Prepare
Registering precompiled user dll's ...
Registered in 0.008775 seconds.
Begin MonoManager ReloadAssembly
Native extension for WindowsStandalone target not found
Refreshing native plugins compatible for Editor in 1.04 ms, found 2 plugins.
Preloading 0 native plugins for Editor in 0.00 ms.
Mono: successfully reloaded assembly
- Completed reload, in  2.004 seconds
Platform modules already initialized, skipping
Shader 'Universal Render Pipeline/Particles/Lit': fallback shader 'Universal Render Pipeline/Particles/SimpleLit' not found
Refreshing native plugins compatible for Editor in 1.06 ms, found 2 plugins.
Preloading 0 native plugins for Editor in 0.00 ms.
Unloading 3382 Unused Serialized files (Serialized files now loaded: 0)
System memory in use before: 157.3 MB.
System memory in use after: 157.5 MB.

Unloading 20 unused Assets to reduce memory usage. Loaded Objects now: 3998.
Total: 4.722600 ms (FindLiveObjects: 0.485100 ms CreateObjectMapping: 0.249100 ms MarkObjects: 3.828100 ms  DeleteObjects: 0.158800 ms)

========================================================================
Received Prepare
Registering precompiled user dll's ...
Registered in 0.008172 seconds.
Begin MonoManager ReloadAssembly
Native extension for WindowsStandalone target not found
Refreshing native plugins compatible for Editor in 1.30 ms, found 2 plugins.
Preloading 0 native plugins for Editor in 0.00 ms.
Mono: successfully reloaded assembly
- Completed reload, in  1.867 seconds
Platform modules already initialized, skipping
Shader 'Universal Render Pipeline/Particles/Lit': fallback shader 'Universal Render Pipeline/Particles/SimpleLit' not found
Refreshing native plugins compatible for Editor in 0.92 ms, found 2 plugins.
Preloading 0 native plugins for Editor in 0.00 ms.
Unloading 3382 Unused Serialized files (Serialized files now loaded: 0)
System memory in use before: 157.3 MB.
System memory in use after: 157.5 MB.

Unloading 20 unused Assets to reduce memory usage. Loaded Objects now: 4001.
Total: 4.668300 ms (FindLiveObjects: 0.524700 ms CreateObjectMapping: 0.315000 ms MarkObjects: 3.699500 ms  DeleteObjects: 0.127700 ms)

========================================================================
Received Prepare
Registering precompiled user dll's ...
Registered in 0.011628 seconds.
Begin MonoManager ReloadAssembly
Native extension for WindowsStandalone target not found
Refreshing native plugins compatible for Editor in 2.28 ms, found 2 plugins.
Preloading 0 native plugins for Editor in 0.00 ms.
Mono: successfully reloaded assembly
- Completed reload, in  2.539 seconds
Platform modules already initialized, skipping
Shader 'Universal Render Pipeline/Particles/Lit': fallback shader 'Universal Render Pipeline/Particles/SimpleLit' not found
Refreshing native plugins compatible for Editor in 0.93 ms, found 2 plugins.
Preloading 0 native plugins for Editor in 0.00 ms.
Unloading 3382 Unused Serialized files (Serialized files now loaded: 0)
System memory in use before: 157.3 MB.
System memory in use after: 157.5 MB.

Unloading 20 unused Assets to reduce memory usage. Loaded Objects now: 4004.
Total: 4.589800 ms (FindLiveObjects: 0.452300 ms CreateObjectMapping: 0.315900 ms MarkObjects: 3.687900 ms  DeleteObjects: 0.132200 ms)

========================================================================
Received Prepare
Registering precompiled user dll's ...
Registered in 0.008495 seconds.
Begin MonoManager ReloadAssembly
Native extension for WindowsStandalone target not found
Refreshing native plugins compatible for Editor in 0.95 ms, found 2 plugins.
Preloading 0 native plugins for Editor in 0.00 ms.
Mono: successfully reloaded assembly
- Completed reload, in  1.987 seconds
Platform modules already initialized, skipping
Shader 'Universal Render Pipeline/Particles/Lit': fallback shader 'Universal Render Pipeline/Particles/SimpleLit' not found
Refreshing native plugins compatible for Editor in 1.01 ms, found 2 plugins.
Preloading 0 native plugins for Editor in 0.00 ms.
Unloading 3382 Unused Serialized files (Serialized files now loaded: 0)
System memory in use before: 157.3 MB.
System memory in use after: 157.5 MB.

Unloading 20 unused Assets to reduce memory usage. Loaded Objects now: 4007.
Total: 4.242600 ms (FindLiveObjects: 0.449800 ms CreateObjectMapping: 0.263000 ms MarkObjects: 3.398800 ms  DeleteObjects: 0.129500 ms)

========================================================================
Received Prepare
Registering precompiled user dll's ...
Registered in 0.008006 seconds.
Begin MonoManager ReloadAssembly
Native extension for WindowsStandalone target not found
Refreshing native plugins compatible for Editor in 0.89 ms, found 2 plugins.
Preloading 0 native plugins for Editor in 0.00 ms.
Mono: successfully reloaded assembly
- Completed reload, in  1.961 seconds
Platform modules already initialized, skipping
Shader 'Universal Render Pipeline/Particles/Lit': fallback shader 'Universal Render Pipeline/Particles/SimpleLit' not found
Refreshing native plugins compatible for Editor in 1.15 ms, found 2 plugins.
Preloading 0 native plugins for Editor in 0.00 ms.
Unloading 3382 Unused Serialized files (Serialized files now loaded: 0)
System memory in use before: 157.3 MB.
System memory in use after: 157.5 MB.

Unloading 20 unused Assets to reduce memory usage. Loaded Objects now: 4010.
Total: 4.624400 ms (FindLiveObjects: 0.494400 ms CreateObjectMapping: 0.244300 ms MarkObjects: 3.751100 ms  DeleteObjects: 0.133000 ms)

========================================================================
Received Prepare
Registering precompiled user dll's ...
Registered in 0.008045 seconds.
Begin MonoManager ReloadAssembly
Native extension for WindowsStandalone target not found
Refreshing native plugins compatible for Editor in 0.90 ms, found 2 plugins.
Preloading 0 native plugins for Editor in 0.00 ms.
Mono: successfully reloaded assembly
- Completed reload, in  2.017 seconds
Platform modules already initialized, skipping
Shader 'Universal Render Pipeline/Particles/Lit': fallback shader 'Universal Render Pipeline/Particles/SimpleLit' not found
Refreshing native plugins compatible for Editor in 0.91 ms, found 2 plugins.
Preloading 0 native plugins for Editor in 0.00 ms.
Unloading 3382 Unused Serialized files (Serialized files now loaded: 0)
System memory in use before: 157.3 MB.
System memory in use after: 157.5 MB.

Unloading 20 unused Assets to reduce memory usage. Loaded Objects now: 4013.
Total: 4.603700 ms (FindLiveObjects: 0.592900 ms CreateObjectMapping: 0.315200 ms MarkObjects: 3.557100 ms  DeleteObjects: 0.136300 ms)

========================================================================
Received Prepare
Registering precompiled user dll's ...
Registered in 0.008647 seconds.
Begin MonoManager ReloadAssembly
Native extension for WindowsStandalone target not found
Refreshing native plugins compatible for Editor in 0.92 ms, found 2 plugins.
Preloading 0 native plugins for Editor in 0.00 ms.
Mono: successfully reloaded assembly
- Completed reload, in  1.970 seconds
Platform modules already initialized, skipping
Shader 'Universal Render Pipeline/Particles/Lit': fallback shader 'Universal Render Pipeline/Particles/SimpleLit' not found
Refreshing native plugins compatible for Editor in 1.06 ms, found 2 plugins.
Preloading 0 native plugins for Editor in 0.00 ms.
Unloading 3382 Unused Serialized files (Serialized files now loaded: 0)
System memory in use before: 157.3 MB.
System memory in use after: 157.5 MB.

Unloading 20 unused Assets to reduce memory usage. Loaded Objects now: 4016.
Total: 5.008800 ms (FindLiveObjects: 0.548000 ms CreateObjectMapping: 0.357800 ms MarkObjects: 3.965700 ms  DeleteObjects: 0.135600 ms)

========================================================================
Received Prepare
Registering precompiled user dll's ...
Registered in 0.012276 seconds.
Begin MonoManager ReloadAssembly
Native extension for WindowsStandalone target not found
Refreshing native plugins compatible for Editor in 0.98 ms, found 2 plugins.
Preloading 0 native plugins for Editor in 0.00 ms.
Mono: successfully reloaded assembly
- Completed reload, in  1.915 seconds
Platform modules already initialized, skipping
Shader 'Universal Render Pipeline/Particles/Lit': fallback shader 'Universal Render Pipeline/Particles/SimpleLit' not found
Refreshing native plugins compatible for Editor in 0.89 ms, found 2 plugins.
Preloading 0 native plugins for Editor in 0.00 ms.
Unloading 3382 Unused Serialized files (Serialized files now loaded: 0)
System memory in use before: 157.3 MB.
System memory in use after: 157.5 MB.

Unloading 20 unused Assets to reduce memory usage. Loaded Objects now: 4019.
Total: 4.634000 ms (FindLiveObjects: 0.451200 ms CreateObjectMapping: 0.278400 ms MarkObjects: 3.768400 ms  DeleteObjects: 0.134700 ms)

========================================================================
Received Prepare
Registering precompiled user dll's ...
Registered in 0.008964 seconds.
Begin MonoManager ReloadAssembly
Native extension for WindowsStandalone target not found
Refreshing native plugins compatible for Editor in 0.90 ms, found 2 plugins.
Preloading 0 native plugins for Editor in 0.00 ms.
Mono: successfully reloaded assembly
- Completed reload, in  1.934 seconds
Platform modules already initialized, skipping
Shader 'Universal Render Pipeline/Particles/Lit': fallback shader 'Universal Render Pipeline/Particles/SimpleLit' not found
Refreshing native plugins compatible for Editor in 0.90 ms, found 2 plugins.
Preloading 0 native plugins for Editor in 0.00 ms.
Unloading 3382 Unused Serialized files (Serialized files now loaded: 0)
System memory in use before: 157.3 MB.
System memory in use after: 157.5 MB.

Unloading 20 unused Assets to reduce memory usage. Loaded Objects now: 4022.
Total: 4.908000 ms (FindLiveObjects: 0.481400 ms CreateObjectMapping: 0.262500 ms MarkObjects: 4.027400 ms  DeleteObjects: 0.135200 ms)

========================================================================
Received Prepare
Registering precompiled user dll's ...
Registered in 0.008035 seconds.
Begin MonoManager ReloadAssembly
Native extension for WindowsStandalone target not found
Refreshing native plugins compatible for Editor in 1.04 ms, found 2 plugins.
Preloading 0 native plugins for Editor in 0.00 ms.
Mono: successfully reloaded assembly
- Completed reload, in  2.045 seconds
Platform modules already initialized, skipping
Shader 'Universal Render Pipeline/Particles/Lit': fallback shader 'Universal Render Pipeline/Particles/SimpleLit' not found
Refreshing native plugins compatible for Editor in 1.16 ms, found 2 plugins.
Preloading 0 native plugins for Editor in 0.00 ms.
Unloading 3382 Unused Serialized files (Serialized files now loaded: 0)
System memory in use before: 157.3 MB.
System memory in use after: 157.6 MB.

Unloading 20 unused Assets to reduce memory usage. Loaded Objects now: 4025.
Total: 4.671100 ms (FindLiveObjects: 0.473000 ms CreateObjectMapping: 0.281800 ms MarkObjects: 3.780200 ms  DeleteObjects: 0.134700 ms)

========================================================================
Received Prepare
Registering precompiled user dll's ...
Registered in 0.008974 seconds.
Begin MonoManager ReloadAssembly
Native extension for WindowsStandalone target not found
Refreshing native plugins compatible for Editor in 0.94 ms, found 2 plugins.
Preloading 0 native plugins for Editor in 0.00 ms.
Mono: successfully reloaded assembly
- Completed reload, in  1.988 seconds
Platform modules already initialized, skipping
Shader 'Universal Render Pipeline/Particles/Lit': fallback shader 'Universal Render Pipeline/Particles/SimpleLit' not found
Refreshing native plugins compatible for Editor in 1.75 ms, found 2 plugins.
Preloading 0 native plugins for Editor in 0.00 ms.
Unloading 3382 Unused Serialized files (Serialized files now loaded: 0)
System memory in use before: 157.4 MB.
System memory in use after: 157.6 MB.

Unloading 20 unused Assets to reduce memory usage. Loaded Objects now: 4028.
Total: 5.854800 ms (FindLiveObjects: 0.827400 ms CreateObjectMapping: 0.431200 ms MarkObjects: 4.452200 ms  DeleteObjects: 0.141700 ms)

========================================================================
Received Prepare
Registering precompiled user dll's ...
Registered in 0.008214 seconds.
Begin MonoManager ReloadAssembly
Native extension for WindowsStandalone target not found
Refreshing native plugins compatible for Editor in 0.91 ms, found 2 plugins.
Preloading 0 native plugins for Editor in 0.00 ms.
Mono: successfully reloaded assembly
- Completed reload, in  1.891 seconds
Platform modules already initialized, skipping
Shader 'Universal Render Pipeline/Particles/Lit': fallback shader 'Universal Render Pipeline/Particles/SimpleLit' not found
Refreshing native plugins compatible for Editor in 1.94 ms, found 2 plugins.
Preloading 0 native plugins for Editor in 0.00 ms.
Unloading 3382 Unused Serialized files (Serialized files now loaded: 0)
System memory in use before: 157.4 MB.
System memory in use after: 157.6 MB.

Unloading 20 unused Assets to reduce memory usage. Loaded Objects now: 4031.
Total: 8.766800 ms (FindLiveObjects: 1.100400 ms CreateObjectMapping: 1.186900 ms MarkObjects: 6.331500 ms  DeleteObjects: 0.145600 ms)

========================================================================
Received Import Request.
  Time since last request: 3409.010562 seconds.
  path: Assets/Scripts/Managers/Localization
  artifactKey: Guid(cff9e086a80f86c4ea4dc6c8f6c9a629) Importer(815301076,1909f56bfc062723c751e8b465ee728b)
Start importing Assets/Scripts/Managers/Localization using Guid(cff9e086a80f86c4ea4dc6c8f6c9a629) Importer(815301076,1909f56bfc062723c751e8b465ee728b)  -> (artifact id: '06d990488f1d633238b95ef2ce5feb31') in 0.023159 seconds
  Import took 0.061981 seconds .

========================================================================
Received Prepare
Registering precompiled user dll's ...
Registered in 0.009229 seconds.
Begin MonoManager ReloadAssembly
Native extension for WindowsStandalone target not found
Refreshing native plugins compatible for Editor in 0.91 ms, found 2 plugins.
Preloading 0 native plugins for Editor in 0.00 ms.
Mono: successfully reloaded assembly
- Completed reload, in  2.469 seconds
Platform modules already initialized, skipping
Shader 'Universal Render Pipeline/Particles/Lit': fallback shader 'Universal Render Pipeline/Particles/SimpleLit' not found
Refreshing native plugins compatible for Editor in 1.23 ms, found 2 plugins.
Preloading 0 native plugins for Editor in 0.00 ms.
Unloading 3382 Unused Serialized files (Serialized files now loaded: 0)
System memory in use before: 157.4 MB.
System memory in use after: 157.6 MB.

Unloading 20 unused Assets to reduce memory usage. Loaded Objects now: 4034.
Total: 5.411300 ms (FindLiveObjects: 0.528800 ms CreateObjectMapping: 0.263100 ms MarkObjects: 4.453300 ms  DeleteObjects: 0.164400 ms)

========================================================================
Received Import Request.
  Time since last request: 18.393786 seconds.
  path: Assets/Scripts/Managers/Localization/LocalizeDropdown.cs
  artifactKey: Guid(0e0792f359c175a438cc0339ebde9c20) Importer(815301076,1909f56bfc062723c751e8b465ee728b)
Start importing Assets/Scripts/Managers/Localization/LocalizeDropdown.cs using Guid(0e0792f359c175a438cc0339ebde9c20) Importer(815301076,1909f56bfc062723c751e8b465ee728b)  -> (artifact id: '8e97c6228e36db13bf7dd1849737af3c') in 0.021115 seconds
  Import took 0.067102 seconds .

========================================================================
Received Prepare
Registering precompiled user dll's ...
Registered in 0.009610 seconds.
Begin MonoManager ReloadAssembly
Native extension for WindowsStandalone target not found
Refreshing native plugins compatible for Editor in 0.91 ms, found 2 plugins.
Preloading 0 native plugins for Editor in 0.00 ms.
Mono: successfully reloaded assembly
- Completed reload, in  1.989 seconds
Platform modules already initialized, skipping
Shader 'Universal Render Pipeline/Particles/Lit': fallback shader 'Universal Render Pipeline/Particles/SimpleLit' not found
Refreshing native plugins compatible for Editor in 0.98 ms, found 2 plugins.
Preloading 0 native plugins for Editor in 0.00 ms.
Unloading 3383 Unused Serialized files (Serialized files now loaded: 0)
System memory in use before: 157.4 MB.
System memory in use after: 157.6 MB.

Unloading 20 unused Assets to reduce memory usage. Loaded Objects now: 4038.
Total: 4.882600 ms (FindLiveObjects: 0.526300 ms CreateObjectMapping: 0.283900 ms MarkObjects: 3.940200 ms  DeleteObjects: 0.130600 ms)

========================================================================
Received Import Request.
  Time since last request: 41.327199 seconds.
  path: Assets/Scripts/Managers/Localization/LocalizeDropdown.cs
  artifactKey: Guid(0e0792f359c175a438cc0339ebde9c20) Importer(815301076,1909f56bfc062723c751e8b465ee728b)
Start importing Assets/Scripts/Managers/Localization/LocalizeDropdown.cs using Guid(0e0792f359c175a438cc0339ebde9c20) Importer(815301076,1909f56bfc062723c751e8b465ee728b)  -> (artifact id: '4423d428cbf07c73ea997793221e35ef') in 0.010741 seconds
  Import took 0.032998 seconds .

========================================================================
Received Import Request.
  Time since last request: 0.053499 seconds.
  path: Assets/Scripts/Managers/Localization/LocalizeDropdown.cs
  artifactKey: Guid(0e0792f359c175a438cc0339ebde9c20) Importer(815301076,1909f56bfc062723c751e8b465ee728b)
Start importing Assets/Scripts/Managers/Localization/LocalizeDropdown.cs using Guid(0e0792f359c175a438cc0339ebde9c20) Importer(815301076,1909f56bfc062723c751e8b465ee728b)  -> (artifact id: '4423d428cbf07c73ea997793221e35ef') in 0.003662 seconds
  Import took 0.013278 seconds .

========================================================================
Received Prepare
Registering precompiled user dll's ...
Registered in 0.008885 seconds.
Begin MonoManager ReloadAssembly
Native extension for WindowsStandalone target not found
Refreshing native plugins compatible for Editor in 0.95 ms, found 2 plugins.
Preloading 0 native plugins for Editor in 0.00 ms.
Mono: successfully reloaded assembly
- Completed reload, in  1.943 seconds
Platform modules already initialized, skipping
Shader 'Universal Render Pipeline/Particles/Lit': fallback shader 'Universal Render Pipeline/Particles/SimpleLit' not found
Refreshing native plugins compatible for Editor in 0.97 ms, found 2 plugins.
Preloading 0 native plugins for Editor in 0.00 ms.
Unloading 3383 Unused Serialized files (Serialized files now loaded: 0)
System memory in use before: 157.4 MB.
System memory in use after: 157.6 MB.

Unloading 20 unused Assets to reduce memory usage. Loaded Objects now: 4041.
Total: 4.566900 ms (FindLiveObjects: 0.461600 ms CreateObjectMapping: 0.293000 ms MarkObjects: 3.676400 ms  DeleteObjects: 0.134500 ms)

========================================================================
Received Prepare
Registering precompiled user dll's ...
Registered in 0.009297 seconds.
Begin MonoManager ReloadAssembly
Native extension for WindowsStandalone target not found
Refreshing native plugins compatible for Editor in 0.94 ms, found 2 plugins.
Preloading 0 native plugins for Editor in 0.00 ms.
Mono: successfully reloaded assembly
- Completed reload, in  1.928 seconds
Platform modules already initialized, skipping
Shader 'Universal Render Pipeline/Particles/Lit': fallback shader 'Universal Render Pipeline/Particles/SimpleLit' not found
Refreshing native plugins compatible for Editor in 0.89 ms, found 2 plugins.
Preloading 0 native plugins for Editor in 0.00 ms.
Unloading 3383 Unused Serialized files (Serialized files now loaded: 0)
System memory in use before: 157.4 MB.
System memory in use after: 157.6 MB.

Unloading 20 unused Assets to reduce memory usage. Loaded Objects now: 4044.
Total: 5.718900 ms (FindLiveObjects: 0.608100 ms CreateObjectMapping: 0.335000 ms MarkObjects: 4.634600 ms  DeleteObjects: 0.139200 ms)

========================================================================
Received Prepare
Registering precompiled user dll's ...
Registered in 0.008541 seconds.
Begin MonoManager ReloadAssembly
Native extension for WindowsStandalone target not found
Refreshing native plugins compatible for Editor in 0.90 ms, found 2 plugins.
Preloading 0 native plugins for Editor in 0.00 ms.
Mono: successfully reloaded assembly
- Completed reload, in  1.899 seconds
Platform modules already initialized, skipping
Shader 'Universal Render Pipeline/Particles/Lit': fallback shader 'Universal Render Pipeline/Particles/SimpleLit' not found
Refreshing native plugins compatible for Editor in 0.96 ms, found 2 plugins.
Preloading 0 native plugins for Editor in 0.00 ms.
Unloading 3383 Unused Serialized files (Serialized files now loaded: 0)
System memory in use before: 157.4 MB.
System memory in use after: 157.6 MB.

Unloading 20 unused Assets to reduce memory usage. Loaded Objects now: 4047.
Total: 4.548000 ms (FindLiveObjects: 0.548700 ms CreateObjectMapping: 0.295400 ms MarkObjects: 3.563600 ms  DeleteObjects: 0.138400 ms)

========================================================================
Received Prepare
Registering precompiled user dll's ...
Registered in 0.008475 seconds.
Begin MonoManager ReloadAssembly
Native extension for WindowsStandalone target not found
Refreshing native plugins compatible for Editor in 1.07 ms, found 2 plugins.
Preloading 0 native plugins for Editor in 0.00 ms.
Mono: successfully reloaded assembly
- Completed reload, in  2.105 seconds
Platform modules already initialized, skipping
Shader 'Universal Render Pipeline/Particles/Lit': fallback shader 'Universal Render Pipeline/Particles/SimpleLit' not found
Refreshing native plugins compatible for Editor in 1.50 ms, found 2 plugins.
Preloading 0 native plugins for Editor in 0.00 ms.
Unloading 3383 Unused Serialized files (Serialized files now loaded: 0)
System memory in use before: 157.4 MB.
System memory in use after: 157.7 MB.

Unloading 20 unused Assets to reduce memory usage. Loaded Objects now: 4050.
Total: 5.151100 ms (FindLiveObjects: 0.514500 ms CreateObjectMapping: 0.278400 ms MarkObjects: 4.221100 ms  DeleteObjects: 0.135600 ms)

========================================================================
Received Prepare
Registering precompiled user dll's ...
Registered in 0.009628 seconds.
Begin MonoManager ReloadAssembly
Native extension for WindowsStandalone target not found
Refreshing native plugins compatible for Editor in 1.30 ms, found 2 plugins.
Preloading 0 native plugins for Editor in 0.00 ms.
Mono: successfully reloaded assembly
- Completed reload, in  3.007 seconds
Platform modules already initialized, skipping
Shader 'Universal Render Pipeline/Particles/Lit': fallback shader 'Universal Render Pipeline/Particles/SimpleLit' not found
Refreshing native plugins compatible for Editor in 1.49 ms, found 2 plugins.
Preloading 0 native plugins for Editor in 0.00 ms.
Unloading 3383 Unused Serialized files (Serialized files now loaded: 0)
System memory in use before: 157.4 MB.
System memory in use after: 157.7 MB.

Unloading 20 unused Assets to reduce memory usage. Loaded Objects now: 4053.
Total: 9.228900 ms (FindLiveObjects: 0.642400 ms CreateObjectMapping: 0.374600 ms MarkObjects: 7.962400 ms  DeleteObjects: 0.246600 ms)

========================================================================
Received Prepare
Registering precompiled user dll's ...
Registered in 0.014381 seconds.
Begin MonoManager ReloadAssembly
Native extension for WindowsStandalone target not found
Refreshing native plugins compatible for Editor in 1.41 ms, found 2 plugins.
Preloading 0 native plugins for Editor in 0.00 ms.
Mono: successfully reloaded assembly
- Completed reload, in  3.153 seconds
Platform modules already initialized, skipping
Shader 'Universal Render Pipeline/Particles/Lit': fallback shader 'Universal Render Pipeline/Particles/SimpleLit' not found
Refreshing native plugins compatible for Editor in 1.86 ms, found 2 plugins.
Preloading 0 native plugins for Editor in 0.00 ms.
Unloading 3383 Unused Serialized files (Serialized files now loaded: 0)
System memory in use before: 157.5 MB.
System memory in use after: 157.7 MB.

Unloading 20 unused Assets to reduce memory usage. Loaded Objects now: 4056.
Total: 5.669700 ms (FindLiveObjects: 0.558100 ms CreateObjectMapping: 0.326200 ms MarkObjects: 4.590400 ms  DeleteObjects: 0.193300 ms)

========================================================================
Received Prepare
Registering precompiled user dll's ...
Registered in 0.010055 seconds.
Begin MonoManager ReloadAssembly
Native extension for WindowsStandalone target not found
Refreshing native plugins compatible for Editor in 1.31 ms, found 2 plugins.
Preloading 0 native plugins for Editor in 0.00 ms.
Mono: successfully reloaded assembly
- Completed reload, in  2.688 seconds
Platform modules already initialized, skipping
Shader 'Universal Render Pipeline/Particles/Lit': fallback shader 'Universal Render Pipeline/Particles/SimpleLit' not found
Refreshing native plugins compatible for Editor in 1.49 ms, found 2 plugins.
Preloading 0 native plugins for Editor in 0.00 ms.
Unloading 3383 Unused Serialized files (Serialized files now loaded: 0)
System memory in use before: 157.5 MB.
System memory in use after: 157.7 MB.

Unloading 20 unused Assets to reduce memory usage. Loaded Objects now: 4059.
Total: 9.589500 ms (FindLiveObjects: 0.968300 ms CreateObjectMapping: 0.533800 ms MarkObjects: 7.809100 ms  DeleteObjects: 0.273800 ms)

========================================================================
Received Prepare
Registering precompiled user dll's ...
Registered in 0.013309 seconds.
Begin MonoManager ReloadAssembly
Native extension for WindowsStandalone target not found
Refreshing native plugins compatible for Editor in 1.70 ms, found 2 plugins.
Preloading 0 native plugins for Editor in 0.00 ms.
Mono: successfully reloaded assembly
- Completed reload, in  3.124 seconds
Platform modules already initialized, skipping
Shader 'Universal Render Pipeline/Particles/Lit': fallback shader 'Universal Render Pipeline/Particles/SimpleLit' not found
Refreshing native plugins compatible for Editor in 1.53 ms, found 2 plugins.
Preloading 0 native plugins for Editor in 0.00 ms.
Unloading 3383 Unused Serialized files (Serialized files now loaded: 0)
System memory in use before: 157.5 MB.
System memory in use after: 157.7 MB.

Unloading 20 unused Assets to reduce memory usage. Loaded Objects now: 4062.
Total: 7.700000 ms (FindLiveObjects: 0.894900 ms CreateObjectMapping: 0.393700 ms MarkObjects: 6.189900 ms  DeleteObjects: 0.218200 ms)

========================================================================
Received Prepare
Registering precompiled user dll's ...
Registered in 0.012728 seconds.
Begin MonoManager ReloadAssembly
Native extension for WindowsStandalone target not found
Refreshing native plugins compatible for Editor in 1.39 ms, found 2 plugins.
Preloading 0 native plugins for Editor in 0.00 ms.
Mono: successfully reloaded assembly
- Completed reload, in  3.558 seconds
Platform modules already initialized, skipping
Shader 'Universal Render Pipeline/Particles/Lit': fallback shader 'Universal Render Pipeline/Particles/SimpleLit' not found
Refreshing native plugins compatible for Editor in 1.82 ms, found 2 plugins.
Preloading 0 native plugins for Editor in 0.00 ms.
Unloading 3383 Unused Serialized files (Serialized files now loaded: 0)
System memory in use before: 157.5 MB.
System memory in use after: 157.7 MB.

Unloading 20 unused Assets to reduce memory usage. Loaded Objects now: 4065.
Total: 8.966500 ms (FindLiveObjects: 1.036700 ms CreateObjectMapping: 0.584400 ms MarkObjects: 7.120900 ms  DeleteObjects: 0.221100 ms)

========================================================================
Received Prepare
Registering precompiled user dll's ...
Registered in 0.010159 seconds.
Begin MonoManager ReloadAssembly
Native extension for WindowsStandalone target not found
Refreshing native plugins compatible for Editor in 1.06 ms, found 2 plugins.
Preloading 0 native plugins for Editor in 0.00 ms.
Mono: successfully reloaded assembly
- Completed reload, in  2.975 seconds
Platform modules already initialized, skipping
Shader 'Universal Render Pipeline/Particles/Lit': fallback shader 'Universal Render Pipeline/Particles/SimpleLit' not found
Refreshing native plugins compatible for Editor in 1.81 ms, found 2 plugins.
Preloading 0 native plugins for Editor in 0.00 ms.
Unloading 3383 Unused Serialized files (Serialized files now loaded: 0)
System memory in use before: 157.5 MB.
System memory in use after: 157.7 MB.

Unloading 20 unused Assets to reduce memory usage. Loaded Objects now: 4068.
Total: 9.894300 ms (FindLiveObjects: 0.884700 ms CreateObjectMapping: 0.448600 ms MarkObjects: 8.256900 ms  DeleteObjects: 0.301100 ms)

========================================================================
Received Prepare
Registering precompiled user dll's ...
Registered in 0.013533 seconds.
Begin MonoManager ReloadAssembly
Native extension for WindowsStandalone target not found
Refreshing native plugins compatible for Editor in 2.20 ms, found 2 plugins.
Preloading 0 native plugins for Editor in 0.00 ms.
Mono: successfully reloaded assembly
- Completed reload, in  3.103 seconds
Platform modules already initialized, skipping
Shader 'Universal Render Pipeline/Particles/Lit': fallback shader 'Universal Render Pipeline/Particles/SimpleLit' not found
Refreshing native plugins compatible for Editor in 1.61 ms, found 2 plugins.
Preloading 0 native plugins for Editor in 0.00 ms.
Unloading 3383 Unused Serialized files (Serialized files now loaded: 0)
System memory in use before: 157.5 MB.
System memory in use after: 157.7 MB.

Unloading 20 unused Assets to reduce memory usage. Loaded Objects now: 4071.
Total: 6.315100 ms (FindLiveObjects: 0.829800 ms CreateObjectMapping: 0.525100 ms MarkObjects: 4.786900 ms  DeleteObjects: 0.170400 ms)

========================================================================
Received Prepare
Registering precompiled user dll's ...
Registered in 0.012176 seconds.
Begin MonoManager ReloadAssembly
Native extension for WindowsStandalone target not found
Refreshing native plugins compatible for Editor in 1.22 ms, found 2 plugins.
Preloading 0 native plugins for Editor in 0.00 ms.
Mono: successfully reloaded assembly
- Completed reload, in  3.154 seconds
Platform modules already initialized, skipping
Shader 'Universal Render Pipeline/Particles/Lit': fallback shader 'Universal Render Pipeline/Particles/SimpleLit' not found
Refreshing native plugins compatible for Editor in 1.67 ms, found 2 plugins.
Preloading 0 native plugins for Editor in 0.00 ms.
Unloading 3383 Unused Serialized files (Serialized files now loaded: 0)
System memory in use before: 157.5 MB.
System memory in use after: 157.7 MB.

Unloading 20 unused Assets to reduce memory usage. Loaded Objects now: 4074.
Total: 11.264700 ms (FindLiveObjects: 0.892100 ms CreateObjectMapping: 0.572500 ms MarkObjects: 9.506200 ms  DeleteObjects: 0.290100 ms)

========================================================================
Received Prepare
Registering precompiled user dll's ...
Registered in 0.020155 seconds.
Begin MonoManager ReloadAssembly
Native extension for WindowsStandalone target not found
Refreshing native plugins compatible for Editor in 1.39 ms, found 2 plugins.
Preloading 0 native plugins for Editor in 0.00 ms.
Mono: successfully reloaded assembly
- Completed reload, in  3.313 seconds
Platform modules already initialized, skipping
Shader 'Universal Render Pipeline/Particles/Lit': fallback shader 'Universal Render Pipeline/Particles/SimpleLit' not found
Refreshing native plugins compatible for Editor in 1.43 ms, found 2 plugins.
Preloading 0 native plugins for Editor in 0.00 ms.
Unloading 3383 Unused Serialized files (Serialized files now loaded: 0)
System memory in use before: 157.5 MB.
System memory in use after: 157.7 MB.

Unloading 20 unused Assets to reduce memory usage. Loaded Objects now: 4077.
Total: 5.479700 ms (FindLiveObjects: 0.532400 ms CreateObjectMapping: 0.435000 ms MarkObjects: 4.361600 ms  DeleteObjects: 0.149000 ms)

========================================================================
Received Prepare
Registering precompiled user dll's ...
Registered in 0.014052 seconds.
Begin MonoManager ReloadAssembly
Native extension for WindowsStandalone target not found
Refreshing native plugins compatible for Editor in 1.20 ms, found 2 plugins.
Preloading 0 native plugins for Editor in 0.00 ms.
Mono: successfully reloaded assembly
- Completed reload, in  3.508 seconds
Platform modules already initialized, skipping
Shader 'Universal Render Pipeline/Particles/Lit': fallback shader 'Universal Render Pipeline/Particles/SimpleLit' not found
Refreshing native plugins compatible for Editor in 1.58 ms, found 2 plugins.
Preloading 0 native plugins for Editor in 0.00 ms.
Unloading 3382 Unused Serialized files (Serialized files now loaded: 0)
System memory in use before: 157.5 MB.
System memory in use after: 157.7 MB.

Unloading 21 unused Assets to reduce memory usage. Loaded Objects now: 4079.
Total: 9.024100 ms (FindLiveObjects: 0.758100 ms CreateObjectMapping: 0.486100 ms MarkObjects: 7.521000 ms  DeleteObjects: 0.256200 ms)

========================================================================
Received Prepare
Registering precompiled user dll's ...
Registered in 0.010633 seconds.
Begin MonoManager ReloadAssembly
Native extension for WindowsStandalone target not found
Refreshing native plugins compatible for Editor in 1.04 ms, found 2 plugins.
Preloading 0 native plugins for Editor in 0.00 ms.
Mono: successfully reloaded assembly
- Completed reload, in  2.895 seconds
Platform modules already initialized, skipping
Shader 'Universal Render Pipeline/Particles/Lit': fallback shader 'Universal Render Pipeline/Particles/SimpleLit' not found
Refreshing native plugins compatible for Editor in 1.94 ms, found 2 plugins.
Preloading 0 native plugins for Editor in 0.00 ms.
Unloading 3382 Unused Serialized files (Serialized files now loaded: 0)
System memory in use before: 157.5 MB.
System memory in use after: 157.7 MB.

Unloading 20 unused Assets to reduce memory usage. Loaded Objects now: 4082.
Total: 7.952700 ms (FindLiveObjects: 0.796800 ms CreateObjectMapping: 0.560300 ms MarkObjects: 6.371700 ms  DeleteObjects: 0.220600 ms)

========================================================================
Received Prepare
Registering precompiled user dll's ...
Registered in 0.009902 seconds.
Begin MonoManager ReloadAssembly
Native extension for WindowsStandalone target not found
Refreshing native plugins compatible for Editor in 1.25 ms, found 2 plugins.
Preloading 0 native plugins for Editor in 0.00 ms.
Mono: successfully reloaded assembly
- Completed reload, in  3.355 seconds
Platform modules already initialized, skipping
Shader 'Universal Render Pipeline/Particles/Lit': fallback shader 'Universal Render Pipeline/Particles/SimpleLit' not found
Refreshing native plugins compatible for Editor in 2.06 ms, found 2 plugins.
Preloading 0 native plugins for Editor in 0.00 ms.
Unloading 3382 Unused Serialized files (Serialized files now loaded: 0)
System memory in use before: 157.5 MB.
System memory in use after: 157.7 MB.

Unloading 20 unused Assets to reduce memory usage. Loaded Objects now: 4085.
Total: 14.393700 ms (FindLiveObjects: 1.237600 ms CreateObjectMapping: 0.713900 ms MarkObjects: 12.092000 ms  DeleteObjects: 0.346500 ms)

========================================================================
Received Prepare
Registering precompiled user dll's ...
Registered in 0.014214 seconds.
Begin MonoManager ReloadAssembly
Native extension for WindowsStandalone target not found
Refreshing native plugins compatible for Editor in 1.25 ms, found 2 plugins.
Preloading 0 native plugins for Editor in 0.00 ms.
Mono: successfully reloaded assembly
- Completed reload, in  3.517 seconds
Platform modules already initialized, skipping
Shader 'Universal Render Pipeline/Particles/Lit': fallback shader 'Universal Render Pipeline/Particles/SimpleLit' not found
Refreshing native plugins compatible for Editor in 1.81 ms, found 2 plugins.
Preloading 0 native plugins for Editor in 0.00 ms.
Unloading 3382 Unused Serialized files (Serialized files now loaded: 0)
System memory in use before: 157.5 MB.
System memory in use after: 157.7 MB.

Unloading 20 unused Assets to reduce memory usage. Loaded Objects now: 4088.
Total: 12.724800 ms (FindLiveObjects: 1.160000 ms CreateObjectMapping: 0.665500 ms MarkObjects: 10.549300 ms  DeleteObjects: 0.345300 ms)

========================================================================
Received Import Request.
  Time since last request: 2436.152154 seconds.
  path: Assets/Scripts/Managers/LocalizationSetter.cs
  artifactKey: Guid(4cceea019bb83aa44ad51f3ff87cc3c1) Importer(815301076,1909f56bfc062723c751e8b465ee728b)
Start importing Assets/Scripts/Managers/LocalizationSetter.cs using Guid(4cceea019bb83aa44ad51f3ff87cc3c1) Importer(815301076,1909f56bfc062723c751e8b465ee728b)  -> (artifact id: '2588444cd92b96f365720dc6499e0710') in 0.023563 seconds
  Import took 0.055556 seconds .

========================================================================
Received Import Request.
  Time since last request: 68.160109 seconds.
  path: Assets/Scripts/Managers/LocalizationSetter.cs
  artifactKey: Guid(4cceea019bb83aa44ad51f3ff87cc3c1) Importer(815301076,1909f56bfc062723c751e8b465ee728b)
Start importing Assets/Scripts/Managers/LocalizationSetter.cs using Guid(4cceea019bb83aa44ad51f3ff87cc3c1) Importer(815301076,1909f56bfc062723c751e8b465ee728b)  -> (artifact id: 'eac89c067b4bc7fc004d7e1610523579') in 0.005125 seconds
  Import took 0.074982 seconds .

========================================================================
Received Prepare
Registering precompiled user dll's ...
Registered in 0.017728 seconds.
Begin MonoManager ReloadAssembly
Native extension for WindowsStandalone target not found
Refreshing native plugins compatible for Editor in 1.27 ms, found 2 plugins.
Preloading 0 native plugins for Editor in 0.00 ms.
Mono: successfully reloaded assembly
- Completed reload, in  3.325 seconds
Platform modules already initialized, skipping
Shader 'Universal Render Pipeline/Particles/Lit': fallback shader 'Universal Render Pipeline/Particles/SimpleLit' not found
Refreshing native plugins compatible for Editor in 1.62 ms, found 2 plugins.
Preloading 0 native plugins for Editor in 0.00 ms.
Unloading 3382 Unused Serialized files (Serialized files now loaded: 0)
System memory in use before: 157.5 MB.
System memory in use after: 157.7 MB.

Unloading 20 unused Assets to reduce memory usage. Loaded Objects now: 4091.
Total: 8.891400 ms (FindLiveObjects: 0.897300 ms CreateObjectMapping: 0.586900 ms MarkObjects: 7.189500 ms  DeleteObjects: 0.215200 ms)

========================================================================
Received Prepare
Registering precompiled user dll's ...
Registered in 0.013073 seconds.
Begin MonoManager ReloadAssembly
Native extension for WindowsStandalone target not found
Refreshing native plugins compatible for Editor in 1.22 ms, found 2 plugins.
Preloading 0 native plugins for Editor in 0.00 ms.
Mono: successfully reloaded assembly
- Completed reload, in  3.157 seconds
Platform modules already initialized, skipping
Shader 'Universal Render Pipeline/Particles/Lit': fallback shader 'Universal Render Pipeline/Particles/SimpleLit' not found
Refreshing native plugins compatible for Editor in 1.77 ms, found 2 plugins.
Preloading 0 native plugins for Editor in 0.00 ms.
Unloading 3382 Unused Serialized files (Serialized files now loaded: 0)
System memory in use before: 157.5 MB.
System memory in use after: 157.8 MB.

Unloading 20 unused Assets to reduce memory usage. Loaded Objects now: 4094.
Total: 6.249200 ms (FindLiveObjects: 0.775300 ms CreateObjectMapping: 0.313500 ms MarkObjects: 4.986500 ms  DeleteObjects: 0.171800 ms)

========================================================================
Received Prepare
Registering precompiled user dll's ...
Registered in 0.013557 seconds.
Begin MonoManager ReloadAssembly
Native extension for WindowsStandalone target not found
Refreshing native plugins compatible for Editor in 1.44 ms, found 2 plugins.
Preloading 0 native plugins for Editor in 0.00 ms.
Mono: successfully reloaded assembly
- Completed reload, in  3.281 seconds
Platform modules already initialized, skipping
Shader 'Universal Render Pipeline/Particles/Lit': fallback shader 'Universal Render Pipeline/Particles/SimpleLit' not found
Refreshing native plugins compatible for Editor in 1.44 ms, found 2 plugins.
Preloading 0 native plugins for Editor in 0.00 ms.
Unloading 3382 Unused Serialized files (Serialized files now loaded: 0)
System memory in use before: 157.5 MB.
System memory in use after: 157.8 MB.

Unloading 20 unused Assets to reduce memory usage. Loaded Objects now: 4097.
Total: 7.477700 ms (FindLiveObjects: 0.685900 ms CreateObjectMapping: 0.389200 ms MarkObjects: 6.197900 ms  DeleteObjects: 0.202300 ms)

AssetImportWorkerClient::OnTransportError - code=2 error=End of file
