Using pre-set license
Built from '2020.3/staging' branch; Version is '2020.3.11f1 (99c7afb366b3) revision 10078127'; Using compiler version '192528614'; Build Type 'Release'
OS: 'Windows 10 Home; OS build 19042.1083; Version 2009; 64bit' Language: 'ru' Physical Memory: 8034 MB
BatchMode: 1, IsHumanControllingUs: 0, StartBugReporterOnCrash: 0, Is64bit: 1, IsPro: 0

 COMMAND LINE ARGUMENTS:
C:\Program Files\Unity\Hub\Editor\2020.3.11f1\Editor\Unity.exe
-adb2
-batchMode
-noUpm
-name
AssetImportWorker2
-projectPath
E:/IT/Games/UnityGames/AmazingMaze3D/Amazing Maze 3D
-logFile
Logs/AssetImportWorker2.log
-srvPort
55903
Successfully changed project path to: E:/IT/Games/UnityGames/AmazingMaze3D/Amazing Maze 3D
E:/IT/Games/UnityGames/AmazingMaze3D/Amazing Maze 3D
Using Asset Import Pipeline V2.
Refreshing native plugins compatible for Editor in 122.64 ms, found 2 plugins.
Preloading 0 native plugins for Editor in 0.00 ms.
Initialize engine version: 2020.3.11f1 (99c7afb366b3)
[Subsystems] Discovering subsystems at path C:/Program Files/Unity/Hub/Editor/2020.3.11f1/Editor/Data/Resources/UnitySubsystems
[Subsystems] Discovering subsystems at path E:/IT/Games/UnityGames/AmazingMaze3D/Amazing Maze 3D/Assets
GfxDevice: creating device client; threaded=0
Direct3D:
    Version:  Direct3D 11.0 [level 11.1]
    Renderer: NVIDIA GeForce GTX 1050 (ID=0x1c91)
    Vendor:   
    VRAM:     2996 MB
    Driver:   27.21.14.6677
Shader 'Universal Render Pipeline/Particles/Lit': fallback shader 'Universal Render Pipeline/Particles/SimpleLit' not found
Initialize mono
Mono path[0] = 'C:/Program Files/Unity/Hub/Editor/2020.3.11f1/Editor/Data/Managed'
Mono path[1] = 'C:/Program Files/Unity/Hub/Editor/2020.3.11f1/Editor/Data/MonoBleedingEdge/lib/mono/unityjit'
Mono config path = 'C:/Program Files/Unity/Hub/Editor/2020.3.11f1/Editor/Data/MonoBleedingEdge/etc'
Using monoOptions --debugger-agent=transport=dt_socket,embedding=1,server=y,suspend=n,address=127.0.0.1:56604
Begin MonoManager ReloadAssembly
Registering precompiled unity dll's ...
Register platform support module: C:/Program Files/Unity/Hub/Editor/2020.3.11f1/Editor/Data/PlaybackEngines/WindowsStandaloneSupport/UnityEditor.WindowsStandalone.Extensions.dll
Registered in 0.002822 seconds.
Native extension for WindowsStandalone target not found
Refreshing native plugins compatible for Editor in 107.92 ms, found 2 plugins.
Preloading 0 native plugins for Editor in 0.00 ms.
Mono: successfully reloaded assembly
- Completed reload, in  1.833 seconds
Platform modules already initialized, skipping
Registering precompiled user dll's ...
Registered in 0.010259 seconds.
Begin MonoManager ReloadAssembly
Native extension for WindowsStandalone target not found
Refreshing native plugins compatible for Editor in 106.31 ms, found 2 plugins.
Preloading 0 native plugins for Editor in 0.00 ms.
Mono: successfully reloaded assembly
- Completed reload, in  2.645 seconds
Platform modules already initialized, skipping
========================================================================
Worker process is ready to serve import requests
Shader 'Universal Render Pipeline/Particles/Lit': fallback shader 'Universal Render Pipeline/Particles/SimpleLit' not found
Launched and connected shader compiler UnityShaderCompiler.exe after 0.22 seconds
Refreshing native plugins compatible for Editor in 1.03 ms, found 2 plugins.
Preloading 0 native plugins for Editor in 0.00 ms.
Unloading 3553 Unused Serialized files (Serialized files now loaded: 0)
System memory in use before: 166.9 MB.
System memory in use after: 167.1 MB.

Unloading 27 unused Assets to reduce memory usage. Loaded Objects now: 4017.
Total: 4.616500 ms (FindLiveObjects: 0.511900 ms CreateObjectMapping: 0.296500 ms MarkObjects: 3.603800 ms  DeleteObjects: 0.203000 ms)

========================================================================
Received Import Request.
  path: Assets/Scripts/Menus/MainMenuUI.cs
  artifactKey: Guid(191998c58a2b794419bfb711f3bef85a) Importer(815301076,1909f56bfc062723c751e8b465ee728b)
Start importing Assets/Scripts/Menus/MainMenuUI.cs using Guid(191998c58a2b794419bfb711f3bef85a) Importer(815301076,1909f56bfc062723c751e8b465ee728b)  -> (artifact id: '6af22a17159faf47b02859b863dd6346') in 0.113787 seconds
  Import took 0.157156 seconds .

========================================================================
Received Prepare
Registering precompiled user dll's ...
Registered in 0.009454 seconds.
Begin MonoManager ReloadAssembly
Loading assembly failed: "Library/ScriptAssemblies/Assembly-CSharp-Editor.dll"

Native extension for WindowsStandalone target not found
Refreshing native plugins compatible for Editor in 0.94 ms, found 2 plugins.
Preloading 0 native plugins for Editor in 0.00 ms.
Mono: successfully reloaded assembly
- Completed reload, in  2.294 seconds
Platform modules already initialized, skipping
Assertion failed on expression: 'reloadOk'

Shader 'Universal Render Pipeline/Particles/Lit': fallback shader 'Universal Render Pipeline/Particles/SimpleLit' not found
Refreshing native plugins compatible for Editor in 1.01 ms, found 2 plugins.
Preloading 0 native plugins for Editor in 0.00 ms.
Unloading 3384 Unused Serialized files (Serialized files now loaded: 0)
System memory in use before: 157.6 MB.
System memory in use after: 157.8 MB.

Unloading 30 unused Assets to reduce memory usage. Loaded Objects now: 4011.
Total: 6.270600 ms (FindLiveObjects: 0.736200 ms CreateObjectMapping: 0.650100 ms MarkObjects: 4.655500 ms  DeleteObjects: 0.226900 ms)

========================================================================
Received Prepare
Registering precompiled user dll's ...
Registered in 0.008115 seconds.
Begin MonoManager ReloadAssembly
Native extension for WindowsStandalone target not found
Refreshing native plugins compatible for Editor in 1.17 ms, found 2 plugins.
Preloading 0 native plugins for Editor in 0.00 ms.
Mono: successfully reloaded assembly
- Completed reload, in  2.130 seconds
Platform modules already initialized, skipping
Shader 'Universal Render Pipeline/Particles/Lit': fallback shader 'Universal Render Pipeline/Particles/SimpleLit' not found
Refreshing native plugins compatible for Editor in 0.91 ms, found 2 plugins.
Preloading 0 native plugins for Editor in 0.00 ms.
Unloading 3384 Unused Serialized files (Serialized files now loaded: 0)
System memory in use before: 157.6 MB.
System memory in use after: 157.8 MB.

Unloading 20 unused Assets to reduce memory usage. Loaded Objects now: 4014.
Total: 4.640300 ms (FindLiveObjects: 0.426800 ms CreateObjectMapping: 0.262700 ms MarkObjects: 3.795200 ms  DeleteObjects: 0.153900 ms)

========================================================================
Received Import Request.
  Time since last request: 1257.628532 seconds.
  path: Assets/Scripts/Menus/MainMenuUI1.cs
  artifactKey: Guid(ca43927b318653048a5832782886a314) Importer(815301076,1909f56bfc062723c751e8b465ee728b)
Start importing Assets/Scripts/Menus/MainMenuUI1.cs using Guid(ca43927b318653048a5832782886a314) Importer(815301076,1909f56bfc062723c751e8b465ee728b)  -> (artifact id: '313771638d3fe86843a6f46d7f0ba0bd') in 0.013409 seconds
  Import took 0.094393 seconds .

========================================================================
Received Import Request.
  Time since last request: 89.238440 seconds.
  path: Assets/Scripts/Menus/MainMenuUI.cs
  artifactKey: Guid(191998c58a2b794419bfb711f3bef85a) Importer(815301076,1909f56bfc062723c751e8b465ee728b)
Start importing Assets/Scripts/Menus/MainMenuUI.cs using Guid(191998c58a2b794419bfb711f3bef85a) Importer(815301076,1909f56bfc062723c751e8b465ee728b)  -> (artifact id: '0c3f40b888e189cf2da4f977afbc3b67') in 0.004394 seconds
  Import took 0.056302 seconds .

========================================================================
Received Prepare
Registering precompiled user dll's ...
Registered in 0.014070 seconds.
Begin MonoManager ReloadAssembly
Native extension for WindowsStandalone target not found
Refreshing native plugins compatible for Editor in 2.70 ms, found 2 plugins.
Preloading 0 native plugins for Editor in 0.00 ms.
Mono: successfully reloaded assembly
- Completed reload, in  3.840 seconds
Platform modules already initialized, skipping
Shader 'Universal Render Pipeline/Particles/Lit': fallback shader 'Universal Render Pipeline/Particles/SimpleLit' not found
Refreshing native plugins compatible for Editor in 1.85 ms, found 2 plugins.
Preloading 0 native plugins for Editor in 0.00 ms.
Unloading 3384 Unused Serialized files (Serialized files now loaded: 0)
System memory in use before: 157.6 MB.
System memory in use after: 157.9 MB.

Unloading 21 unused Assets to reduce memory usage. Loaded Objects now: 4017.
Total: 9.746700 ms (FindLiveObjects: 1.020600 ms CreateObjectMapping: 0.652000 ms MarkObjects: 7.771700 ms  DeleteObjects: 0.298800 ms)

========================================================================
Received Prepare
Registering precompiled user dll's ...
Registered in 0.017421 seconds.
Begin MonoManager ReloadAssembly
Native extension for WindowsStandalone target not found
Refreshing native plugins compatible for Editor in 1.11 ms, found 2 plugins.
Preloading 0 native plugins for Editor in 0.00 ms.
Mono: successfully reloaded assembly
- Completed reload, in  3.054 seconds
Platform modules already initialized, skipping
Shader 'Universal Render Pipeline/Particles/Lit': fallback shader 'Universal Render Pipeline/Particles/SimpleLit' not found
Refreshing native plugins compatible for Editor in 2.58 ms, found 2 plugins.
Preloading 0 native plugins for Editor in 0.00 ms.
Unloading 3384 Unused Serialized files (Serialized files now loaded: 0)
System memory in use before: 157.7 MB.
System memory in use after: 157.9 MB.

Unloading 20 unused Assets to reduce memory usage. Loaded Objects now: 4020.
Total: 13.353700 ms (FindLiveObjects: 1.151100 ms CreateObjectMapping: 0.626200 ms MarkObjects: 11.073700 ms  DeleteObjects: 0.498300 ms)

========================================================================
Received Prepare
Registering precompiled user dll's ...
Registered in 0.019246 seconds.
Begin MonoManager ReloadAssembly
Native extension for WindowsStandalone target not found
Refreshing native plugins compatible for Editor in 1.16 ms, found 2 plugins.
Preloading 0 native plugins for Editor in 0.00 ms.
Mono: successfully reloaded assembly
- Completed reload, in  4.461 seconds
Platform modules already initialized, skipping
Shader 'Universal Render Pipeline/Particles/Lit': fallback shader 'Universal Render Pipeline/Particles/SimpleLit' not found
Refreshing native plugins compatible for Editor in 1.44 ms, found 2 plugins.
Preloading 0 native plugins for Editor in 0.00 ms.
Unloading 3394 Unused Serialized files (Serialized files now loaded: 0)
System memory in use before: 158.0 MB.
System memory in use after: 158.2 MB.

Unloading 23 unused Assets to reduce memory usage. Loaded Objects now: 4032.
Total: 7.690600 ms (FindLiveObjects: 0.622500 ms CreateObjectMapping: 0.351100 ms MarkObjects: 6.418600 ms  DeleteObjects: 0.294900 ms)

